,1999,1
,2000,1
,2001,2
,2002,1
,2003,2
,2004,3
,2005,28
,2006,351
,2013,74
BRONX,99,109
BRONX,1015,1
BRONX,1908,1
BRONX,1910,2
BRONX,1911,4
BRONX,1912,2
BRONX,1913,1
BRONX,1914,4
BRONX,1920,3
BRONX,1929,1
BRONX,1930,1
BRONX,1955,1
BRONX,1960,1
BRONX,1962,1
BRONX,1966,11
BRONX,1967,5
BRONX,1968,2
BRONX,1970,2
BRONX,1972,2
BRONX,1973,2
BRONX,1974,5
BRONX,1976,1
BRONX,1977,1
BRONX,1978,1
BRONX,1980,6
BRONX,1981,1
BRONX,1984,2
BRONX,1985,7
BRONX,1986,10
BRONX,1987,2
BRONX,1988,2
BRONX,1989,7
BRONX,1990,11
BRONX,1991,7
BRONX,1992,12
BRONX,1993,3
BRONX,1994,9
BRONX,1995,18
BRONX,1996,28
BRONX,1997,26
BRONX,1998,47
BRONX,1999,61
BRONX,2000,197
BRONX,2001,218
BRONX,2002,212
BRONX,2003,307
BRONX,2004,408
BRONX,2005,1984
BRONX,2006,114329
BRONX,2007,117561
BRONX,2008,114235
BRONX,2009,112795
BRONX,2010,112169
BRONX,2011,108765
BRONX,2012,106883
BRONX,2013,104062
BRONX,2014,106016
BRONX,2015,102950
BROOKLYN,99,212
BROOKLYN,1015,2
BROOKLYN,1900,2
BROOKLYN,1906,1
BROOKLYN,1909,2
BROOKLYN,1910,3
BROOKLYN,1911,1
BROOKLYN,1912,2
BROOKLYN,1913,3
BROOKLYN,1914,1
BROOKLYN,1915,4
BROOKLYN,1919,1
BROOKLYN,1920,2
BROOKLYN,1922,1
BROOKLYN,1940,1
BROOKLYN,1945,1
BROOKLYN,1950,1
BROOKLYN,1954,1
BROOKLYN,1955,2
BROOKLYN,1959,2
BROOKLYN,1960,2
BROOKLYN,1962,2
BROOKLYN,1964,1
BROOKLYN,1965,2
BROOKLYN,1966,7
BROOKLYN,1967,3
BROOKLYN,1968,3
BROOKLYN,1969,1
BROOKLYN,1970,3
BROOKLYN,1971,2
BROOKLYN,1972,1
BROOKLYN,1973,1
BROOKLYN,1974,2
BROOKLYN,1975,2
BROOKLYN,1976,1
BROOKLYN,1977,1
BROOKLYN,1979,5
BROOKLYN,1980,3
BROOKLYN,1981,1
BROOKLYN,1982,4
BROOKLYN,1983,2
BROOKLYN,1984,3
BROOKLYN,1985,4
BROOKLYN,1986,7
BROOKLYN,1987,5
BROOKLYN,1988,6
BROOKLYN,1989,7
BROOKLYN,1990,16
BROOKLYN,1991,10
BROOKLYN,1992,16
BROOKLYN,1993,15
BROOKLYN,1994,25
BROOKLYN,1995,27
BROOKLYN,1996,39
BROOKLYN,1997,53
BROOKLYN,1998,82
BROOKLYN,1999,109
BROOKLYN,2000,282
BROOKLYN,2001,339
BROOKLYN,2002,388
BROOKLYN,2003,548
BROOKLYN,2004,666
BROOKLYN,2005,3292
BROOKLYN,2006,160029
BROOKLYN,2007,156347
BROOKLYN,2008,155913
BROOKLYN,2009,150487
BROOKLYN,2010,152342
BROOKLYN,2011,151808
BROOKLYN,2012,154691
BROOKLYN,2013,149559
BROOKLYN,2014,148453
BROOKLYN,2015,140351
MANHATTAN,99,142
MANHATTAN,1015,2
MANHATTAN,1900,3
MANHATTAN,1905,1
MANHATTAN,1908,1
MANHATTAN,1909,1
MANHATTAN,1910,1
MANHATTAN,1912,5
MANHATTAN,1913,2
MANHATTAN,1914,2
MANHATTAN,1915,1
MANHATTAN,1920,1
MANHATTAN,1938,1
MANHATTAN,1941,1
MANHATTAN,1946,1
MANHATTAN,1950,1
MANHATTAN,1956,1
MANHATTAN,1958,1
MANHATTAN,1960,4
MANHATTAN,1965,2
MANHATTAN,1966,6
MANHATTAN,1967,1
MANHATTAN,1968,4
MANHATTAN,1969,2
MANHATTAN,1972,1
MANHATTAN,1973,2
MANHATTAN,1974,2
MANHATTAN,1975,4
MANHATTAN,1976,1
MANHATTAN,1977,5
MANHATTAN,1978,3
MANHATTAN,1979,3
MANHATTAN,1980,3
MANHATTAN,1981,2
MANHATTAN,1982,1
MANHATTAN,1984,1
MANHATTAN,1985,3
MANHATTAN,1986,2
MANHATTAN,1987,1
MANHATTAN,1988,3
MANHATTAN,1989,5
MANHATTAN,1990,2
MANHATTAN,1991,4
MANHATTAN,1992,8
MANHATTAN,1993,11
MANHATTAN,1994,9
MANHATTAN,1995,11
MANHATTAN,1996,19
MANHATTAN,1997,19
MANHATTAN,1998,36
MANHATTAN,1999,63
MANHATTAN,2000,171
MANHATTAN,2001,203
MANHATTAN,2002,186
MANHATTAN,2003,300
MANHATTAN,2004,461
MANHATTAN,2005,2579
MANHATTAN,2006,129603
MANHATTAN,2007,130743
MANHATTAN,2008,128380
MANHATTAN,2009,124574
MANHATTAN,2010,121669
MANHATTAN,2011,115687
MANHATTAN,2012,119863
MANHATTAN,2013,117743
MANHATTAN,2014,113096
MANHATTAN,2015,110580
QUEENS,99,170
QUEENS,1015,2
QUEENS,1905,1
QUEENS,1908,1
QUEENS,1910,3
QUEENS,1911,2
QUEENS,1913,3
QUEENS,1914,3
QUEENS,1915,2
QUEENS,1941,1
QUEENS,1942,1
QUEENS,1945,1
QUEENS,1948,1
QUEENS,1950,1
QUEENS,1954,1
QUEENS,1961,1
QUEENS,1965,1
QUEENS,1966,1
QUEENS,1967,1
QUEENS,1969,3
QUEENS,1971,1
QUEENS,1973,1
QUEENS,1975,2
QUEENS,1977,1
QUEENS,1979,1
QUEENS,1981,2
QUEENS,1982,2
QUEENS,1983,1
QUEENS,1985,3
QUEENS,1986,8
QUEENS,1987,3
QUEENS,1988,4
QUEENS,1989,4
QUEENS,1990,5
QUEENS,1991,5
QUEENS,1992,6
QUEENS,1993,11
QUEENS,1994,13
QUEENS,1995,16
QUEENS,1996,27
QUEENS,1997,25
QUEENS,1998,42
QUEENS,1999,84
QUEENS,2000,209
QUEENS,2001,168
QUEENS,2002,207
QUEENS,2003,305
QUEENS,2004,436
QUEENS,2005,2330
QUEENS,2006,107170
QUEENS,2007,106394
QUEENS,2008,103266
QUEENS,2009,98917
QUEENS,2010,99436
QUEENS,2011,98641
QUEENS,2012,99080
QUEENS,2013,100908
QUEENS,2014,100087
QUEENS,2015,92981
STATEN ISLAND,99,22
STATEN ISLAND,1942,1
STATEN ISLAND,1960,1
STATEN ISLAND,1966,1
STATEN ISLAND,1967,3
STATEN ISLAND,1968,1
STATEN ISLAND,1970,1
STATEN ISLAND,1972,1
STATEN ISLAND,1973,1
STATEN ISLAND,1978,1
STATEN ISLAND,1980,1
STATEN ISLAND,1981,2
STATEN ISLAND,1984,1
STATEN ISLAND,1985,1
STATEN ISLAND,1987,1
STATEN ISLAND,1988,1
STATEN ISLAND,1991,1
STATEN ISLAND,1992,2
STATEN ISLAND,1993,2
STATEN ISLAND,1994,7
STATEN ISLAND,1995,1
STATEN ISLAND,1996,7
STATEN ISLAND,1997,8
STATEN ISLAND,1998,9
STATEN ISLAND,1999,16
STATEN ISLAND,2000,42
STATEN ISLAND,2001,56
STATEN ISLAND,2002,45
STATEN ISLAND,2003,73
STATEN ISLAND,2004,121
STATEN ISLAND,2005,554
STATEN ISLAND,2006,27542
STATEN ISLAND,2007,26156
STATEN ISLAND,2008,26881
STATEN ISLAND,2009,24173
STATEN ISLAND,2010,24109
STATEN ISLAND,2011,23297
STATEN ISLAND,2012,23611
STATEN ISLAND,2013,22612
STATEN ISLAND,2014,22711
STATEN ISLAND,2015,21714
