,0,25
,1,15
,2,15
,3,4
,4,14
,5,6
,6,3
,7,8
,8,20
,9,21
,10,18
,11,16
,12,39
,13,20
,14,17
,15,27
,16,26
,17,23
,18,27
,19,25
,20,28
,21,21
,22,23
,23,22
BRONX,0,51439
BRONX,1,37546
BRONX,2,28162
BRONX,3,22826
BRONX,4,19832
BRONX,5,15498
BRONX,6,16055
BRONX,7,22796
BRONX,8,35552
BRONX,9,37940
BRONX,10,39308
BRONX,11,42843
BRONX,12,54619
BRONX,13,51605
BRONX,14,59273
BRONX,15,68516
BRONX,16,63680
BRONX,17,63057
BRONX,18,66507
BRONX,19,66966
BRONX,20,66455
BRONX,21,61518
BRONX,22,58581
BRONX,23,52770
BRONX,24,161
BRONX,99,9
BROOKLYN,0,77166
BROOKLYN,1,52149
BROOKLYN,2,40816
BROOKLYN,3,33151
BROOKLYN,4,28273
BROOKLYN,5,21331
BROOKLYN,6,23002
BROOKLYN,7,32109
BROOKLYN,8,53270
BROOKLYN,9,57069
BROOKLYN,10,58516
BROOKLYN,11,59721
BROOKLYN,12,82124
BROOKLYN,13,69881
BROOKLYN,14,79028
BROOKLYN,15,90460
BROOKLYN,16,85274
BROOKLYN,17,85257
BROOKLYN,18,88354
BROOKLYN,19,87000
BROOKLYN,20,89496
BROOKLYN,21,82963
BROOKLYN,22,77982
BROOKLYN,23,71557
BROOKLYN,24,247
BROOKLYN,99,17
MANHATTAN,0,54230
MANHATTAN,1,44320
MANHATTAN,2,37401
MANHATTAN,3,32691
MANHATTAN,4,27214
MANHATTAN,5,15818
MANHATTAN,6,14265
MANHATTAN,7,20271
MANHATTAN,8,36640
MANHATTAN,9,45430
MANHATTAN,10,45423
MANHATTAN,11,48042
MANHATTAN,12,70657
MANHATTAN,13,62984
MANHATTAN,14,69684
MANHATTAN,15,77694
MANHATTAN,16,75213
MANHATTAN,17,74646
MANHATTAN,18,74535
MANHATTAN,19,69389
MANHATTAN,20,63234
MANHATTAN,21,55029
MANHATTAN,22,51172
MANHATTAN,23,49996
MANHATTAN,24,259
MANHATTAN,99,12
QUEENS,0,47451
QUEENS,1,34720
QUEENS,2,28492
QUEENS,3,25091
QUEENS,4,24460
QUEENS,5,16553
QUEENS,6,16668
QUEENS,7,24271
QUEENS,8,36320
QUEENS,9,38650
QUEENS,10,41011
QUEENS,11,38953
QUEENS,12,57542
QUEENS,13,44215
QUEENS,14,50996
QUEENS,15,57706
QUEENS,16,53992
QUEENS,17,54666
QUEENS,18,56868
QUEENS,19,55186
QUEENS,20,56468
QUEENS,21,52700
QUEENS,22,50624
QUEENS,23,47208
QUEENS,24,182
QUEENS,99,9
STATEN ISLAND,0,12048
STATEN ISLAND,1,8118
STATEN ISLAND,2,6304
STATEN ISLAND,3,4854
STATEN ISLAND,4,3848
STATEN ISLAND,5,2862
STATEN ISLAND,6,3144
STATEN ISLAND,7,5169
STATEN ISLAND,8,8660
STATEN ISLAND,9,9194
STATEN ISLAND,10,10071
STATEN ISLAND,11,9610
STATEN ISLAND,12,15071
STATEN ISLAND,13,11248
STATEN ISLAND,14,12978
STATEN ISLAND,15,14230
STATEN ISLAND,16,13104
STATEN ISLAND,17,13400
STATEN ISLAND,18,14147
STATEN ISLAND,19,13763
STATEN ISLAND,20,14537
STATEN ISLAND,21,12851
STATEN ISLAND,22,12982
STATEN ISLAND,23,11542
STATEN ISLAND,24,54
STATEN ISLAND,99,1
