101, 'MURDER & NON-NEGL. MANSLAUGHTER', -9, 4574
102, 'HOMICIDE-NEGLIGENT-VEHICLE', 121, 15
102, 'HOMICIDE-NEGLIGENT-VEHICLE', 122, 78
103, 'HOMICIDE-NEGLIGENT UNCLASSIFIE', 125, 33
104, 'RAPE', 153, 1821
104, 'RAPE', 155, 1605
104, 'RAPE', 157, 8939
104, 'RAPE', 159, 1426
105, '', 419, 2
105, 'ROBBERY', 360, 396
105, 'ROBBERY', 361, 3104
105, 'ROBBERY', 363, 333
105, 'ROBBERY', 365, 195
105, 'ROBBERY', 366, 1455
105, 'ROBBERY', 367, 2930
105, 'ROBBERY', 371, 231
105, 'ROBBERY', 373, 55
105, 'ROBBERY', 375, 998
105, 'ROBBERY', 377, 2189
105, 'ROBBERY', 379, 807
105, 'ROBBERY', 380, 1797
105, 'ROBBERY', 381, 28
105, 'ROBBERY', 382, 5121
105, 'ROBBERY', 384, 8410
105, 'ROBBERY', 385, 164
105, 'ROBBERY', 386, 21717
105, 'ROBBERY', 387, 2
105, 'ROBBERY', 388, 17410
105, 'ROBBERY', 389, 6367
105, 'ROBBERY', 390, 2693
105, 'ROBBERY', 391, 1554
105, 'ROBBERY', 392, 1885
105, 'ROBBERY', 393, 185
105, 'ROBBERY', 394, 10
105, 'ROBBERY', 395, 597
105, 'ROBBERY', 396, 3
105, 'ROBBERY', 397, 99644
105, 'ROBBERY', 398, 6745
105, 'ROBBERY', 399, 11747
106, '', 101, 3
106, '', 186, 10
106, '', 321, 1
106, '', 639, 1
106, '', 749, 2
106, '', 759, 29
106, '', 779, 9
106, 'FELONY ASSAULT', 105, 11648
106, 'FELONY ASSAULT', 106, 18376
106, 'FELONY ASSAULT', 109, 154045
107, '', 339, 1
107, 'BURGLARY', 211, 12389
107, 'BURGLARY', 213, 23739
107, 'BURGLARY', 214, 4387
107, 'BURGLARY', 221, 82516
107, 'BURGLARY', 223, 40815
107, 'BURGLARY', 224, 14122
107, 'BURGLARY', 231, 4908
107, 'BURGLARY', 233, 2539
107, 'BURGLARY', 234, 642
107, 'BURGLARY', 241, 1449
107, 'BURGLARY', 243, 2528
107, 'BURGLARY', 244, 1372
109, '', 305, 1
109, '', 338, 1
109, '', 441, 2
109, '', 718, 1
109, '', 739, 1
109, '', 749, 2
109, '', 759, 1
109, 'GRAND LARCENY', 401, 7710
109, 'GRAND LARCENY', 402, 2354
109, 'GRAND LARCENY', 403, 15186
109, 'GRAND LARCENY', 404, 5369
109, 'GRAND LARCENY', 405, 42891
109, 'GRAND LARCENY', 406, 3752
109, 'GRAND LARCENY', 407, 6692
109, 'GRAND LARCENY', 408, 1521
109, 'GRAND LARCENY', 409, 2105
109, 'GRAND LARCENY', 410, 3022
109, 'GRAND LARCENY', 411, 3088
109, 'GRAND LARCENY', 412, 6332
109, 'GRAND LARCENY', 413, 3363
109, 'GRAND LARCENY', 414, 3073
109, 'GRAND LARCENY', 415, 13510
109, 'GRAND LARCENY', 416, 2447
109, 'GRAND LARCENY', 417, 8547
109, 'GRAND LARCENY', 418, 2341
109, 'GRAND LARCENY', 419, 49613
109, 'GRAND LARCENY', 420, 3138
109, 'GRAND LARCENY', 421, 48550
109, 'GRAND LARCENY', 422, 3828
109, 'GRAND LARCENY', 423, 118
109, 'GRAND LARCENY', 424, 4140
109, 'GRAND LARCENY', 425, 3070
109, 'GRAND LARCENY', 426, 455
109, 'GRAND LARCENY', 427, 4
109, 'GRAND LARCENY', 428, 672
109, 'GRAND LARCENY', 429, 51
109, 'GRAND LARCENY', 430, 1419
109, 'GRAND LARCENY', 431, 168
109, 'GRAND LARCENY', 432, 704
109, 'GRAND LARCENY', 433, 12426
109, 'GRAND LARCENY', 434, 138
109, 'GRAND LARCENY', 435, 692
109, 'GRAND LARCENY', 436, 15
109, 'GRAND LARCENY', 437, 1348
109, 'GRAND LARCENY', 438, 121738
109, 'GRAND LARCENY', 439, 26652
109, 'GRAND LARCENY', 443, 3137
109, 'GRAND LARCENY', 445, 58
109, 'GRAND LARCENY', 447, 260
109, 'GRAND LARCENY', 457, 13499
110, 'GRAND LARCENY OF MOTOR VEHICLE', 441, 91881
110, 'GRAND LARCENY OF MOTOR VEHICLE', 442, 1184
110, 'GRAND LARCENY OF MOTOR VEHICLE', 450, 380
110, 'GRAND LARCENY OF MOTOR VEHICLE', 451, 7520
110, 'GRAND LARCENY OF MOTOR VEHICLE', 455, 1096
111, '', 491, 1
111, 'POSSESSION OF STOLEN PROPERTY', 493, 1819
111, 'POSSESSION OF STOLEN PROPERTY', 494, 7046
111, 'POSSESSION OF STOLEN PROPERTY', 498, 247
112, '', 405, 1
112, '', 718, 2
112, '', 749, 2
112, '', 759, 1
112, 'THEFT-FRAUD', 489, 1785
112, 'THEFT-FRAUD', 739, 54562
112, 'THEFT-FRAUD', 772, 384
112, 'THEFT-FRAUD', 775, 31
113, '', 705, 1
113, 'FORGERY', 723, 3480
113, 'FORGERY', 725, 3747
113, 'FORGERY', 727, 573
113, 'FORGERY', 729, 41503
114, 'ARSON', 261, 161
114, 'ARSON', 263, 9202
114, 'ARSON', 264, 4621
115, 'PROSTITUTION & RELATED OFFENSES', 561, 6
115, 'PROSTITUTION & RELATED OFFENSES', 584, 16
115, 'PROSTITUTION & RELATED OFFENSES', 585, 29
115, 'PROSTITUTION & RELATED OFFENSES', 586, 23
115, 'PROSTITUTION & RELATED OFFENSES', 587, 30
115, 'PROSTITUTION & RELATED OFFENSES', 588, 15
115, 'PROSTITUTION & RELATED OFFENSES', 589, 3
116, '', 117, 1
116, '', 749, 1
116, 'SEX CRIMES', 164, 302
116, 'SEX CRIMES', 166, 220
116, 'SEX CRIMES', 168, 3430
116, 'SEX CRIMES', 176, 134
116, 'SEX CRIMES', 177, 1459
116, 'SEX CRIMES', 178, 2
116, 'SEX CRIMES', 179, 4243
116, 'SEX CRIMES', 180, 288
116, 'SEX CRIMES', 594, 91
116, 'SEX CRIMES', 596, 675
116, 'SEX CRIMES', 693, 7
116, 'SEX CRIMES', 694, 2
117, '', 511, 1
117, '', 513, 1
117, '', 749, 1
117, '', 847, 1
117, 'DANGEROUS DRUGS', 500, 11460
117, 'DANGEROUS DRUGS', 501, 3411
117, 'DANGEROUS DRUGS', 502, 1670
117, 'DANGEROUS DRUGS', 503, 20588
117, 'DANGEROUS DRUGS', 505, 1713
117, 'DANGEROUS DRUGS', 507, 1428
117, 'DANGEROUS DRUGS', 510, 3604
117, 'DANGEROUS DRUGS', 512, 2358
117, 'DANGEROUS DRUGS', 514, 806
117, 'DANGEROUS DRUGS', 515, 4788
117, 'DANGEROUS DRUGS', 519, 434
117, 'DANGEROUS DRUGS', 520, 404
117, 'DANGEROUS DRUGS', 521, 5585
117, 'DANGEROUS DRUGS', 522, 1
117, 'DANGEROUS DRUGS', 523, 2
117, 'DANGEROUS DRUGS', 524, 247
117, 'DANGEROUS DRUGS', 529, 45
117, 'DANGEROUS DRUGS', 530, 24
117, 'DANGEROUS DRUGS', 531, 149
117, 'DANGEROUS DRUGS', 532, 46
117, 'DANGEROUS DRUGS', 568, 2970
117, 'DANGEROUS DRUGS', 570, 946
118, 'DANGEROUS WEAPONS', 781, 491
118, 'DANGEROUS WEAPONS', 792, 9024
118, 'DANGEROUS WEAPONS', 793, 41045
118, 'DANGEROUS WEAPONS', 796, 3
119, 'INTOXICATED/IMPAIRED DRIVING', 904, 48
120, 'CHILD ABANDONMENT/NON SUPPORT', 695, 367
120, 'ENDAN WELFARE INCOMP', 698, 22
121, '', 254, 2
121, '', 259, 1
121, '', 759, 1
121, '', 779, 1
121, 'CRIMINAL MISCHIEF & RELATED OF', 265, 33
121, 'CRIMINAL MISCHIEF & RELATED OF', 266, 432
121, 'CRIMINAL MISCHIEF & RELATED OF', 267, 34445
121, 'CRIMINAL MISCHIEF & RELATED OF', 268, 3582
121, 'CRIMINAL MISCHIEF & RELATED OF', 269, 30813
121, 'CRIMINAL MISCHIEF & RELATED OF', 273, 3111
122, 'GAMBLING', 553, 42
122, 'GAMBLING', 557, 80
123, 'ABORTION', 143, 4
124, '', 759, 1
124, 'KIDNAPPING', 186, 2
124, 'KIDNAPPING & RELATED OFFENSES', 183, 1003
124, 'KIDNAPPING & RELATED OFFENSES', 185, 315
124, 'KIDNAPPING & RELATED OFFENSES', 187, 176
124, 'KIDNAPPING & RELATED OFFENSES', 193, 806
124, 'KIDNAPPING AND RELATED OFFENSES', 184, 2
125, '', 779, 1
125, 'NYS LAWS-UNCLASSIFIED FELONY', 844, 27
125, 'NYS LAWS-UNCLASSIFIED FELONY', 845, 3
125, 'NYS LAWS-UNCLASSIFIED FELONY', 847, 3725
126, '', 113, 1
126, '', 277, 1
126, '', 594, 51
126, '', 625, 1
126, '', 748, 1322
126, '', 749, 414
126, '', 759, 8
126, 'MISCELLANEOUS PENAL LAW', 104, 220
126, 'MISCELLANEOUS PENAL LAW', 107, 51
126, 'MISCELLANEOUS PENAL LAW', 110, 786
126, 'MISCELLANEOUS PENAL LAW', 112, 704
126, 'MISCELLANEOUS PENAL LAW', 117, 17840
126, 'MISCELLANEOUS PENAL LAW', 119, 3
126, 'MISCELLANEOUS PENAL LAW', 197, 1315
126, 'MISCELLANEOUS PENAL LAW', 198, 54032
126, 'MISCELLANEOUS PENAL LAW', 199, 1176
126, 'MISCELLANEOUS PENAL LAW', 204, 2445
126, 'MISCELLANEOUS PENAL LAW', 285, 22
126, 'MISCELLANEOUS PENAL LAW', 291, 40
126, 'MISCELLANEOUS PENAL LAW', 293, 99
126, 'MISCELLANEOUS PENAL LAW', 299, 15
126, 'MISCELLANEOUS PENAL LAW', 461, 5368
126, 'MISCELLANEOUS PENAL LAW', 640, 3843
126, 'MISCELLANEOUS PENAL LAW', 641, 50
126, 'MISCELLANEOUS PENAL LAW', 644, 729
126, 'MISCELLANEOUS PENAL LAW', 648, 10
126, 'MISCELLANEOUS PENAL LAW', 663, 46
126, 'MISCELLANEOUS PENAL LAW', 664, 6
126, 'MISCELLANEOUS PENAL LAW', 665, 495
126, 'MISCELLANEOUS PENAL LAW', 672, 141
126, 'MISCELLANEOUS PENAL LAW', 674, 132
126, 'MISCELLANEOUS PENAL LAW', 678, 1
126, 'MISCELLANEOUS PENAL LAW', 691, 17
126, 'MISCELLANEOUS PENAL LAW', 696, 204
126, 'MISCELLANEOUS PENAL LAW', 697, 15
126, 'MISCELLANEOUS PENAL LAW', 708, 2256
126, 'MISCELLANEOUS PENAL LAW', 711, 197
126, 'MISCELLANEOUS PENAL LAW', 721, 64
126, 'MISCELLANEOUS PENAL LAW', 724, 741
126, 'MISCELLANEOUS PENAL LAW', 730, 1019
126, 'MISCELLANEOUS PENAL LAW', 733, 14
126, 'MISCELLANEOUS PENAL LAW', 737, 4
126, 'MISCELLANEOUS PENAL LAW', 760, 11522
126, 'MISCELLANEOUS PENAL LAW', 761, 650
126, 'MISCELLANEOUS PENAL LAW', 762, 242
126, 'MISCELLANEOUS PENAL LAW', 764, 565
126, 'MISCELLANEOUS PENAL LAW', 766, 95
126, 'MISCELLANEOUS PENAL LAW', 779, 3251
126, 'MISCELLANEOUS PENAL LAW', 780, 43
230, '', 259, 1
230, 'JOSTLING', 464, 299
231, "BURGLAR'S TOOLS", 209, 2477
232, '', 321, 1
232, 'POSSESSION OF STOLEN PROPERTY', 490, 20242
232, 'POSSESSION OF STOLEN PROPERTY', 491, 134
233, '', 157, 1
233, '', 176, 1
233, '', 177, 8
233, '', 749, 1
233, '', 759, 2
233, 'SEX CRIMES', 148, 1
233, 'SEX CRIMES', 162, 3
233, 'SEX CRIMES', 170, 2907
233, 'SEX CRIMES', 174, 265
233, 'SEX CRIMES', 175, 26778
233, 'SEX CRIMES', 591, 69
233, 'SEX CRIMES', 593, 14
233, 'SEX CRIMES', 681, 14080
234, 'PROSTITUTION & RELATED OFFENSES', 574, 4
234, 'PROSTITUTION & RELATED OFFENSES', 576, 107
235, '', 505, 1
235, '', 510, 1
235, '', 625, 1
235, '', 759, 8
235, 'DANGEROUS DRUGS', 508, 1786
235, 'DANGEROUS DRUGS', 509, 587
235, 'DANGEROUS DRUGS', 511, 99942
235, 'DANGEROUS DRUGS', 513, 4
235, 'DANGEROUS DRUGS', 567, 173044
235, 'DANGEROUS DRUGS', 569, 10427
236, '', 749, 1
236, '', 759, 4
236, '', 779, 2
236, '', 793, 1
236, 'DANGEROUS WEAPONS', 782, 73653
236, 'DANGEROUS WEAPONS', 784, 13
236, 'DANGEROUS WEAPONS', 786, 4
236, 'DANGEROUS WEAPONS', 787, 2
237, '', 759, 1
237, 'ESCAPE 3', 742, 167
238, 'FRAUDULENT ACCOSTING', 466, 2645
340, '', 759, 1
340, '', 779, 2
340, 'FRAUDS', 703, 463
340, 'FRAUDS', 707, 13347
340, 'FRAUDS', 718, 17922
340, 'FRAUDS', 719, 145
340, 'FRAUDS', 770, 177
341, '', 259, 1
341, '', 681, 1
341, '', 749, 4
341, '', 759, 3
341, '', 779, 1
341, 'PETIT LARCENY', 301, 8052
341, 'PETIT LARCENY', 303, 4997
341, 'PETIT LARCENY', 305, 6495
341, 'PETIT LARCENY', 307, 4895
341, 'PETIT LARCENY', 313, 6702
341, 'PETIT LARCENY', 321, 178033
341, 'PETIT LARCENY', 323, 138
341, 'PETIT LARCENY', 327, 66
341, 'PETIT LARCENY', 329, 279
341, 'PETIT LARCENY', 331, 126
341, 'PETIT LARCENY', 333, 215445
341, 'PETIT LARCENY', 335, 2202
341, 'PETIT LARCENY', 338, 221733
341, 'PETIT LARCENY', 339, 76592
341, 'PETIT LARCENY', 343, 26579
341, 'PETIT LARCENY', 344, 36
341, 'PETIT LARCENY', 345, 24
341, 'PETIT LARCENY', 347, 1049
341, 'PETIT LARCENY', 349, 36251
341, 'PETIT LARCENY', 357, 32804
342, 'PETIT LARCENY OF MOTOR VEHICLE', 341, 469
342, 'PETIT LARCENY OF MOTOR VEHICLE', 342, 17
342, 'PETIT LARCENY OF MOTOR VEHICLE', 350, 226
342, 'PETIT LARCENY OF MOTOR VEHICLE', 351, 191
342, 'PETIT LARCENY OF MOTOR VEHICLE', 355, 5
343, '', 489, 1
343, '', 625, 1
343, 'OTHER OFFENSES RELATED TO THEF', 476, 17
343, 'OTHER OFFENSES RELATED TO THEF', 478, 9360
343, 'OTHER OFFENSES RELATED TO THEF', 479, 354
343, 'THEFT OF SERVICES', 475, 2778
344, '', 109, 1
344, '', 637, 2
344, '', 638, 1
344, '', 749, 8
344, '', 759, 51
344, '', 779, 9
344, '', 847, 1
344, 'ASSAULT 3 & RELATED OFFENSES', 101, 438123
344, 'ASSAULT 3 & RELATED OFFENSES', 111, 863
344, 'ASSAULT 3 & RELATED OFFENSES', 113, 70183
344, 'ASSAULT 3 & RELATED OFFENSES', 114, 12369
345, 'ENDAN WELFARE INCOMP', 688, 122
345, 'OFFENSES RELATED TO CHILDREN', 683, 1124
345, 'OFFENSES RELATED TO CHILDREN', 685, 3
345, 'OFFENSES RELATED TO CHILDREN', 687, 94
345, 'OFFENSES RELATED TO CHILDREN', 822, 10
345, 'OFFENSES RELATED TO CHILDREN', 829, 115
346, 'ALCOHOLIC BEVERAGE CONTROL LAW', 802, 750
347, '', 759, 2
347, '', 779, 1
347, 'INTOXICATED & IMPAIRED DRIVING', 905, 73005
347, 'INTOXICATED & IMPAIRED DRIVING', 907, 725
348, '', 333, 1
348, '', 759, 1
348, 'VEHICLE AND TRAFFIC LAWS', 916, 41455
348, 'VEHICLE AND TRAFFIC LAWS', 918, 729
348, 'VEHICLE AND TRAFFIC LAWS', 922, 16956
349, 'DISRUPTION OF A RELIGIOUS SERV', 627, 47
350, '', 759, 1
350, 'GAMBLING', 533, 31
350, 'GAMBLING', 537, 82
350, 'GAMBLING', 544, 1455
350, 'GAMBLING', 548, 333
351, '', 263, 1
351, '', 397, 1
351, '', 637, 1
351, '', 749, 5
351, '', 759, 1
351, '', 779, 1
351, 'CRIMINAL MISCHIEF & RELATED OF', 254, 188805
351, 'CRIMINAL MISCHIEF & RELATED OF', 256, 6277
351, 'CRIMINAL MISCHIEF & RELATED OF', 258, 89416
351, 'CRIMINAL MISCHIEF & RELATED OF', 259, 146445
351, 'CRIMINAL MISCHIEF & RELATED OF', 271, 852
351, 'CRIMINAL MISCHIEF & RELATED OF', 277, 1434
351, 'CRIMINAL MISCHIEF & RELATED OF', 645, 129
352, '', 204, 1
352, '', 750, 1
352, '', 759, 2
352, '', 779, 1
352, 'CRIMINAL TRESPASS', 203, 6543
352, 'CRIMINAL TRESPASS', 205, 60001
353, 'UNAUTHORIZED USE OF A VEHICLE', 462, 13826
354, 'ANTICIPATORY OFFENSES', 283, 19
354, 'ANTICIPATORY OFFENSES', 289, 27
354, 'ANTICIPATORY OFFENSES', 297, 49
355, '', 117, 1
355, '', 259, 1
355, 'OFFENSES AGAINST THE PERSON', 115, 9660
355, 'OFFENSES AGAINST THE PERSON', 146, 1
355, 'OFFENSES AGAINST THE PERSON', 181, 1631
355, 'OFFENSES AGAINST THE PERSON', 191, 977
355, 'OFFENSES AGAINST THE PERSON', 195, 70
356, '', 618, 9
356, 'PROSTITUTION & RELATED OFFENSES', 563, 149
356, 'PROSTITUTION & RELATED OFFENSES', 565, 396
356, 'PROSTITUTION & RELATED OFFENSES', 605, 64
357, 'FORTUNE TELLING', 468, 11
358, '', 625, 1
358, '', 638, 1
358, 'OFFENSES INVOLVING FRAUD', 701, 111
358, 'OFFENSES INVOLVING FRAUD', 705, 17527
358, 'OFFENSES INVOLVING FRAUD', 706, 86
358, 'OFFENSES INVOLVING FRAUD', 715, 13
359, '', 101, 1
359, '', 339, 1
359, '', 438, 1
359, '', 779, 13
359, 'OFFENSES AGAINST PUBLIC ADMINI', 744, 1647
359, 'OFFENSES AGAINST PUBLIC ADMINI', 746, 84
359, 'OFFENSES AGAINST PUBLIC ADMINI', 748, 14595
359, 'OFFENSES AGAINST PUBLIC ADMINI', 749, 30454
359, 'OFFENSES AGAINST PUBLIC ADMINI', 750, 28237
359, 'OFFENSES AGAINST PUBLIC ADMINI', 756, 17
359, 'OFFENSES AGAINST PUBLIC ADMINI', 759, 25084
360, '', 625, 3
360, '', 647, 192
360, '', 649, 5890
360, '', 652, 551
360, '', 659, 317
360, '', 661, 7801
360, '', 662, 32
360, '', 669, 27
360, '', 731, 1225
360, '', 749, 1
360, '', 759, 2
360, 'LOITERING FOR DRUG PURPOSES', 604, 23
361, '', 625, 2
361, '', 637, 1
361, '', 638, 2
361, '', 749, 29
361, '', 779, 3
361, 'OFF. AGNST PUB ORD SENSBLTY &', 248, 15
361, 'OFF. AGNST PUB ORD SENSBLTY &', 639, 281266
361, 'OFF. AGNST PUB ORD SENSBLTY &', 643, 977
361, 'OFF. AGNST PUB ORD SENSBLTY &', 646, 3
361, 'OFF. AGNST PUB ORD SENSBLTY &', 647, 270
361, 'OFF. AGNST PUB ORD SENSBLTY &', 649, 75
361, 'OFF. AGNST PUB ORD SENSBLTY &', 652, 215
361, 'OFF. AGNST PUB ORD SENSBLTY &', 659, 5
361, 'OFF. AGNST PUB ORD SENSBLTY &', 661, 230
361, 'OFF. AGNST PUB ORD SENSBLTY &', 731, 9
362, 'OFFENSES AGAINST MARRIAGE UNCL', 689, 3
363, 'OFFENSES AGAINST PUBLIC SAFETY', 788, 539
363, 'OFFENSES AGAINST PUBLIC SAFETY', 797, 16
363, 'OFFENSES AGAINST PUBLIC SAFETY', 799, 255
364, '', 625, 1
364, '', 808, 396
364, '', 847, 5
364, 'AGRICULTURE & MRKTS LAW-UNCLASSIFIED', 814, 1
364, 'AGRICULTURE & MRKTS LAW-UNCLASSIFIED', 815, 1
364, 'AGRICULTURE & MRKTS LAW-UNCLASSIFIED', 817, 41
364, 'AGRICULTURE & MRKTS LAW-UNCLASSIFIED', 818, 40
364, 'OTHER STATE LAWS NON PENAL LA', 809, 3535
364, 'OTHER STATE LAWS NON PENAL LA', 811, 42
364, 'OTHER STATE LAWS NON PENAL LA', 812, 200
364, 'OTHER STATE LAWS NON PENAL LA', 826, 282
364, 'OTHER STATE LAWS NON PENAL LA', 836, 2
364, 'OTHER STATE LAWS NON PENAL LA', 840, 10
364, 'OTHER STATE LAWS NON PENAL LA', 841, 125
364, 'OTHER STATE LAWS NON PENAL LA', 848, 1309
364, 'OTHER STATE LAWS NON PENAL LAW', 827, 4
365, '', 759, 1
365, '', 779, 1
365, 'ADMINISTRATIVE CODE', 853, 209
365, 'ADMINISTRATIVE CODE', 878, 9689
365, 'ADMINISTRATIVE CODE', 887, 39
366, '', 847, 1
366, 'NEW YORK CITY HEALTH CODE', 888, 44
455, 'UNLAWFUL POSS. WEAP. ON SCHOOL', 595, 59
460, 'LOITERING/DEVIATE SEX', 602, 16
571, 'LOITERING/GAMBLING CARDS DIC’, 610, 207
572, 'DISORDERLY CONDUCT', 625, 829
577, 'UNDER THE INFLUENCE OF DRUGS', 622, 3
578, '', 101, 3
578, '', 113, 1
578, '', 175, 1
578, '', 625, 2
578, '', 639, 10
578, '', 749, 26
578, '', 759, 21
578, '', 779, 7
578, 'HARRASSMENT 2', 637, 235955
578, 'HARRASSMENT 2', 638, 368115
672, 'LOITERING', 614, 2
672, 'LOITERING', 619, 18
675, '', 625, 1
675, '', 749, 1
675, '', 759, 2
675, 'ADMINISTRATIVE CODE', 858, 332
675, 'ADMINISTRATIVE CODE', 860, 2
675, 'ADMINISTRATIVE CODE', 861, 2
675, 'ADMINISTRATIVE CODE', 862, 203
675, 'ADMINISTRATIVE CODE', 864, 15
675, 'ADMINISTRATIVE CODE', 866, 10
675, 'ADMINISTRATIVE CODE', 868, 8
675, 'ADMINISTRATIVE CODE', 874, 142
675, 'ADMINISTRATIVE CODE', 879, 329
675, 'ADMINISTRATIVE CODE', 880, 150
675, 'ADMINISTRATIVE CODE', 890, 51
675, 'ADMINISTRATIVE CODE', 892, 38
675, 'ADMINISTRATIVE CODE', 899, 163
675, 'ADMINISTRATIVE CODE', 975, 1
676, 'NEW YORK CITY HEALTH CODE', 885, 1
676, 'NEW YORK CITY HEALTH CODE', 889, 30
677, 'NYS LAWS-UNCLASSIFIED VIOLATION', 843, 4
677, 'NYS LAWS-UNCLASSIFIED VIOLATION', 846, 2
677, 'OTHER STATE LAWS', 803, 33
677, 'OTHER STATE LAWS', 819, 1
677, 'OTHER STATE LAWS', 820, 2
677, 'OTHER STATE LAWS', 821, 10
677, 'OTHER STATE LAWS', 839, 1
677, 'OTHER STATE LAWS', 849, 186
678, '', 478, 221
678, '', 639, 1
678, '', 759, 1
678, 'MISCELLANEOUS PENAL LAW', 201, 1634
678, 'MISCELLANEOUS PENAL LAW', 275, 20
678, 'MISCELLANEOUS PENAL LAW', 281, 12
678, 'MISCELLANEOUS PENAL LAW', 477, 339
678, 'MISCELLANEOUS PENAL LAW', 566, 5769
678, 'MISCELLANEOUS PENAL LAW', 633, 167
678, 'MISCELLANEOUS PENAL LAW', 754, 79
678, 'MISCELLANEOUS PENAL LAW', 789, 233
685, 'ADMINISTRATIVE CODES', 872, 18
881, 'OTHER TRAFFIC INFRACTION', 969, 13
