(('FELONY', -99, 0), 22)
(('FELONY', -99, 1), 13)
(('FELONY', -99, 2), 4)
(('FELONY', -99, 3), 5)
(('FELONY', -99, 4), 6)
(('FELONY', -99, 5), 2)
(('FELONY', -99, 6), 4)
(('FELONY', -99, 7), 4)
(('FELONY', -99, 8), 5)
(('FELONY', -99, 9), 17)
(('FELONY', -99, 10), 11)
(('FELONY', -99, 11), 10)
(('FELONY', -99, 12), 12)
(('FELONY', -99, 13), 11)
(('FELONY', -99, 14), 12)
(('FELONY', -99, 15), 14)
(('FELONY', -99, 16), 13)
(('FELONY', -99, 17), 12)
(('FELONY', -99, 18), 13)
(('FELONY', -99, 19), 6)
(('FELONY', -99, 20), 8)
(('FELONY', -99, 21), 6)
(('FELONY', -99, 22), 4)
(('FELONY', -99, 23), 5)
(('FELONY', -99, 99), 1)
(('FELONY', 0, 0), 11486)
(('FELONY', 0, 1), 6287)
(('FELONY', 0, 2), 5200)
(('FELONY', 0, 3), 4258)
(('FELONY', 0, 4), 4004)
(('FELONY', 0, 5), 3031)
(('FELONY', 0, 6), 3474)
(('FELONY', 0, 7), 5446)
(('FELONY', 0, 8), 9586)
(('FELONY', 0, 9), 10636)
(('FELONY', 0, 10), 9089)
(('FELONY', 0, 11), 8442)
(('FELONY', 0, 12), 13803)
(('FELONY', 0, 13), 9852)
(('FELONY', 0, 14), 11188)
(('FELONY', 0, 15), 12893)
(('FELONY', 0, 16), 11473)
(('FELONY', 0, 17), 11503)
(('FELONY', 0, 18), 11864)
(('FELONY', 0, 19), 11237)
(('FELONY', 0, 20), 11033)
(('FELONY', 0, 21), 10029)
(('FELONY', 0, 22), 9411)
(('FELONY', 0, 23), 8796)
(('FELONY', 0, 24), 39)
(('FELONY', 0, 99), 3)
(('FELONY', 1, 0), 11222)
(('FELONY', 1, 1), 6116)
(('FELONY', 1, 2), 4778)
(('FELONY', 1, 3), 3902)
(('FELONY', 1, 4), 3458)
(('FELONY', 1, 5), 2753)
(('FELONY', 1, 6), 3565)
(('FELONY', 1, 7), 5469)
(('FELONY', 1, 8), 9451)
(('FELONY', 1, 9), 10363)
(('FELONY', 1, 10), 9223)
(('FELONY', 1, 11), 9129)
(('FELONY', 1, 12), 14250)
(('FELONY', 1, 13), 10765)
(('FELONY', 1, 14), 12153)
(('FELONY', 1, 15), 13891)
(('FELONY', 1, 16), 12713)
(('FELONY', 1, 17), 12558)
(('FELONY', 1, 18), 13068)
(('FELONY', 1, 19), 12381)
(('FELONY', 1, 20), 11956)
(('FELONY', 1, 21), 11263)
(('FELONY', 1, 22), 10827)
(('FELONY', 1, 23), 10149)
(('FELONY', 1, 24), 48)
(('FELONY', 1, 99), 2)
(('FELONY', 2, 0), 11977)
(('FELONY', 2, 1), 6796)
(('FELONY', 2, 2), 5188)
(('FELONY', 2, 3), 4139)
(('FELONY', 2, 4), 3511)
(('FELONY', 2, 5), 2887)
(('FELONY', 2, 6), 3839)
(('FELONY', 2, 7), 5695)
(('FELONY', 2, 8), 9716)
(('FELONY', 2, 9), 10599)
(('FELONY', 2, 10), 9149)
(('FELONY', 2, 11), 9030)
(('FELONY', 2, 12), 14500)
(('FELONY', 2, 13), 11284)
(('FELONY', 2, 14), 12585)
(('FELONY', 2, 15), 14206)
(('FELONY', 2, 16), 12974)
(('FELONY', 2, 17), 12849)
(('FELONY', 2, 18), 13124)
(('FELONY', 2, 19), 12732)
(('FELONY', 2, 20), 12212)
(('FELONY', 2, 21), 11290)
(('FELONY', 2, 22), 10895)
(('FELONY', 2, 23), 10317)
(('FELONY', 2, 24), 42)
(('FELONY', 3, 0), 11933)
(('FELONY', 3, 1), 7111)
(('FELONY', 3, 2), 5525)
(('FELONY', 3, 3), 4452)
(('FELONY', 3, 4), 3809)
(('FELONY', 3, 5), 2993)
(('FELONY', 3, 6), 3965)
(('FELONY', 3, 7), 5622)
(('FELONY', 3, 8), 9292)
(('FELONY', 3, 9), 10177)
(('FELONY', 3, 10), 9212)
(('FELONY', 3, 11), 9034)
(('FELONY', 3, 12), 14251)
(('FELONY', 3, 13), 10735)
(('FELONY', 3, 14), 11969)
(('FELONY', 3, 15), 13969)
(('FELONY', 3, 16), 12838)
(('FELONY', 3, 17), 12548)
(('FELONY', 3, 18), 12898)
(('FELONY', 3, 19), 12466)
(('FELONY', 3, 20), 12269)
(('FELONY', 3, 21), 11350)
(('FELONY', 3, 22), 10955)
(('FELONY', 3, 23), 10525)
(('FELONY', 3, 24), 53)
(('FELONY', 3, 99), 1)
(('FELONY', 4, 0), 12805)
(('FELONY', 4, 1), 7904)
(('FELONY', 4, 2), 6255)
(('FELONY', 4, 3), 5381)
(('FELONY', 4, 4), 4463)
(('FELONY', 4, 5), 3347)
(('FELONY', 4, 6), 4269)
(('FELONY', 4, 7), 5629)
(('FELONY', 4, 8), 9593)
(('FELONY', 4, 9), 10567)
(('FELONY', 4, 10), 9499)
(('FELONY', 4, 11), 9222)
(('FELONY', 4, 12), 14696)
(('FELONY', 4, 13), 11013)
(('FELONY', 4, 14), 12740)
(('FELONY', 4, 15), 15163)
(('FELONY', 4, 16), 14162)
(('FELONY', 4, 17), 14265)
(('FELONY', 4, 18), 14282)
(('FELONY', 4, 19), 13391)
(('FELONY', 4, 20), 12999)
(('FELONY', 4, 21), 12475)
(('FELONY', 4, 22), 12545)
(('FELONY', 4, 23), 12801)
(('FELONY', 4, 24), 52)
(('FELONY', 4, 99), 1)
(('FELONY', 5, 0), 14601)
(('FELONY', 5, 1), 11899)
(('FELONY', 5, 2), 10629)
(('FELONY', 5, 3), 9687)
(('FELONY', 5, 4), 8695)
(('FELONY', 5, 5), 5180)
(('FELONY', 5, 6), 3794)
(('FELONY', 5, 7), 3480)
(('FELONY', 5, 8), 5182)
(('FELONY', 5, 9), 6473)
(('FELONY', 5, 10), 6825)
(('FELONY', 5, 11), 6975)
(('FELONY', 5, 12), 11138)
(('FELONY', 5, 13), 8589)
(('FELONY', 5, 14), 9574)
(('FELONY', 5, 15), 10637)
(('FELONY', 5, 16), 10364)
(('FELONY', 5, 17), 10890)
(('FELONY', 5, 18), 11164)
(('FELONY', 5, 19), 10969)
(('FELONY', 5, 20), 11416)
(('FELONY', 5, 21), 11060)
(('FELONY', 5, 22), 11328)
(('FELONY', 5, 23), 11979)
(('FELONY', 5, 24), 60)
(('FELONY', 5, 99), 2)
(('FELONY', 6, 0), 13328)
(('FELONY', 6, 1), 11716)
(('FELONY', 6, 2), 10864)
(('FELONY', 6, 3), 10361)
(('FELONY', 6, 4), 9274)
(('FELONY', 6, 5), 5648)
(('FELONY', 6, 6), 3696)
(('FELONY', 6, 7), 2944)
(('FELONY', 6, 8), 4238)
(('FELONY', 6, 9), 5071)
(('FELONY', 6, 10), 5337)
(('FELONY', 6, 11), 5547)
(('FELONY', 6, 12), 8827)
(('FELONY', 6, 13), 6773)
(('FELONY', 6, 14), 7730)
(('FELONY', 6, 15), 8867)
(('FELONY', 6, 16), 8959)
(('FELONY', 6, 17), 9207)
(('FELONY', 6, 18), 9501)
(('FELONY', 6, 19), 9279)
(('FELONY', 6, 20), 9704)
(('FELONY', 6, 21), 9226)
(('FELONY', 6, 22), 9140)
(('FELONY', 6, 23), 8810)
(('FELONY', 6, 24), 42)
(('FELONY', 6, 99), 1)
(('MISDEMEANOR', -99, 0), 17)
(('MISDEMEANOR', -99, 1), 8)
(('MISDEMEANOR', -99, 2), 6)
(('MISDEMEANOR', -99, 3), 8)
(('MISDEMEANOR', -99, 4), 8)
(('MISDEMEANOR', -99, 5), 3)
(('MISDEMEANOR', -99, 6), 2)
(('MISDEMEANOR', -99, 7), 9)
(('MISDEMEANOR', -99, 8), 14)
(('MISDEMEANOR', -99, 9), 17)
(('MISDEMEANOR', -99, 10), 12)
(('MISDEMEANOR', -99, 11), 16)
(('MISDEMEANOR', -99, 12), 23)
(('MISDEMEANOR', -99, 13), 17)
(('MISDEMEANOR', -99, 14), 16)
(('MISDEMEANOR', -99, 15), 27)
(('MISDEMEANOR', -99, 16), 21)
(('MISDEMEANOR', -99, 17), 24)
(('MISDEMEANOR', -99, 18), 21)
(('MISDEMEANOR', -99, 19), 14)
(('MISDEMEANOR', -99, 20), 27)
(('MISDEMEANOR', -99, 21), 13)
(('MISDEMEANOR', -99, 22), 11)
(('MISDEMEANOR', -99, 23), 9)
(('MISDEMEANOR', -99, 24), 1)
(('MISDEMEANOR', 0, 0), 16455)
(('MISDEMEANOR', 0, 1), 11215)
(('MISDEMEANOR', 0, 2), 8083)
(('MISDEMEANOR', 0, 3), 6377)
(('MISDEMEANOR', 0, 4), 5690)
(('MISDEMEANOR', 0, 5), 4563)
(('MISDEMEANOR', 0, 6), 5329)
(('MISDEMEANOR', 0, 7), 8490)
(('MISDEMEANOR', 0, 8), 14198)
(('MISDEMEANOR', 0, 9), 15348)
(('MISDEMEANOR', 0, 10), 17290)
(('MISDEMEANOR', 0, 11), 15744)
(('MISDEMEANOR', 0, 12), 21589)
(('MISDEMEANOR', 0, 13), 18593)
(('MISDEMEANOR', 0, 14), 20844)
(('MISDEMEANOR', 0, 15), 24475)
(('MISDEMEANOR', 0, 16), 22834)
(('MISDEMEANOR', 0, 17), 22960)
(('MISDEMEANOR', 0, 18), 23463)
(('MISDEMEANOR', 0, 19), 22534)
(('MISDEMEANOR', 0, 20), 21945)
(('MISDEMEANOR', 0, 21), 19084)
(('MISDEMEANOR', 0, 22), 17396)
(('MISDEMEANOR', 0, 23), 15180)
(('MISDEMEANOR', 0, 24), 68)
(('MISDEMEANOR', 0, 99), 5)
(('MISDEMEANOR', 1, 0), 15307)
(('MISDEMEANOR', 1, 1), 10540)
(('MISDEMEANOR', 1, 2), 7582)
(('MISDEMEANOR', 1, 3), 5760)
(('MISDEMEANOR', 1, 4), 4815)
(('MISDEMEANOR', 1, 5), 3980)
(('MISDEMEANOR', 1, 6), 5084)
(('MISDEMEANOR', 1, 7), 8564)
(('MISDEMEANOR', 1, 8), 14220)
(('MISDEMEANOR', 1, 9), 15600)
(('MISDEMEANOR', 1, 10), 16612)
(('MISDEMEANOR', 1, 11), 17253)
(('MISDEMEANOR', 1, 12), 23520)
(('MISDEMEANOR', 1, 13), 21857)
(('MISDEMEANOR', 1, 14), 24688)
(('MISDEMEANOR', 1, 15), 28041)
(('MISDEMEANOR', 1, 16), 26733)
(('MISDEMEANOR', 1, 17), 26004)
(('MISDEMEANOR', 1, 18), 27147)
(('MISDEMEANOR', 1, 19), 26771)
(('MISDEMEANOR', 1, 20), 26039)
(('MISDEMEANOR', 1, 21), 22616)
(('MISDEMEANOR', 1, 22), 20871)
(('MISDEMEANOR', 1, 23), 18201)
(('MISDEMEANOR', 1, 24), 67)
(('MISDEMEANOR', 1, 99), 2)
(('MISDEMEANOR', 2, 0), 17740)
(('MISDEMEANOR', 2, 1), 12173)
(('MISDEMEANOR', 2, 2), 8731)
(('MISDEMEANOR', 2, 3), 6615)
(('MISDEMEANOR', 2, 4), 5218)
(('MISDEMEANOR', 2, 5), 4003)
(('MISDEMEANOR', 2, 6), 5224)
(('MISDEMEANOR', 2, 7), 8703)
(('MISDEMEANOR', 2, 8), 14360)
(('MISDEMEANOR', 2, 9), 15336)
(('MISDEMEANOR', 2, 10), 16163)
(('MISDEMEANOR', 2, 11), 17570)
(('MISDEMEANOR', 2, 12), 23979)
(('MISDEMEANOR', 2, 13), 22544)
(('MISDEMEANOR', 2, 14), 25881)
(('MISDEMEANOR', 2, 15), 28790)
(('MISDEMEANOR', 2, 16), 27207)
(('MISDEMEANOR', 2, 17), 26820)
(('MISDEMEANOR', 2, 18), 27591)
(('MISDEMEANOR', 2, 19), 26985)
(('MISDEMEANOR', 2, 20), 26233)
(('MISDEMEANOR', 2, 21), 23282)
(('MISDEMEANOR', 2, 22), 21073)
(('MISDEMEANOR', 2, 23), 18406)
(('MISDEMEANOR', 2, 24), 53)
(('MISDEMEANOR', 2, 99), 5)
(('MISDEMEANOR', 3, 0), 18160)
(('MISDEMEANOR', 3, 1), 12614)
(('MISDEMEANOR', 3, 2), 9355)
(('MISDEMEANOR', 3, 3), 7145)
(('MISDEMEANOR', 3, 4), 5646)
(('MISDEMEANOR', 3, 5), 4391)
(('MISDEMEANOR', 3, 6), 5360)
(('MISDEMEANOR', 3, 7), 8613)
(('MISDEMEANOR', 3, 8), 13696)
(('MISDEMEANOR', 3, 9), 15304)
(('MISDEMEANOR', 3, 10), 16257)
(('MISDEMEANOR', 3, 11), 17416)
(('MISDEMEANOR', 3, 12), 23437)
(('MISDEMEANOR', 3, 13), 21671)
(('MISDEMEANOR', 3, 14), 24465)
(('MISDEMEANOR', 3, 15), 27476)
(('MISDEMEANOR', 3, 16), 26095)
(('MISDEMEANOR', 3, 17), 25516)
(('MISDEMEANOR', 3, 18), 26104)
(('MISDEMEANOR', 3, 19), 26049)
(('MISDEMEANOR', 3, 20), 25769)
(('MISDEMEANOR', 3, 21), 23234)
(('MISDEMEANOR', 3, 22), 21538)
(('MISDEMEANOR', 3, 23), 19350)
(('MISDEMEANOR', 3, 24), 71)
(('MISDEMEANOR', 3, 99), 3)
(('MISDEMEANOR', 4, 0), 20165)
(('MISDEMEANOR', 4, 1), 14333)
(('MISDEMEANOR', 4, 2), 10913)
(('MISDEMEANOR', 4, 3), 8650)
(('MISDEMEANOR', 4, 4), 7189)
(('MISDEMEANOR', 4, 5), 4823)
(('MISDEMEANOR', 4, 6), 5673)
(('MISDEMEANOR', 4, 7), 8326)
(('MISDEMEANOR', 4, 8), 13858)
(('MISDEMEANOR', 4, 9), 15014)
(('MISDEMEANOR', 4, 10), 15697)
(('MISDEMEANOR', 4, 11), 16533)
(('MISDEMEANOR', 4, 12), 23187)
(('MISDEMEANOR', 4, 13), 20938)
(('MISDEMEANOR', 4, 14), 24664)
(('MISDEMEANOR', 4, 15), 28056)
(('MISDEMEANOR', 4, 16), 26971)
(('MISDEMEANOR', 4, 17), 27638)
(('MISDEMEANOR', 4, 18), 27882)
(('MISDEMEANOR', 4, 19), 27143)
(('MISDEMEANOR', 4, 20), 27632)
(('MISDEMEANOR', 4, 21), 25701)
(('MISDEMEANOR', 4, 22), 25904)
(('MISDEMEANOR', 4, 23), 25497)
(('MISDEMEANOR', 4, 24), 73)
(('MISDEMEANOR', 4, 99), 5)
(('MISDEMEANOR', 5, 0), 25382)
(('MISDEMEANOR', 5, 1), 22308)
(('MISDEMEANOR', 5, 2), 18878)
(('MISDEMEANOR', 5, 3), 16533)
(('MISDEMEANOR', 5, 4), 14889)
(('MISDEMEANOR', 5, 5), 8738)
(('MISDEMEANOR', 5, 6), 6130)
(('MISDEMEANOR', 5, 7), 6085)
(('MISDEMEANOR', 5, 8), 9187)
(('MISDEMEANOR', 5, 9), 11245)
(('MISDEMEANOR', 5, 10), 13369)
(('MISDEMEANOR', 5, 11), 14201)
(('MISDEMEANOR', 5, 12), 19820)
(('MISDEMEANOR', 5, 13), 17552)
(('MISDEMEANOR', 5, 14), 19128)
(('MISDEMEANOR', 5, 15), 21173)
(('MISDEMEANOR', 5, 16), 21931)
(('MISDEMEANOR', 5, 17), 22316)
(('MISDEMEANOR', 5, 18), 23642)
(('MISDEMEANOR', 5, 19), 24100)
(('MISDEMEANOR', 5, 20), 24961)
(('MISDEMEANOR', 5, 21), 23391)
(('MISDEMEANOR', 5, 22), 23816)
(('MISDEMEANOR', 5, 23), 23711)
(('MISDEMEANOR', 5, 24), 81)
(('MISDEMEANOR', 5, 99), 4)
(('MISDEMEANOR', 6, 0), 23471)
(('MISDEMEANOR', 6, 1), 21726)
(('MISDEMEANOR', 6, 2), 18496)
(('MISDEMEANOR', 6, 3), 16958)
(('MISDEMEANOR', 6, 4), 15924)
(('MISDEMEANOR', 6, 5), 9648)
(('MISDEMEANOR', 6, 6), 6110)
(('MISDEMEANOR', 6, 7), 5894)
(('MISDEMEANOR', 6, 8), 8154)
(('MISDEMEANOR', 6, 9), 9521)
(('MISDEMEANOR', 6, 10), 11056)
(('MISDEMEANOR', 6, 11), 12043)
(('MISDEMEANOR', 6, 12), 16861)
(('MISDEMEANOR', 6, 13), 14822)
(('MISDEMEANOR', 6, 14), 16707)
(('MISDEMEANOR', 6, 15), 18255)
(('MISDEMEANOR', 6, 16), 18848)
(('MISDEMEANOR', 6, 17), 19499)
(('MISDEMEANOR', 6, 18), 21106)
(('MISDEMEANOR', 6, 19), 20573)
(('MISDEMEANOR', 6, 20), 20820)
(('MISDEMEANOR', 6, 21), 19129)
(('MISDEMEANOR', 6, 22), 18133)
(('MISDEMEANOR', 6, 23), 16310)
(('MISDEMEANOR', 6, 24), 76)
(('MISDEMEANOR', 6, 99), 8)
(('VIOLATION', -99, 0), 1)
(('VIOLATION', -99, 1), 3)
(('VIOLATION', -99, 2), 3)
(('VIOLATION', -99, 3), 1)
(('VIOLATION', -99, 4), 1)
(('VIOLATION', -99, 7), 1)
(('VIOLATION', -99, 8), 8)
(('VIOLATION', -99, 9), 2)
(('VIOLATION', -99, 10), 7)
(('VIOLATION', -99, 11), 5)
(('VIOLATION', -99, 12), 8)
(('VIOLATION', -99, 13), 5)
(('VIOLATION', -99, 14), 5)
(('VIOLATION', -99, 15), 7)
(('VIOLATION', -99, 16), 4)
(('VIOLATION', -99, 17), 6)
(('VIOLATION', -99, 18), 5)
(('VIOLATION', -99, 19), 3)
(('VIOLATION', -99, 20), 5)
(('VIOLATION', -99, 21), 3)
(('VIOLATION', -99, 22), 3)
(('VIOLATION', -99, 23), 5)
(('VIOLATION', 0, 0), 2524)
(('VIOLATION', 0, 1), 1816)
(('VIOLATION', 0, 2), 1209)
(('VIOLATION', 0, 3), 921)
(('VIOLATION', 0, 4), 782)
(('VIOLATION', 0, 5), 763)
(('VIOLATION', 0, 6), 1150)
(('VIOLATION', 0, 7), 2580)
(('VIOLATION', 0, 8), 4150)
(('VIOLATION', 0, 9), 4172)
(('VIOLATION', 0, 10), 4331)
(('VIOLATION', 0, 11), 4572)
(('VIOLATION', 0, 12), 5132)
(('VIOLATION', 0, 13), 4678)
(('VIOLATION', 0, 14), 5424)
(('VIOLATION', 0, 15), 6497)
(('VIOLATION', 0, 16), 5591)
(('VIOLATION', 0, 17), 5490)
(('VIOLATION', 0, 18), 5648)
(('VIOLATION', 0, 19), 5398)
(('VIOLATION', 0, 20), 5183)
(('VIOLATION', 0, 21), 4621)
(('VIOLATION', 0, 22), 3946)
(('VIOLATION', 0, 23), 3176)
(('VIOLATION', 0, 24), 7)
(('VIOLATION', 0, 99), 1)
(('VIOLATION', 1, 0), 2285)
(('VIOLATION', 1, 1), 1601)
(('VIOLATION', 1, 2), 1198)
(('VIOLATION', 1, 3), 803)
(('VIOLATION', 1, 4), 647)
(('VIOLATION', 1, 5), 725)
(('VIOLATION', 1, 6), 1124)
(('VIOLATION', 1, 7), 2544)
(('VIOLATION', 1, 8), 4251)
(('VIOLATION', 1, 9), 4192)
(('VIOLATION', 1, 10), 4330)
(('VIOLATION', 1, 11), 4617)
(('VIOLATION', 1, 12), 5334)
(('VIOLATION', 1, 13), 4797)
(('VIOLATION', 1, 14), 5696)
(('VIOLATION', 1, 15), 6552)
(('VIOLATION', 1, 16), 5697)
(('VIOLATION', 1, 17), 5512)
(('VIOLATION', 1, 18), 5663)
(('VIOLATION', 1, 19), 5405)
(('VIOLATION', 1, 20), 5235)
(('VIOLATION', 1, 21), 4654)
(('VIOLATION', 1, 22), 3886)
(('VIOLATION', 1, 23), 3068)
(('VIOLATION', 1, 24), 12)
(('VIOLATION', 2, 0), 2380)
(('VIOLATION', 2, 1), 1654)
(('VIOLATION', 2, 2), 1226)
(('VIOLATION', 2, 3), 919)
(('VIOLATION', 2, 4), 664)
(('VIOLATION', 2, 5), 664)
(('VIOLATION', 2, 6), 1081)
(('VIOLATION', 2, 7), 2644)
(('VIOLATION', 2, 8), 4357)
(('VIOLATION', 2, 9), 4325)
(('VIOLATION', 2, 10), 4466)
(('VIOLATION', 2, 11), 4575)
(('VIOLATION', 2, 12), 5410)
(('VIOLATION', 2, 13), 4880)
(('VIOLATION', 2, 14), 5802)
(('VIOLATION', 2, 15), 6788)
(('VIOLATION', 2, 16), 5558)
(('VIOLATION', 2, 17), 5365)
(('VIOLATION', 2, 18), 5671)
(('VIOLATION', 2, 19), 5341)
(('VIOLATION', 2, 20), 5138)
(('VIOLATION', 2, 21), 4642)
(('VIOLATION', 2, 22), 3786)
(('VIOLATION', 2, 23), 3048)
(('VIOLATION', 2, 24), 7)
(('VIOLATION', 2, 99), 2)
(('VIOLATION', 3, 0), 2352)
(('VIOLATION', 3, 1), 1641)
(('VIOLATION', 3, 2), 1240)
(('VIOLATION', 3, 3), 889)
(('VIOLATION', 3, 4), 674)
(('VIOLATION', 3, 5), 727)
(('VIOLATION', 3, 6), 1105)
(('VIOLATION', 3, 7), 2580)
(('VIOLATION', 3, 8), 4270)
(('VIOLATION', 3, 9), 4248)
(('VIOLATION', 3, 10), 4449)
(('VIOLATION', 3, 11), 4644)
(('VIOLATION', 3, 12), 5297)
(('VIOLATION', 3, 13), 4884)
(('VIOLATION', 3, 14), 5570)
(('VIOLATION', 3, 15), 6452)
(('VIOLATION', 3, 16), 5503)
(('VIOLATION', 3, 17), 5525)
(('VIOLATION', 3, 18), 5486)
(('VIOLATION', 3, 19), 5283)
(('VIOLATION', 3, 20), 4926)
(('VIOLATION', 3, 21), 4495)
(('VIOLATION', 3, 22), 3786)
(('VIOLATION', 3, 23), 3185)
(('VIOLATION', 3, 24), 7)
(('VIOLATION', 4, 0), 2514)
(('VIOLATION', 4, 1), 1854)
(('VIOLATION', 4, 2), 1377)
(('VIOLATION', 4, 3), 1078)
(('VIOLATION', 4, 4), 851)
(('VIOLATION', 4, 5), 762)
(('VIOLATION', 4, 6), 1127)
(('VIOLATION', 4, 7), 2479)
(('VIOLATION', 4, 8), 4213)
(('VIOLATION', 4, 9), 4148)
(('VIOLATION', 4, 10), 4426)
(('VIOLATION', 4, 11), 4544)
(('VIOLATION', 4, 12), 5277)
(('VIOLATION', 4, 13), 4902)
(('VIOLATION', 4, 14), 5909)
(('VIOLATION', 4, 15), 6663)
(('VIOLATION', 4, 16), 5565)
(('VIOLATION', 4, 17), 5274)
(('VIOLATION', 4, 18), 5468)
(('VIOLATION', 4, 19), 5042)
(('VIOLATION', 4, 20), 4996)
(('VIOLATION', 4, 21), 4631)
(('VIOLATION', 4, 22), 4104)
(('VIOLATION', 4, 23), 3673)
(('VIOLATION', 4, 24), 14)
(('VIOLATION', 5, 0), 3080)
(('VIOLATION', 5, 1), 2648)
(('VIOLATION', 5, 2), 2100)
(('VIOLATION', 5, 3), 1718)
(('VIOLATION', 5, 4), 1547)
(('VIOLATION', 5, 5), 1144)
(('VIOLATION', 5, 6), 992)
(('VIOLATION', 5, 7), 1504)
(('VIOLATION', 5, 8), 2398)
(('VIOLATION', 5, 9), 3152)
(('VIOLATION', 5, 10), 4033)
(('VIOLATION', 5, 11), 4201)
(('VIOLATION', 5, 12), 5040)
(('VIOLATION', 5, 13), 4480)
(('VIOLATION', 5, 14), 4709)
(('VIOLATION', 5, 15), 4823)
(('VIOLATION', 5, 16), 4536)
(('VIOLATION', 5, 17), 4531)
(('VIOLATION', 5, 18), 4646)
(('VIOLATION', 5, 19), 4352)
(('VIOLATION', 5, 20), 4723)
(('VIOLATION', 5, 21), 4443)
(('VIOLATION', 5, 22), 4042)
(('VIOLATION', 5, 23), 3670)
(('VIOLATION', 5, 24), 20)
(('VIOLATION', 6, 0), 3152)
(('VIOLATION', 6, 1), 2892)
(('VIOLATION', 6, 2), 2350)
(('VIOLATION', 6, 3), 2057)
(('VIOLATION', 6, 4), 1876)
(('VIOLATION', 6, 5), 1293)
(('VIOLATION', 6, 6), 1040)
(('VIOLATION', 6, 7), 1319)
(('VIOLATION', 6, 8), 2065)
(('VIOLATION', 6, 9), 2777)
(('VIOLATION', 6, 10), 3504)
(('VIOLATION', 6, 11), 3862)
(('VIOLATION', 6, 12), 4661)
(('VIOLATION', 6, 13), 4311)
(('VIOLATION', 6, 14), 4517)
(('VIOLATION', 6, 15), 4918)
(('VIOLATION', 6, 16), 4699)
(('VIOLATION', 6, 17), 4737)
(('VIOLATION', 6, 18), 4981)
(('VIOLATION', 6, 19), 4875)
(('VIOLATION', 6, 20), 4989)
(('VIOLATION', 6, 21), 4444)
(('VIOLATION', 6, 22), 3964)
(('VIOLATION', 6, 23), 3224)
(('VIOLATION', 6, 24), 10)
(('VIOLATION', 6, 99), 2)
