0-0,0,0,655
1015-10,1015,10,2
1015-11,1015,11,1
1015-12,1015,12,2
1015-9,1015,9,2
1900-11,1900,11,1
1900-3,1900,3,1
1900-5,1900,5,1
1900-8,1900,8,2
1905-10,1905,10,1
1905-7,1905,7,1
1906-11,1906,11,1
1908-11,1908,11,2
1908-2,1908,2,1
1909-11,1909,11,1
1909-12,1909,12,2
1910-1,1910,1,2
1910-11,1910,11,2
1910-4,1910,4,2
1910-9,1910,9,3
1911-10,1911,10,1
1911-2,1911,2,1
1911-5,1911,5,1
1911-6,1911,6,1
1911-7,1911,7,2
1911-8,1911,8,1
1912-1,1912,1,2
1912-12,1912,12,1
1912-2,1912,2,1
1912-3,1912,3,2
1912-4,1912,4,1
1912-5,1912,5,1
1912-7,1912,7,1
1913-1,1913,1,1
1913-10,1913,10,1
1913-11,1913,11,1
1913-12,1913,12,1
1913-2,1913,2,1
1913-4,1913,4,1
1913-8,1913,8,1
1913-9,1913,9,2
1914-1,1914,1,1
1914-12,1914,12,1
1914-2,1914,2,1
1914-4,1914,4,2
1914-6,1914,6,2
1914-8,1914,8,2
1914-9,1914,9,1
1915-1,1915,1,1
1915-8,1915,8,4
1915-9,1915,9,2
1919-3,1919,3,1
1920-2,1920,2,2
1920-4,1920,4,1
1920-5,1920,5,2
1920-9,1920,9,1
1922-11,1922,11,1
1929-10,1929,10,1
1930-6,1930,6,1
1938-5,1938,5,1
1940-9,1940,9,1
1941-3,1941,3,1
1941-5,1941,5,1
1942-3,1942,3,1
1942-7,1942,7,1
1945-10,1945,10,1
1945-2,1945,2,1
1946-10,1946,10,1
1948-1,1948,1,1
1950-4,1950,4,1
1950-6,1950,6,1
1950-8,1950,8,1
1954-1,1954,1,1
1954-12,1954,12,1
1955-11,1955,11,1
1955-3,1955,3,1
1955-6,1955,6,1
1956-12,1956,12,1
1958-12,1958,12,1
1959-3,1959,3,1
1959-5,1959,5,1
1960-1,1960,1,1
1960-10,1960,10,1
1960-11,1960,11,3
1960-2,1960,2,1
1960-6,1960,6,1
1960-7,1960,7,1
1961-10,1961,10,1
1962-1,1962,1,1
1962-10,1962,10,1
1962-12,1962,12,1
1964-1,1964,1,1
1965-1,1965,1,1
1965-11,1965,11,1
1965-12,1965,12,2
1965-5,1965,5,1
1966-1,1966,1,4
1966-10,1966,10,2
1966-11,1966,11,1
1966-12,1966,12,3
1966-2,1966,2,2
1966-3,1966,3,3
1966-4,1966,4,4
1966-5,1966,5,2
1966-6,1966,6,2
1966-8,1966,8,1
1966-9,1966,9,2
1967-1,1967,1,1
1967-10,1967,10,2
1967-12,1967,12,1
1967-2,1967,2,1
1967-3,1967,3,2
1967-4,1967,4,2
1967-5,1967,5,2
1967-7,1967,7,1
1967-9,1967,9,1
1968-1,1968,1,2
1968-11,1968,11,1
1968-12,1968,12,1
1968-2,1968,2,2
1968-3,1968,3,1
1968-4,1968,4,1
1968-9,1968,9,2
1969-1,1969,1,1
1969-10,1969,10,1
1969-11,1969,11,1
1969-12,1969,12,1
1969-3,1969,3,1
1969-9,1969,9,1
1970-1,1970,1,2
1970-10,1970,10,2
1970-2,1970,2,1
1970-8,1970,8,1
1971-1,1971,1,1
1971-3,1971,3,1
1971-8,1971,8,1
1972-1,1972,1,1
1972-2,1972,2,1
1972-7,1972,7,2
1972-8,1972,8,1
1973-1,1973,1,1
1973-11,1973,11,1
1973-3,1973,3,1
1973-4,1973,4,1
1973-6,1973,6,1
1973-7,1973,7,1
1973-8,1973,8,1
1974-1,1974,1,4
1974-10,1974,10,2
1974-6,1974,6,1
1974-8,1974,8,1
1974-9,1974,9,1
1975-1,1975,1,1
1975-10,1975,10,4
1975-4,1975,4,1
1975-5,1975,5,1
1975-7,1975,7,1
1976-1,1976,1,1
1976-3,1976,3,1
1976-8,1976,8,1
1977-1,1977,1,1
1977-10,1977,10,3
1977-11,1977,11,1
1977-3,1977,3,1
1977-5,1977,5,1
1977-9,1977,9,1
1978-1,1978,1,2
1978-2,1978,2,1
1978-6,1978,6,1
1978-7,1978,7,1
1979-12,1979,12,2
1979-3,1979,3,1
1979-5,1979,5,1
1979-6,1979,6,1
1979-7,1979,7,1
1979-8,1979,8,1
1979-9,1979,9,2
1980-1,1980,1,2
1980-10,1980,10,1
1980-12,1980,12,1
1980-2,1980,2,1
1980-3,1980,3,2
1980-4,1980,4,1
1980-6,1980,6,1
1980-7,1980,7,1
1980-8,1980,8,3
1981-1,1981,1,1
1981-10,1981,10,2
1981-7,1981,7,2
1981-8,1981,8,2
1981-9,1981,9,1
1982-10,1982,10,1
1982-11,1982,11,2
1982-6,1982,6,1
1982-8,1982,8,2
1982-9,1982,9,1
1983-11,1983,11,1
1983-2,1983,2,1
1983-4,1983,4,1
1984-1,1984,1,3
1984-11,1984,11,1
1984-4,1984,4,1
1984-7,1984,7,2
1985-1,1985,1,1
1985-10,1985,10,1
1985-11,1985,11,1
1985-12,1985,12,1
1985-2,1985,2,1
1985-3,1985,3,3
1985-4,1985,4,1
1985-5,1985,5,2
1985-7,1985,7,3
1985-8,1985,8,2
1985-9,1985,9,2
1986-1,1986,1,4
1986-10,1986,10,3
1986-12,1986,12,2
1986-2,1986,2,5
1986-3,1986,3,2
1986-4,1986,4,1
1986-5,1986,5,1
1986-6,1986,6,3
1986-7,1986,7,1
1986-8,1986,8,1
1986-9,1986,9,4
1987-1,1987,1,1
1987-10,1987,10,1
1987-11,1987,11,1
1987-4,1987,4,2
1987-5,1987,5,1
1987-6,1987,6,3
1987-8,1987,8,1
1987-9,1987,9,2
1988-1,1988,1,6
1988-11,1988,11,1
1988-12,1988,12,2
1988-4,1988,4,1
1988-5,1988,5,3
1988-6,1988,6,2
1988-7,1988,7,1
1989-1,1989,1,6
1989-10,1989,10,4
1989-11,1989,11,1
1989-12,1989,12,2
1989-2,1989,2,1
1989-3,1989,3,2
1989-4,1989,4,2
1989-6,1989,6,1
1989-7,1989,7,1
1989-8,1989,8,2
1989-9,1989,9,1
1990-1,1990,1,13
1990-10,1990,10,4
1990-11,1990,11,3
1990-12,1990,12,1
1990-2,1990,2,2
1990-3,1990,3,2
1990-4,1990,4,2
1990-5,1990,5,2
1990-6,1990,6,1
1990-7,1990,7,1
1990-9,1990,9,3
1991-1,1991,1,12
1991-10,1991,10,2
1991-11,1991,11,3
1991-2,1991,2,2
1991-3,1991,3,1
1991-4,1991,4,1
1991-6,1991,6,1
1991-7,1991,7,2
1991-8,1991,8,3
1992-1,1992,1,19
1992-10,1992,10,1
1992-11,1992,11,3
1992-12,1992,12,4
1992-2,1992,2,3
1992-3,1992,3,1
1992-4,1992,4,1
1992-5,1992,5,2
1992-6,1992,6,2
1992-7,1992,7,3
1992-8,1992,8,2
1992-9,1992,9,3
1993-1,1993,1,16
1993-10,1993,10,1
1993-11,1993,11,1
1993-12,1993,12,4
1993-3,1993,3,3
1993-4,1993,4,3
1993-5,1993,5,3
1993-6,1993,6,4
1993-7,1993,7,4
1993-8,1993,8,1
1993-9,1993,9,2
1994-1,1994,1,28
1994-10,1994,10,7
1994-11,1994,11,5
1994-2,1994,2,1
1994-3,1994,3,2
1994-4,1994,4,2
1994-5,1994,5,2
1994-6,1994,6,3
1994-7,1994,7,5
1994-8,1994,8,6
1994-9,1994,9,2
1995-1,1995,1,30
1995-10,1995,10,6
1995-11,1995,11,4
1995-12,1995,12,6
1995-2,1995,2,2
1995-3,1995,3,3
1995-4,1995,4,1
1995-5,1995,5,2
1995-6,1995,6,4
1995-7,1995,7,4
1995-8,1995,8,5
1995-9,1995,9,6
1996-1,1996,1,36
1996-10,1996,10,8
1996-11,1996,11,6
1996-12,1996,12,8
1996-2,1996,2,5
1996-3,1996,3,5
1996-4,1996,4,5
1996-5,1996,5,12
1996-6,1996,6,6
1996-7,1996,7,7
1996-8,1996,8,9
1996-9,1996,9,13
1997-1,1997,1,33
1997-10,1997,10,10
1997-11,1997,11,12
1997-12,1997,12,7
1997-2,1997,2,7
1997-3,1997,3,7
1997-4,1997,4,7
1997-5,1997,5,9
1997-6,1997,6,13
1997-7,1997,7,8
1997-8,1997,8,8
1997-9,1997,9,10
1998-1,1998,1,75
1998-10,1998,10,17
1998-11,1998,11,10
1998-12,1998,12,16
1998-2,1998,2,6
1998-3,1998,3,13
1998-4,1998,4,6
1998-5,1998,5,9
1998-6,1998,6,21
1998-7,1998,7,13
1998-8,1998,8,18
1998-9,1998,9,12
1999-1,1999,1,101
1999-10,1999,10,20
1999-11,1999,11,22
1999-12,1999,12,29
1999-2,1999,2,13
1999-3,1999,3,17
1999-4,1999,4,21
1999-5,1999,5,18
1999-6,1999,6,29
1999-7,1999,7,13
1999-8,1999,8,24
1999-9,1999,9,27
2000-1,2000,1,176
2000-10,2000,10,65
2000-11,2000,11,48
2000-12,2000,12,68
2000-2,2000,2,59
2000-3,2000,3,72
2000-4,2000,4,54
2000-5,2000,5,52
2000-6,2000,6,76
2000-7,2000,7,93
2000-8,2000,8,73
2000-9,2000,9,66
2001-1,2001,1,217
2001-10,2001,10,65
2001-11,2001,11,66
2001-12,2001,12,75
2001-2,2001,2,59
2001-3,2001,3,59
2001-4,2001,4,59
2001-5,2001,5,66
2001-6,2001,6,91
2001-7,2001,7,75
2001-8,2001,8,82
2001-9,2001,9,72
2002-1,2002,1,241
2002-10,2002,10,87
2002-11,2002,11,88
2002-12,2002,12,96
2002-2,2002,2,60
2002-3,2002,3,46
2002-4,2002,4,57
2002-5,2002,5,55
2002-6,2002,6,74
2002-7,2002,7,71
2002-8,2002,8,80
2002-9,2002,9,84
2003-1,2003,1,308
2003-10,2003,10,118
2003-11,2003,11,107
2003-12,2003,12,122
2003-2,2003,2,90
2003-3,2003,3,126
2003-4,2003,4,105
2003-5,2003,5,111
2003-6,2003,6,116
2003-7,2003,7,108
2003-8,2003,8,100
2003-9,2003,9,124
2004-1,2004,1,399
2004-10,2004,10,149
2004-11,2004,11,180
2004-12,2004,12,229
2004-2,2004,2,110
2004-3,2004,3,120
2004-4,2004,4,161
2004-5,2004,5,112
2004-6,2004,6,154
2004-7,2004,7,156
2004-8,2004,8,157
2004-9,2004,9,168
2005-1,2005,1,928
2005-10,2005,10,898
2005-11,2005,11,1302
2005-12,2005,12,3996
2005-2,2005,2,339
2005-3,2005,3,360
2005-4,2005,4,335
2005-5,2005,5,361
2005-6,2005,6,469
2005-7,2005,7,466
2005-8,2005,8,595
2005-9,2005,9,718
2006-1,2006,1,45296
2006-10,2006,10,46870
2006-11,2006,11,43298
2006-12,2006,12,43293
2006-2,2006,2,38230
2006-3,2006,3,45217
2006-4,2006,4,43546
2006-5,2006,5,46824
2006-6,2006,6,46214
2006-7,2006,7,47278
2006-8,2006,8,47295
2006-9,2006,9,45663
2007-1,2007,1,45108
2007-10,2007,10,48074
2007-11,2007,11,42830
2007-12,2007,12,42160
2007-2,2007,2,36914
2007-3,2007,3,43684
2007-4,2007,4,42528
2007-5,2007,5,47621
2007-6,2007,6,46296
2007-7,2007,7,47297
2007-8,2007,8,47634
2007-9,2007,9,47055
2008-1,2008,1,45390
2008-10,2008,10,45387
2008-11,2008,11,41101
2008-12,2008,12,40433
2008-2,2008,2,39742
2008-3,2008,3,44186
2008-4,2008,4,43087
2008-5,2008,5,45263
2008-6,2008,6,45594
2008-7,2008,7,46583
2008-8,2008,8,47097
2008-9,2008,9,44812
2009-1,2009,1,41081
2009-10,2009,10,44717
2009-11,2009,11,41679
2009-12,2009,12,39288
2009-2,2009,2,37408
2009-3,2009,3,42821
2009-4,2009,4,41401
2009-5,2009,5,44373
2009-6,2009,6,43355
2009-7,2009,7,45228
2009-8,2009,8,46043
2009-9,2009,9,43552
2010-1,2010,1,42911
2010-10,2010,10,45826
2010-11,2010,11,41269
2010-12,2010,12,36755
2010-2,2010,2,34186
2010-3,2010,3,42539
2010-4,2010,4,42909
2010-5,2010,5,44929
2010-6,2010,6,44507
2010-7,2010,7,45169
2010-8,2010,8,44307
2010-9,2010,9,44418
2011-1,2011,1,38257
2011-10,2011,10,41980
2011-11,2011,11,41188
2011-12,2011,12,40607
2011-2,2011,2,36538
2011-3,2011,3,41767
2011-4,2011,4,41053
2011-5,2011,5,43740
2011-6,2011,6,43791
2011-7,2011,7,44901
2011-8,2011,8,42957
2011-9,2011,9,41419
2012-1,2012,1,41800
2012-10,2012,10,41900
2012-11,2012,11,35860
2012-12,2012,12,39245
2012-2,2012,2,39170
2012-3,2012,3,43179
2012-4,2012,4,41586
2012-5,2012,5,44844
2012-6,2012,6,43173
2012-7,2012,7,45208
2012-8,2012,8,45561
2012-9,2012,9,42602
2013-1,2013,1,39928
2013-10,2013,10,44385
2013-11,2013,11,40495
2013-12,2013,12,39450
2013-2,2013,2,34783
2013-3,2013,3,39200
2013-4,2013,4,40124
2013-5,2013,5,42666
2013-6,2013,6,42045
2013-7,2013,7,44373
2013-8,2013,8,44295
2013-9,2013,9,43214
2014-1,2014,1,39134
2014-10,2014,10,43968
2014-11,2014,11,37804
2014-12,2014,12,34961
2014-2,2014,2,34476
2014-3,2014,3,40578
2014-4,2014,4,39687
2014-5,2014,5,44399
2014-6,2014,6,42882
2014-7,2014,7,44887
2014-8,2014,8,44825
2014-9,2014,9,42762
2015-1,2015,1,34477
2015-10,2015,10,40583
2015-11,2015,11,37258
2015-12,2015,12,35569
2015-2,2015,2,30954
2015-3,2015,3,37666
2015-4,2015,4,39197
2015-5,2015,5,42448
2015-6,2015,6,41102
2015-7,2015,7,43934
2015-8,2015,8,44322
2015-9,2015,9,41066
