(('FELONY', '01/01/1900', -99, -9), 220)
(('FELONY', '01/01/1900', 0, -1), 197956)
(('FELONY', '01/01/1900', 1, -1), 209005)
(('FELONY', '01/01/1900', 2, -1), 214109)
(('FELONY', '01/01/1900', 3, -1), 212589)
(('FELONY', '01/01/1900', 4, -1), 230481)
(('FELONY', '01/01/1900', 5, -1), 205512)
(('FELONY', '01/01/1900', 6, -1), 179759)
(('FELONY', '01/01/1974', 1, 0), 2)
(('FELONY', '03/02/2009', 0, 0), 248)
(('FELONY', '03/02/2015', 0, 0), 344)
(('FELONY', '03/03/2008', 0, 0), 426)
(('FELONY', '03/03/2009', 1, 0), 340)
(('FELONY', '03/03/2014', 0, 0), 346)
(('FELONY', '03/03/2015', 1, 0), 359)
(('FELONY', '03/04/2008', 1, 0), 410)
(('FELONY', '03/04/2009', 2, 0), 379)
(('FELONY', '03/04/2013', 0, 0), 358)
(('FELONY', '03/04/2014', 1, 0), 358)
(('FELONY', '03/04/2015', 2, 0), 376)
(('FELONY', '03/05/2007', 0, 0), 407)
(('FELONY', '03/05/2008', 2, 0), 471)
(('FELONY', '03/05/2009', 3, 0), 406)
(('FELONY', '03/05/2012', 0, 0), 357)
(('FELONY', '03/05/2013', 1, 0), 381)
(('FELONY', '03/05/2014', 2, 0), 377)
(('FELONY', '03/05/2015', 3, 0), 318)
(('FELONY', '03/06/2007', 1, 0), 337)
(('FELONY', '03/06/2008', 3, 0), 413)
(('FELONY', '03/06/2009', 4, 0), 464)
(('FELONY', '03/06/2012', 1, 0), 349)
(('FELONY', '03/06/2013', 2, 0), 382)
(('FELONY', '03/06/2014', 3, 0), 409)
(('FELONY', '03/06/2015', 4, 0), 367)
(('FELONY', '03/07/2007', 2, 0), 409)
(('FELONY', '03/07/2008', 4, 0), 476)
(('FELONY', '03/07/2009', 5, 0), 435)
(('FELONY', '03/07/2011', 0, 0), 300)
(('FELONY', '03/07/2012', 2, 0), 399)
(('FELONY', '03/07/2013', 3, 0), 374)
(('FELONY', '03/07/2014', 4, 0), 461)
(('FELONY', '03/07/2015', 5, 0), 353)
(('FELONY', '03/08/2007', 3, 0), 425)
(('FELONY', '03/08/2008', 5, 0), 366)
(('FELONY', '03/08/2009', 6, 0), 326)
(('FELONY', '03/08/2010', 0, 0), 378)
(('FELONY', '03/08/2011', 1, 0), 360)
(('FELONY', '03/08/2012', 3, 0), 411)
(('FELONY', '03/08/2013', 4, 0), 432)
(('FELONY', '03/08/2014', 5, 0), 434)
(('FELONY', '03/08/2015', 6, 0), 341)
(('FELONY', '03/09/2007', 4, 0), 493)
(('FELONY', '03/09/2008', 6, 0), 363)
(('FELONY', '03/09/2009', 0, 1), 361)
(('FELONY', '03/09/2010', 1, 0), 368)
(('FELONY', '03/09/2011', 2, 0), 381)
(('FELONY', '03/09/2012', 4, 0), 426)
(('FELONY', '03/09/2013', 5, 0), 365)
(('FELONY', '03/09/2014', 6, 0), 326)
(('FELONY', '03/09/2015', 0, 1), 383)
(('FELONY', '03/10/2007', 5, 0), 416)
(('FELONY', '03/10/2008', 0, 1), 408)
(('FELONY', '03/10/2009', 1, 1), 423)
(('FELONY', '03/10/2010', 2, 0), 436)
(('FELONY', '03/10/2011', 3, 0), 354)
(('FELONY', '03/10/2012', 5, 0), 401)
(('FELONY', '03/10/2013', 6, 0), 316)
(('FELONY', '03/10/2014', 0, 1), 407)
(('FELONY', '03/10/2015', 1, 1), 385)
(('FELONY', '03/11/2007', 6, 0), 353)
(('FELONY', '03/11/2008', 1, 1), 393)
(('FELONY', '03/11/2009', 2, 1), 470)
(('FELONY', '03/11/2010', 3, 0), 395)
(('FELONY', '03/11/2011', 4, 0), 479)
(('FELONY', '03/11/2012', 6, 0), 315)
(('FELONY', '03/11/2013', 0, 1), 374)
(('FELONY', '03/11/2014', 1, 1), 360)
(('FELONY', '03/11/2015', 2, 1), 405)
(('FELONY', '03/12/2007', 0, 1), 439)
(('FELONY', '03/12/2008', 2, 1), 440)
(('FELONY', '03/12/2009', 3, 1), 392)
(('FELONY', '03/12/2010', 4, 0), 422)
(('FELONY', '03/12/2011', 5, 0), 421)
(('FELONY', '03/12/2012', 0, 1), 418)
(('FELONY', '03/12/2013', 1, 1), 334)
(('FELONY', '03/12/2014', 2, 1), 421)
(('FELONY', '03/12/2015', 3, 1), 378)
(('FELONY', '03/13/2007', 1, 1), 456)
(('FELONY', '03/13/2008', 3, 1), 465)
(('FELONY', '03/13/2009', 4, 1), 437)
(('FELONY', '03/13/2010', 5, 0), 291)
(('FELONY', '03/13/2011', 6, 0), 310)
(('FELONY', '03/13/2012', 1, 1), 389)
(('FELONY', '03/13/2013', 2, 1), 445)
(('FELONY', '03/13/2014', 3, 1), 374)
(('FELONY', '03/13/2015', 4, 1), 388)
(('FELONY', '03/14/2007', 2, 1), 478)
(('FELONY', '03/14/2008', 4, 1), 504)
(('FELONY', '03/14/2009', 5, 1), 376)
(('FELONY', '03/14/2010', 6, 0), 286)
(('FELONY', '03/14/2011', 0, 1), 356)
(('FELONY', '03/14/2012', 2, 1), 388)
(('FELONY', '03/14/2013', 3, 1), 386)
(('FELONY', '03/14/2014', 4, 1), 418)
(('FELONY', '03/14/2015', 5, 1), 405)
(('FELONY', '03/15/2007', 3, 1), 463)
(('FELONY', '03/15/2008', 5, 1), 467)
(('FELONY', '03/15/2009', 6, 1), 306)
(('FELONY', '03/15/2010', 0, 1), 393)
(('FELONY', '03/15/2011', 1, 1), 434)
(('FELONY', '03/15/2012', 3, 1), 432)
(('FELONY', '03/15/2013', 4, 1), 468)
(('FELONY', '03/15/2014', 5, 1), 440)
(('FELONY', '03/15/2015', 6, 1), 344)
(('FELONY', '03/16/2007', 4, 1), 386)
(('FELONY', '03/16/2008', 6, 1), 325)
(('FELONY', '03/16/2010', 1, 1), 412)
(('FELONY', '03/16/2011', 2, 1), 364)
(('FELONY', '03/16/2012', 4, 1), 452)
(('FELONY', '03/16/2013', 5, 1), 352)
(('FELONY', '03/16/2014', 6, 1), 323)
(('FELONY', '03/17/2007', 5, 1), 272)
(('FELONY', '03/17/2010', 2, 1), 432)
(('FELONY', '03/17/2011', 3, 1), 409)
(('FELONY', '03/17/2012', 5, 1), 430)
(('FELONY', '03/17/2013', 6, 1), 333)
(('FELONY', '03/18/2007', 6, 1), 328)
(('FELONY', '03/18/2010', 3, 1), 429)
(('FELONY', '03/18/2011', 4, 1), 419)
(('FELONY', '03/18/2012', 6, 1), 356)
(('FELONY', '03/19/2010', 4, 1), 486)
(('FELONY', '03/19/2011', 5, 1), 415)
(('FELONY', '03/20/2010', 5, 1), 406)
(('FELONY', '03/20/2011', 6, 1), 327)
(('FELONY', '03/21/2010', 6, 1), 328)
(('FELONY', '03/27/2001', 1, 0), 1)
(('FELONY', '03/27/2006', 0, 0), 466)
(('FELONY', '03/28/2000', 1, 0), 1)
(('FELONY', '03/28/2005', 0, 0), 4)
(('FELONY', '03/28/2006', 1, 0), 476)
(('FELONY', '03/29/2004', 0, 0), 2)
(('FELONY', '03/29/2005', 1, 0), 6)
(('FELONY', '03/29/2006', 2, 0), 467)
(('FELONY', '03/30/2001', 4, 0), 4)
(('FELONY', '03/30/2004', 1, 0), 2)
(('FELONY', '03/30/2005', 2, 0), 4)
(('FELONY', '03/30/2006', 3, 0), 466)
(('FELONY', '03/31/2000', 4, 0), 2)
(('FELONY', '03/31/2003', 0, 0), 4)
(('FELONY', '03/31/2004', 2, 0), 3)
(('FELONY', '03/31/2005', 3, 0), 1)
(('FELONY', '03/31/2006', 4, 0), 475)
(('FELONY', '04/01/1990', 6, 0), 1)
(('FELONY', '04/01/1991', 0, 0), 1)
(('FELONY', '04/01/1994', 4, 0), 1)
(('FELONY', '04/01/1996', 0, 0), 2)
(('FELONY', '04/01/1997', 1, 0), 4)
(('FELONY', '04/01/1998', 2, 0), 2)
(('FELONY', '04/01/1999', 3, 0), 12)
(('FELONY', '04/01/2000', 5, 0), 11)
(('FELONY', '04/01/2001', 6, 0), 20)
(('FELONY', '04/01/2002', 0, 0), 13)
(('FELONY', '04/01/2003', 1, 0), 20)
(('FELONY', '04/01/2004', 3, 0), 33)
(('FELONY', '04/01/2005', 4, 0), 50)
(('FELONY', '04/01/2006', 5, 0), 558)
(('FELONY', '04/02/1990', 0, 1), 1)
(('FELONY', '04/02/1993', 4, 0), 1)
(('FELONY', '04/02/2003', 2, 0), 4)
(('FELONY', '04/02/2004', 4, 0), 3)
(('FELONY', '04/02/2005', 5, 0), 1)
(('FELONY', '04/02/2006', 6, 0), 362)
(('FELONY', '04/03/2000', 0, 1), 2)
(('FELONY', '04/03/2002', 2, 0), 1)
(('FELONY', '04/03/2003', 3, 0), 1)
(('FELONY', '04/03/2004', 5, 0), 1)
(('FELONY', '04/03/2005', 6, 0), 7)
(('FELONY', '04/03/2006', 0, 1), 396)
(('FELONY', '04/04/2000', 1, 1), 1)
(('FELONY', '04/04/2001', 2, 1), 2)
(('FELONY', '04/04/2002', 3, 0), 2)
(('FELONY', '04/04/2003', 4, 0), 5)
(('FELONY', '04/04/2004', 6, 0), 3)
(('FELONY', '04/04/2005', 0, 1), 9)
(('FELONY', '04/04/2006', 1, 1), 477)
(('FELONY', '04/05/2000', 2, 1), 2)
(('FELONY', '04/05/2001', 3, 1), 1)
(('FELONY', '04/05/2002', 4, 0), 1)
(('FELONY', '04/05/2003', 5, 0), 1)
(('FELONY', '04/05/2004', 0, 1), 4)
(('FELONY', '04/05/2005', 1, 1), 10)
(('FELONY', '04/05/2006', 2, 1), 455)
(('FELONY', '04/06/1999', 1, 1), 1)
(('FELONY', '04/06/2002', 5, 0), 1)
(('FELONY', '04/06/2003', 6, 0), 2)
(('FELONY', '04/06/2004', 1, 1), 2)
(('FELONY', '04/06/2005', 2, 1), 2)
(('FELONY', '04/06/2006', 3, 1), 484)
(('FELONY', '04/07/1997', 0, 1), 1)
(('FELONY', '04/07/2000', 4, 1), 1)
(('FELONY', '04/07/2001', 5, 1), 1)
(('FELONY', '04/07/2003', 0, 1), 3)
(('FELONY', '04/07/2004', 2, 1), 2)
(('FELONY', '04/07/2005', 3, 1), 2)
(('FELONY', '04/07/2006', 4, 1), 556)
(('FELONY', '04/08/2002', 0, 1), 2)
(('FELONY', '04/08/2003', 1, 1), 2)
(('FELONY', '04/08/2004', 3, 1), 3)
(('FELONY', '04/08/2005', 4, 1), 3)
(('FELONY', '04/08/2006', 5, 1), 429)
(('FELONY', '04/09/2000', 6, 1), 1)
(('FELONY', '04/09/2002', 1, 1), 1)
(('FELONY', '04/09/2003', 2, 1), 1)
(('FELONY', '04/09/2004', 4, 1), 2)
(('FELONY', '04/09/2005', 5, 1), 2)
(('FELONY', '04/09/2006', 6, 1), 335)
(('FELONY', '04/10/2002', 2, 1), 2)
(('FELONY', '04/10/2003', 3, 1), 6)
(('FELONY', '04/10/2004', 5, 1), 1)
(('FELONY', '04/10/2005', 6, 1), 2)
(('FELONY', '04/11/2003', 4, 1), 1)
(('FELONY', '04/11/2004', 6, 1), 1)
(('FELONY', '04/12/2002', 4, 1), 3)
(('FELONY', '04/21/1983', 3, 0), 1)
(('FELONY', '04/30/1980', 2, 1), 1)
(('FELONY', '05/01/1938', 6, 1), 1)
(('FELONY', '05/01/1977', 6, 1), 1)
(('FELONY', '10/20/1997', 0, 1), 1)
(('FELONY', '10/20/2003', 0, 1), 1)
(('FELONY', '10/21/2002', 0, 1), 2)
(('FELONY', '10/22/1981', 3, 1), 1)
(('FELONY', '10/22/1997', 2, 1), 1)
(('FELONY', '10/22/2001', 0, 1), 1)
(('FELONY', '10/22/2002', 1, 1), 1)
(('FELONY', '10/22/2003', 2, 1), 2)
(('FELONY', '10/23/1986', 3, 1), 1)
(('FELONY', '10/23/1992', 4, 1), 1)
(('FELONY', '10/23/2001', 1, 1), 2)
(('FELONY', '10/23/2002', 2, 1), 1)
(('FELONY', '10/23/2003', 3, 1), 4)
(('FELONY', '10/23/2006', 0, 1), 509)
(('FELONY', '10/24/1975', 4, 1), 1)
(('FELONY', '10/24/2000', 1, 1), 1)
(('FELONY', '10/24/2002', 3, 1), 2)
(('FELONY', '10/24/2005', 0, 1), 20)
(('FELONY', '10/24/2006', 1, 1), 489)
(('FELONY', '10/25/1977', 1, 1), 2)
(('FELONY', '10/25/1996', 4, 1), 1)
(('FELONY', '10/25/2001', 3, 1), 1)
(('FELONY', '10/25/2002', 4, 1), 1)
(('FELONY', '10/25/2003', 5, 1), 1)
(('FELONY', '10/25/2004', 0, 1), 1)
(('FELONY', '10/25/2005', 1, 1), 11)
(('FELONY', '10/25/2006', 2, 1), 528)
(('FELONY', '10/26/1994', 2, 1), 1)
(('FELONY', '10/26/1996', 5, 1), 1)
(('FELONY', '10/26/2002', 5, 1), 1)
(('FELONY', '10/26/2003', 6, 1), 1)
(('FELONY', '10/26/2005', 2, 1), 14)
(('FELONY', '10/26/2006', 3, 1), 488)
(('FELONY', '10/26/2009', 0, 1), 397)
(('FELONY', '10/26/2015', 0, 1), 377)
(('FELONY', '10/27/1998', 1, 0), 1)
(('FELONY', '10/27/2000', 4, 1), 1)
(('FELONY', '10/27/2003', 0, 0), 4)
(('FELONY', '10/27/2004', 2, 1), 3)
(('FELONY', '10/27/2005', 3, 1), 11)
(('FELONY', '10/27/2006', 4, 1), 533)
(('FELONY', '10/27/2008', 0, 1), 458)
(('FELONY', '10/27/2009', 1, 1), 415)
(('FELONY', '10/27/2014', 0, 1), 449)
(('FELONY', '10/27/2015', 1, 1), 383)
(('FELONY', '10/28/1999', 3, 1), 1)
(('FELONY', '10/28/2000', 5, 1), 1)
(('FELONY', '10/28/2001', 6, 1), 1)
(('FELONY', '10/28/2002', 0, 0), 1)
(('FELONY', '10/28/2003', 1, 0), 2)
(('FELONY', '10/28/2004', 3, 1), 2)
(('FELONY', '10/28/2005', 4, 1), 15)
(('FELONY', '10/28/2006', 5, 1), 474)
(('FELONY', '10/28/2008', 1, 1), 396)
(('FELONY', '10/28/2009', 2, 1), 415)
(('FELONY', '10/28/2013', 0, 1), 408)
(('FELONY', '10/28/2014', 1, 1), 419)
(('FELONY', '10/28/2015', 2, 1), 366)
(('FELONY', '10/29/2000', 6, 1), 1)
(('FELONY', '10/29/2001', 0, 0), 1)
(('FELONY', '10/29/2003', 2, 0), 1)
(('FELONY', '10/29/2004', 4, 1), 2)
(('FELONY', '10/29/2005', 5, 1), 13)
(('FELONY', '10/29/2006', 6, 1), 419)
(('FELONY', '10/29/2007', 0, 1), 427)
(('FELONY', '10/29/2008', 2, 1), 474)
(('FELONY', '10/29/2009', 3, 1), 479)
(('FELONY', '10/29/2012', 0, 1), 304)
(('FELONY', '10/29/2013', 1, 1), 424)
(('FELONY', '10/29/2014', 2, 1), 431)
(('FELONY', '10/29/2015', 3, 1), 413)
(('FELONY', '10/30/1970', 4, 0), 1)
(('FELONY', '10/30/1986', 3, 0), 2)
(('FELONY', '10/30/1999', 5, 1), 1)
(('FELONY', '10/30/2001', 1, 0), 1)
(('FELONY', '10/30/2002', 2, 0), 3)
(('FELONY', '10/30/2004', 5, 1), 4)
(('FELONY', '10/30/2005', 6, 1), 10)
(('FELONY', '10/30/2006', 0, 0), 467)
(('FELONY', '10/30/2007', 1, 1), 477)
(('FELONY', '10/30/2008', 3, 1), 488)
(('FELONY', '10/30/2009', 4, 1), 501)
(('FELONY', '10/30/2012', 1, 1), 312)
(('FELONY', '10/30/2013', 2, 1), 466)
(('FELONY', '10/30/2014', 3, 1), 435)
(('FELONY', '10/30/2015', 4, 1), 466)
(('FELONY', '10/31/1981', 5, 0), 1)
(('FELONY', '10/31/2000', 1, 0), 4)
(('FELONY', '10/31/2002', 3, 0), 1)
(('FELONY', '10/31/2003', 4, 0), 2)
(('FELONY', '10/31/2005', 0, 0), 22)
(('FELONY', '10/31/2006', 1, 0), 579)
(('FELONY', '10/31/2007', 2, 1), 546)
(('FELONY', '10/31/2008', 4, 1), 551)
(('FELONY', '10/31/2009', 5, 1), 488)
(('FELONY', '10/31/2011', 0, 1), 448)
(('FELONY', '10/31/2012', 2, 1), 361)
(('FELONY', '10/31/2013', 3, 1), 526)
(('FELONY', '10/31/2014', 4, 1), 528)
(('FELONY', '10/31/2015', 5, 1), 511)
(('FELONY', '11/01/1983', 1, 0), 1)
(('FELONY', '11/01/1992', 6, 0), 1)
(('FELONY', '11/01/1993', 0, 0), 1)
(('FELONY', '11/01/1994', 1, 0), 2)
(('FELONY', '11/01/1995', 2, 0), 1)
(('FELONY', '11/01/1996', 4, 0), 2)
(('FELONY', '11/01/1997', 5, 0), 4)
(('FELONY', '11/01/1998', 6, 0), 2)
(('FELONY', '11/01/1999', 0, 0), 7)
(('FELONY', '11/01/2000', 2, 0), 14)
(('FELONY', '11/01/2001', 3, 0), 24)
(('FELONY', '11/01/2002', 4, 0), 20)
(('FELONY', '11/01/2003', 5, 0), 31)
(('FELONY', '11/01/2004', 0, 0), 39)
(('FELONY', '11/01/2005', 1, 0), 130)
(('FELONY', '11/01/2006', 2, 0), 675)
(('FELONY', '11/01/2007', 3, 1), 630)
(('FELONY', '11/01/2008', 5, 1), 591)
(('FELONY', '11/01/2009', 6, 1), 467)
(('FELONY', '11/01/2010', 0, 1), 459)
(('FELONY', '11/01/2011', 1, 1), 538)
(('FELONY', '11/01/2012', 3, 1), 430)
(('FELONY', '11/01/2013', 4, 1), 578)
(('FELONY', '11/01/2014', 5, 1), 491)
(('FELONY', '11/01/2015', 6, 1), 442)
(('FELONY', '11/02/1999', 1, 0), 1)
(('FELONY', '11/02/2001', 4, 0), 1)
(('FELONY', '11/02/2002', 5, 0), 7)
(('FELONY', '11/02/2003', 6, 0), 3)
(('FELONY', '11/02/2004', 1, 0), 3)
(('FELONY', '11/02/2005', 2, 0), 15)
(('FELONY', '11/02/2006', 3, 0), 499)
(('FELONY', '11/02/2007', 4, 1), 519)
(('FELONY', '11/02/2008', 6, 1), 368)
(('FELONY', '11/02/2009', 0, 0), 426)
(('FELONY', '11/02/2010', 1, 1), 398)
(('FELONY', '11/02/2011', 2, 1), 404)
(('FELONY', '11/02/2012', 4, 1), 368)
(('FELONY', '11/02/2013', 5, 1), 479)
(('FELONY', '11/02/2014', 6, 1), 347)
(('FELONY', '11/02/2015', 0, 0), 400)
(('FELONY', '11/03/1985', 6, 0), 1)
(('FELONY', '11/03/1996', 6, 0), 1)
(('FELONY', '11/03/1999', 2, 0), 1)
(('FELONY', '11/03/2001', 5, 0), 1)
(('FELONY', '11/03/2002', 6, 0), 1)
(('FELONY', '11/03/2004', 2, 0), 3)
(('FELONY', '11/03/2005', 3, 0), 9)
(('FELONY', '11/03/2006', 4, 0), 559)
(('FELONY', '11/03/2007', 5, 1), 444)
(('FELONY', '11/03/2008', 0, 0), 438)
(('FELONY', '11/03/2009', 1, 0), 405)
(('FELONY', '11/03/2010', 2, 1), 444)
(('FELONY', '11/03/2011', 3, 1), 410)
(('FELONY', '11/03/2012', 5, 1), 363)
(('FELONY', '11/03/2013', 6, 1), 336)
(('FELONY', '11/03/2014', 0, 0), 414)
(('FELONY', '11/03/2015', 1, 0), 399)
(('FELONY', '11/04/1984', 6, 0), 1)
(('FELONY', '11/04/1999', 3, 0), 1)
(('FELONY', '11/04/2004', 3, 0), 6)
(('FELONY', '11/04/2005', 4, 0), 10)
(('FELONY', '11/04/2006', 5, 0), 395)
(('FELONY', '11/04/2007', 6, 1), 388)
(('FELONY', '11/04/2008', 1, 0), 395)
(('FELONY', '11/04/2009', 2, 0), 427)
(('FELONY', '11/04/2010', 3, 1), 380)
(('FELONY', '11/04/2011', 4, 1), 457)
(('FELONY', '11/04/2012', 6, 1), 350)
(('FELONY', '11/04/2013', 0, 0), 354)
(('FELONY', '11/04/2014', 1, 0), 431)
(('FELONY', '11/04/2015', 2, 0), 447)
(('FELONY', '11/05/2004', 4, 0), 1)
(('FELONY', '11/05/2005', 5, 0), 30)
(('FELONY', '11/05/2006', 6, 0), 415)
(('FELONY', '11/05/2007', 0, 0), 469)
(('FELONY', '11/05/2008', 2, 0), 507)
(('FELONY', '11/05/2009', 3, 0), 436)
(('FELONY', '11/05/2010', 4, 1), 484)
(('FELONY', '11/05/2011', 5, 1), 426)
(('FELONY', '11/05/2012', 0, 0), 373)
(('FELONY', '11/05/2013', 1, 0), 395)
(('FELONY', '11/05/2014', 2, 0), 448)
(('FELONY', '11/05/2015', 3, 0), 458)
(('FELONY', '11/06/2004', 5, 0), 1)
(('FELONY', '11/06/2005', 6, 0), 4)
(('FELONY', '11/06/2007', 1, 0), 470)
(('FELONY', '11/06/2008', 3, 0), 478)
(('FELONY', '11/06/2009', 4, 0), 439)
(('FELONY', '11/06/2010', 5, 1), 410)
(('FELONY', '11/06/2011', 6, 1), 317)
(('FELONY', '11/06/2012', 1, 0), 336)
(('FELONY', '11/06/2013', 2, 0), 398)
(('FELONY', '11/06/2014', 3, 0), 417)
(('FELONY', '11/06/2015', 4, 0), 466)
(('FELONY', '11/07/2004', 6, 0), 3)
(('FELONY', '11/07/2007', 2, 0), 461)
(('FELONY', '11/07/2008', 4, 0), 554)
(('FELONY', '11/07/2009', 5, 0), 403)
(('FELONY', '11/07/2010', 6, 1), 377)
(('FELONY', '11/07/2011', 0, 0), 432)
(('FELONY', '11/07/2012', 2, 0), 302)
(('FELONY', '11/07/2013', 3, 0), 404)
(('FELONY', '11/07/2014', 4, 0), 485)
(('FELONY', '11/07/2015', 5, 0), 439)
(('FELONY', '11/08/2007', 3, 0), 500)
(('FELONY', '11/08/2008', 5, 0), 444)
(('FELONY', '11/08/2009', 6, 0), 387)
(('FELONY', '11/08/2010', 0, 0), 384)
(('FELONY', '11/08/2011', 1, 0), 369)
(('FELONY', '11/08/2012', 3, 0), 357)
(('FELONY', '11/08/2013', 4, 0), 475)
(('FELONY', '11/08/2014', 5, 0), 431)
(('FELONY', '11/08/2015', 6, 0), 365)
(('FELONY', '11/09/2007', 4, 0), 546)
(('FELONY', '11/09/2008', 6, 0), 400)
(('FELONY', '11/09/2010', 1, 0), 402)
(('FELONY', '11/09/2011', 2, 0), 424)
(('FELONY', '11/09/2012', 4, 0), 445)
(('FELONY', '11/09/2013', 5, 0), 432)
(('FELONY', '11/09/2014', 6, 0), 363)
(('FELONY', '11/10/2007', 5, 0), 462)
(('FELONY', '11/10/2010', 2, 0), 442)
(('FELONY', '11/10/2011', 3, 0), 447)
(('FELONY', '11/10/2012', 5, 0), 417)
(('FELONY', '11/10/2013', 6, 0), 404)
(('FELONY', '11/11/2007', 6, 0), 388)
(('FELONY', '11/11/2010', 3, 0), 377)
(('FELONY', '11/11/2011', 4, 0), 433)
(('FELONY', '11/11/2012', 6, 0), 367)
(('FELONY', '11/12/2010', 4, 0), 506)
(('FELONY', '11/12/2011', 5, 0), 387)
(('FELONY', '11/13/2010', 5, 0), 443)
(('FELONY', '11/13/2011', 6, 0), 376)
(('FELONY', '11/14/2010', 6, 0), 383)
(('MISDEMEANOR', '01/01/1900', -99, -9), 344)
(('MISDEMEANOR', '01/01/1900', 0, -1), 351241)
(('MISDEMEANOR', '01/01/1900', 1, -1), 387173)
(('MISDEMEANOR', '01/01/1900', 2, -1), 398287)
(('MISDEMEANOR', '01/01/1900', 3, -1), 392706)
(('MISDEMEANOR', '01/01/1900', 4, -1), 418247)
(('MISDEMEANOR', '01/01/1900', 5, -1), 399188)
(('MISDEMEANOR', '01/01/1900', 6, -1), 351363)
(('MISDEMEANOR', '01/01/1974', 1, 0), 1)
(('MISDEMEANOR', '03/02/2009', 0, 0), 486)
(('MISDEMEANOR', '03/02/2015', 0, 0), 589)
(('MISDEMEANOR', '03/03/2008', 0, 0), 756)
(('MISDEMEANOR', '03/03/2009', 1, 0), 668)
(('MISDEMEANOR', '03/03/2014', 0, 0), 584)
(('MISDEMEANOR', '03/03/2015', 1, 0), 616)
(('MISDEMEANOR', '03/04/2008', 1, 0), 844)
(('MISDEMEANOR', '03/04/2009', 2, 0), 770)
(('MISDEMEANOR', '03/04/2013', 0, 0), 635)
(('MISDEMEANOR', '03/04/2014', 1, 0), 702)
(('MISDEMEANOR', '03/04/2015', 2, 0), 620)
(('MISDEMEANOR', '03/05/2007', 0, 0), 712)
(('MISDEMEANOR', '03/05/2008', 2, 0), 839)
(('MISDEMEANOR', '03/05/2009', 3, 0), 913)
(('MISDEMEANOR', '03/05/2012', 0, 0), 787)
(('MISDEMEANOR', '03/05/2013', 1, 0), 758)
(('MISDEMEANOR', '03/05/2014', 2, 0), 839)
(('MISDEMEANOR', '03/05/2015', 3, 0), 594)
(('MISDEMEANOR', '03/06/2007', 1, 0), 691)
(('MISDEMEANOR', '03/06/2008', 3, 0), 949)
(('MISDEMEANOR', '03/06/2009', 4, 0), 920)
(('MISDEMEANOR', '03/06/2012', 1, 0), 788)
(('MISDEMEANOR', '03/06/2013', 2, 0), 700)
(('MISDEMEANOR', '03/06/2014', 3, 0), 711)
(('MISDEMEANOR', '03/06/2015', 4, 0), 698)
(('MISDEMEANOR', '03/07/2007', 2, 0), 830)
(('MISDEMEANOR', '03/07/2008', 4, 0), 959)
(('MISDEMEANOR', '03/07/2009', 5, 0), 955)
(('MISDEMEANOR', '03/07/2011', 0, 0), 718)
(('MISDEMEANOR', '03/07/2012', 2, 0), 852)
(('MISDEMEANOR', '03/07/2013', 3, 0), 695)
(('MISDEMEANOR', '03/07/2014', 4, 0), 860)
(('MISDEMEANOR', '03/07/2015', 5, 0), 741)
(('MISDEMEANOR', '03/08/2007', 3, 0), 776)
(('MISDEMEANOR', '03/08/2008', 5, 0), 867)
(('MISDEMEANOR', '03/08/2009', 6, 0), 727)
(('MISDEMEANOR', '03/08/2010', 0, 0), 786)
(('MISDEMEANOR', '03/08/2011', 1, 0), 838)
(('MISDEMEANOR', '03/08/2012', 3, 0), 895)
(('MISDEMEANOR', '03/08/2013', 4, 0), 714)
(('MISDEMEANOR', '03/08/2014', 5, 0), 885)
(('MISDEMEANOR', '03/08/2015', 6, 0), 596)
(('MISDEMEANOR', '03/09/2007', 4, 0), 875)
(('MISDEMEANOR', '03/09/2008', 6, 0), 705)
(('MISDEMEANOR', '03/09/2009', 0, 1), 730)
(('MISDEMEANOR', '03/09/2010', 1, 0), 890)
(('MISDEMEANOR', '03/09/2011', 2, 0), 876)
(('MISDEMEANOR', '03/09/2012', 4, 0), 891)
(('MISDEMEANOR', '03/09/2013', 5, 0), 864)
(('MISDEMEANOR', '03/09/2014', 6, 0), 696)
(('MISDEMEANOR', '03/09/2015', 0, 1), 712)
(('MISDEMEANOR', '03/10/2007', 5, 0), 866)
(('MISDEMEANOR', '03/10/2008', 0, 1), 813)
(('MISDEMEANOR', '03/10/2009', 1, 1), 914)
(('MISDEMEANOR', '03/10/2010', 2, 0), 931)
(('MISDEMEANOR', '03/10/2011', 3, 0), 801)
(('MISDEMEANOR', '03/10/2012', 5, 0), 823)
(('MISDEMEANOR', '03/10/2013', 6, 0), 728)
(('MISDEMEANOR', '03/10/2014', 0, 1), 678)
(('MISDEMEANOR', '03/10/2015', 1, 1), 722)
(('MISDEMEANOR', '03/11/2007', 6, 0), 720)
(('MISDEMEANOR', '03/11/2008', 1, 1), 861)
(('MISDEMEANOR', '03/11/2009', 2, 1), 905)
(('MISDEMEANOR', '03/11/2010', 3, 0), 862)
(('MISDEMEANOR', '03/11/2011', 4, 0), 933)
(('MISDEMEANOR', '03/11/2012', 6, 0), 671)
(('MISDEMEANOR', '03/11/2013', 0, 1), 699)
(('MISDEMEANOR', '03/11/2014', 1, 1), 777)
(('MISDEMEANOR', '03/11/2015', 2, 1), 718)
(('MISDEMEANOR', '03/12/2007', 0, 1), 792)
(('MISDEMEANOR', '03/12/2008', 2, 1), 906)
(('MISDEMEANOR', '03/12/2009', 3, 1), 899)
(('MISDEMEANOR', '03/12/2010', 4, 0), 868)
(('MISDEMEANOR', '03/12/2011', 5, 0), 945)
(('MISDEMEANOR', '03/12/2012', 0, 1), 860)
(('MISDEMEANOR', '03/12/2013', 1, 1), 696)
(('MISDEMEANOR', '03/12/2014', 2, 1), 795)
(('MISDEMEANOR', '03/12/2015', 3, 1), 733)
(('MISDEMEANOR', '03/13/2007', 1, 1), 891)
(('MISDEMEANOR', '03/13/2008', 3, 1), 827)
(('MISDEMEANOR', '03/13/2009', 4, 1), 967)
(('MISDEMEANOR', '03/13/2010', 5, 0), 646)
(('MISDEMEANOR', '03/13/2011', 6, 0), 701)
(('MISDEMEANOR', '03/13/2012', 1, 1), 871)
(('MISDEMEANOR', '03/13/2013', 2, 1), 874)
(('MISDEMEANOR', '03/13/2014', 3, 1), 724)
(('MISDEMEANOR', '03/13/2015', 4, 1), 776)
(('MISDEMEANOR', '03/14/2007', 2, 1), 919)
(('MISDEMEANOR', '03/14/2008', 4, 1), 917)
(('MISDEMEANOR', '03/14/2009', 5, 1), 905)
(('MISDEMEANOR', '03/14/2010', 6, 0), 670)
(('MISDEMEANOR', '03/14/2011', 0, 1), 745)
(('MISDEMEANOR', '03/14/2012', 2, 1), 899)
(('MISDEMEANOR', '03/14/2013', 3, 1), 748)
(('MISDEMEANOR', '03/14/2014', 4, 1), 869)
(('MISDEMEANOR', '03/14/2015', 5, 1), 718)
(('MISDEMEANOR', '03/15/2007', 3, 1), 855)
(('MISDEMEANOR', '03/15/2008', 5, 1), 848)
(('MISDEMEANOR', '03/15/2009', 6, 1), 832)
(('MISDEMEANOR', '03/15/2010', 0, 1), 715)
(('MISDEMEANOR', '03/15/2011', 1, 1), 907)
(('MISDEMEANOR', '03/15/2012', 3, 1), 847)
(('MISDEMEANOR', '03/15/2013', 4, 1), 836)
(('MISDEMEANOR', '03/15/2014', 5, 1), 1011)
(('MISDEMEANOR', '03/15/2015', 6, 1), 776)
(('MISDEMEANOR', '03/16/2007', 4, 1), 648)
(('MISDEMEANOR', '03/16/2008', 6, 1), 736)
(('MISDEMEANOR', '03/16/2010', 1, 1), 843)
(('MISDEMEANOR', '03/16/2011', 2, 1), 831)
(('MISDEMEANOR', '03/16/2012', 4, 1), 879)
(('MISDEMEANOR', '03/16/2013', 5, 1), 780)
(('MISDEMEANOR', '03/16/2014', 6, 1), 755)
(('MISDEMEANOR', '03/17/2007', 5, 1), 596)
(('MISDEMEANOR', '03/17/2010', 2, 1), 916)
(('MISDEMEANOR', '03/17/2011', 3, 1), 844)
(('MISDEMEANOR', '03/17/2012', 5, 1), 864)
(('MISDEMEANOR', '03/17/2013', 6, 1), 702)
(('MISDEMEANOR', '03/18/2007', 6, 1), 676)
(('MISDEMEANOR', '03/18/2010', 3, 1), 862)
(('MISDEMEANOR', '03/18/2011', 4, 1), 979)
(('MISDEMEANOR', '03/18/2012', 6, 1), 808)
(('MISDEMEANOR', '03/19/2010', 4, 1), 917)
(('MISDEMEANOR', '03/19/2011', 5, 1), 867)
(('MISDEMEANOR', '03/20/2010', 5, 1), 911)
(('MISDEMEANOR', '03/20/2011', 6, 1), 762)
(('MISDEMEANOR', '03/21/2010', 6, 1), 799)
(('MISDEMEANOR', '03/26/2001', 0, 0), 1)
(('MISDEMEANOR', '03/27/2000', 0, 0), 2)
(('MISDEMEANOR', '03/27/2001', 1, 0), 1)
(('MISDEMEANOR', '03/27/2006', 0, 0), 815)
(('MISDEMEANOR', '03/28/2000', 1, 0), 1)
(('MISDEMEANOR', '03/28/2001', 2, 0), 1)
(('MISDEMEANOR', '03/28/2005', 0, 0), 2)
(('MISDEMEANOR', '03/28/2006', 1, 0), 833)
(('MISDEMEANOR', '03/29/2001', 3, 0), 1)
(('MISDEMEANOR', '03/29/2006', 2, 0), 823)
(('MISDEMEANOR', '03/30/2000', 3, 0), 2)
(('MISDEMEANOR', '03/30/2001', 4, 0), 1)
(('MISDEMEANOR', '03/30/2004', 1, 0), 1)
(('MISDEMEANOR', '03/30/2005', 2, 0), 2)
(('MISDEMEANOR', '03/30/2006', 3, 0), 800)
(('MISDEMEANOR', '03/31/2000', 4, 0), 1)
(('MISDEMEANOR', '03/31/2004', 2, 0), 2)
(('MISDEMEANOR', '03/31/2005', 3, 0), 5)
(('MISDEMEANOR', '03/31/2006', 4, 0), 807)
(('MISDEMEANOR', '04/01/1994', 4, 0), 1)
(('MISDEMEANOR', '04/01/1998', 2, 0), 1)
(('MISDEMEANOR', '04/01/2000', 5, 0), 3)
(('MISDEMEANOR', '04/01/2001', 6, 0), 4)
(('MISDEMEANOR', '04/01/2002', 0, 0), 4)
(('MISDEMEANOR', '04/01/2003', 1, 0), 5)
(('MISDEMEANOR', '04/01/2004', 3, 0), 14)
(('MISDEMEANOR', '04/01/2005', 4, 0), 28)
(('MISDEMEANOR', '04/01/2006', 5, 0), 1006)
(('MISDEMEANOR', '04/02/2000', 6, 0), 1)
(('MISDEMEANOR', '04/02/2002', 1, 0), 1)
(('MISDEMEANOR', '04/02/2003', 2, 0), 1)
(('MISDEMEANOR', '04/02/2005', 5, 0), 4)
(('MISDEMEANOR', '04/02/2006', 6, 0), 720)
(('MISDEMEANOR', '04/03/2000', 0, 1), 1)
(('MISDEMEANOR', '04/03/2003', 3, 0), 2)
(('MISDEMEANOR', '04/03/2004', 5, 0), 2)
(('MISDEMEANOR', '04/03/2005', 6, 0), 3)
(('MISDEMEANOR', '04/03/2006', 0, 1), 762)
(('MISDEMEANOR', '04/04/1992', 5, 0), 1)
(('MISDEMEANOR', '04/04/2000', 1, 1), 1)
(('MISDEMEANOR', '04/04/2004', 6, 0), 2)
(('MISDEMEANOR', '04/04/2005', 0, 1), 7)
(('MISDEMEANOR', '04/04/2006', 1, 1), 854)
(('MISDEMEANOR', '04/05/2001', 3, 1), 1)
(('MISDEMEANOR', '04/05/2002', 4, 0), 3)
(('MISDEMEANOR', '04/05/2004', 0, 1), 4)
(('MISDEMEANOR', '04/05/2005', 1, 1), 4)
(('MISDEMEANOR', '04/05/2006', 2, 1), 857)
(('MISDEMEANOR', '04/06/2005', 2, 1), 1)
(('MISDEMEANOR', '04/06/2006', 3, 1), 880)
(('MISDEMEANOR', '04/07/2004', 2, 1), 1)
(('MISDEMEANOR', '04/07/2005', 3, 1), 3)
(('MISDEMEANOR', '04/07/2006', 4, 1), 872)
(('MISDEMEANOR', '04/08/1988', 4, 1), 1)
(('MISDEMEANOR', '04/08/2001', 6, 1), 1)
(('MISDEMEANOR', '04/08/2005', 4, 1), 2)
(('MISDEMEANOR', '04/08/2006', 5, 1), 766)
(('MISDEMEANOR', '04/09/2000', 6, 1), 1)
(('MISDEMEANOR', '04/09/2003', 2, 1), 1)
(('MISDEMEANOR', '04/09/2005', 5, 1), 3)
(('MISDEMEANOR', '04/09/2006', 6, 1), 718)
(('MISDEMEANOR', '04/10/2004', 5, 1), 1)
(('MISDEMEANOR', '04/10/2005', 6, 1), 4)
(('MISDEMEANOR', '04/11/1997', 4, 1), 1)
(('MISDEMEANOR', '04/11/2003', 4, 1), 1)
(('MISDEMEANOR', '04/11/2004', 6, 1), 4)
(('MISDEMEANOR', '04/13/2003', 6, 1), 1)
(('MISDEMEANOR', '04/22/1968', 0, 0), 1)
(('MISDEMEANOR', '05/02/1985', 3, 1), 1)
(('MISDEMEANOR', '10/21/2003', 1, 1), 2)
(('MISDEMEANOR', '10/22/2001', 0, 1), 1)
(('MISDEMEANOR', '10/23/2000', 0, 1), 1)
(('MISDEMEANOR', '10/23/2001', 1, 1), 1)
(('MISDEMEANOR', '10/23/2003', 3, 1), 3)
(('MISDEMEANOR', '10/23/2006', 0, 1), 712)
(('MISDEMEANOR', '10/24/2000', 1, 1), 1)
(('MISDEMEANOR', '10/24/2003', 4, 1), 1)
(('MISDEMEANOR', '10/24/2005', 0, 1), 5)
(('MISDEMEANOR', '10/24/2006', 1, 1), 786)
(('MISDEMEANOR', '10/25/1996', 4, 1), 1)
(('MISDEMEANOR', '10/25/1998', 6, 1), 1)
(('MISDEMEANOR', '10/25/2003', 5, 1), 1)
(('MISDEMEANOR', '10/25/2004', 0, 1), 1)
(('MISDEMEANOR', '10/25/2005', 1, 1), 20)
(('MISDEMEANOR', '10/25/2006', 2, 1), 827)
(('MISDEMEANOR', '10/26/2001', 4, 1), 2)
(('MISDEMEANOR', '10/26/2005', 2, 1), 8)
(('MISDEMEANOR', '10/26/2006', 3, 1), 823)
(('MISDEMEANOR', '10/26/2009', 0, 1), 744)
(('MISDEMEANOR', '10/26/2015', 0, 1), 643)
(('MISDEMEANOR', '10/27/1980', 0, 0), 1)
(('MISDEMEANOR', '10/27/2000', 4, 1), 2)
(('MISDEMEANOR', '10/27/2002', 6, 1), 1)
(('MISDEMEANOR', '10/27/2005', 3, 1), 7)
(('MISDEMEANOR', '10/27/2006', 4, 1), 942)
(('MISDEMEANOR', '10/27/2008', 0, 1), 736)
(('MISDEMEANOR', '10/27/2009', 1, 1), 789)
(('MISDEMEANOR', '10/27/2014', 0, 1), 703)
(('MISDEMEANOR', '10/27/2015', 1, 1), 618)
(('MISDEMEANOR', '10/28/1999', 3, 1), 2)
(('MISDEMEANOR', '10/28/2000', 5, 1), 1)
(('MISDEMEANOR', '10/28/2002', 0, 0), 3)
(('MISDEMEANOR', '10/28/2003', 1, 0), 2)
(('MISDEMEANOR', '10/28/2005', 4, 1), 14)
(('MISDEMEANOR', '10/28/2006', 5, 1), 755)
(('MISDEMEANOR', '10/28/2008', 1, 1), 638)
(('MISDEMEANOR', '10/28/2009', 2, 1), 754)
(('MISDEMEANOR', '10/28/2013', 0, 1), 762)
(('MISDEMEANOR', '10/28/2014', 1, 1), 805)
(('MISDEMEANOR', '10/28/2015', 2, 1), 550)
(('MISDEMEANOR', '10/29/2003', 2, 0), 1)
(('MISDEMEANOR', '10/29/2005', 5, 1), 7)
(('MISDEMEANOR', '10/29/2006', 6, 1), 739)
(('MISDEMEANOR', '10/29/2007', 0, 1), 703)
(('MISDEMEANOR', '10/29/2008', 2, 1), 762)
(('MISDEMEANOR', '10/29/2009', 3, 1), 780)
(('MISDEMEANOR', '10/29/2012', 0, 1), 386)
(('MISDEMEANOR', '10/29/2013', 1, 1), 740)
(('MISDEMEANOR', '10/29/2014', 2, 1), 718)
(('MISDEMEANOR', '10/29/2015', 3, 1), 738)
(('MISDEMEANOR', '10/30/2000', 0, 0), 1)
(('MISDEMEANOR', '10/30/2003', 3, 0), 2)
(('MISDEMEANOR', '10/30/2004', 5, 1), 2)
(('MISDEMEANOR', '10/30/2005', 6, 1), 11)
(('MISDEMEANOR', '10/30/2006', 0, 0), 774)
(('MISDEMEANOR', '10/30/2007', 1, 1), 841)
(('MISDEMEANOR', '10/30/2008', 3, 1), 812)
(('MISDEMEANOR', '10/30/2009', 4, 1), 959)
(('MISDEMEANOR', '10/30/2012', 1, 1), 406)
(('MISDEMEANOR', '10/30/2013', 2, 1), 836)
(('MISDEMEANOR', '10/30/2014', 3, 1), 709)
(('MISDEMEANOR', '10/30/2015', 4, 1), 750)
(('MISDEMEANOR', '10/31/2001', 2, 0), 1)
(('MISDEMEANOR', '10/31/2002', 3, 0), 2)
(('MISDEMEANOR', '10/31/2003', 4, 0), 2)
(('MISDEMEANOR', '10/31/2005', 0, 0), 17)
(('MISDEMEANOR', '10/31/2006', 1, 0), 877)
(('MISDEMEANOR', '10/31/2007', 2, 1), 909)
(('MISDEMEANOR', '10/31/2008', 4, 1), 873)
(('MISDEMEANOR', '10/31/2009', 5, 1), 868)
(('MISDEMEANOR', '10/31/2011', 0, 1), 787)
(('MISDEMEANOR', '10/31/2012', 2, 1), 577)
(('MISDEMEANOR', '10/31/2013', 3, 1), 850)
(('MISDEMEANOR', '10/31/2014', 4, 1), 799)
(('MISDEMEANOR', '10/31/2015', 5, 1), 775)
(('MISDEMEANOR', '11/01/1992', 6, 0), 1)
(('MISDEMEANOR', '11/01/1999', 0, 0), 2)
(('MISDEMEANOR', '11/01/2000', 2, 0), 1)
(('MISDEMEANOR', '11/01/2001', 3, 0), 3)
(('MISDEMEANOR', '11/01/2002', 4, 0), 4)
(('MISDEMEANOR', '11/01/2003', 5, 0), 9)
(('MISDEMEANOR', '11/01/2004', 0, 0), 19)
(('MISDEMEANOR', '11/01/2005', 1, 0), 97)
(('MISDEMEANOR', '11/01/2006', 2, 0), 1096)
(('MISDEMEANOR', '11/01/2007', 3, 1), 1052)
(('MISDEMEANOR', '11/01/2008', 5, 1), 1068)
(('MISDEMEANOR', '11/01/2009', 6, 1), 945)
(('MISDEMEANOR', '11/01/2010', 0, 1), 850)
(('MISDEMEANOR', '11/01/2011', 1, 1), 983)
(('MISDEMEANOR', '11/01/2012', 3, 1), 671)
(('MISDEMEANOR', '11/01/2013', 4, 1), 994)
(('MISDEMEANOR', '11/01/2014', 5, 1), 807)
(('MISDEMEANOR', '11/01/2015', 6, 1), 827)
(('MISDEMEANOR', '11/02/2003', 6, 0), 1)
(('MISDEMEANOR', '11/02/2005', 2, 0), 7)
(('MISDEMEANOR', '11/02/2006', 3, 0), 761)
(('MISDEMEANOR', '11/02/2007', 4, 1), 910)
(('MISDEMEANOR', '11/02/2008', 6, 1), 693)
(('MISDEMEANOR', '11/02/2009', 0, 0), 816)
(('MISDEMEANOR', '11/02/2010', 1, 1), 710)
(('MISDEMEANOR', '11/02/2011', 2, 1), 800)
(('MISDEMEANOR', '11/02/2012', 4, 1), 538)
(('MISDEMEANOR', '11/02/2013', 5, 1), 851)
(('MISDEMEANOR', '11/02/2014', 6, 1), 646)
(('MISDEMEANOR', '11/02/2015', 0, 0), 597)
(('MISDEMEANOR', '11/03/1960', 3, 0), 1)
(('MISDEMEANOR', '11/03/2001', 5, 0), 1)
(('MISDEMEANOR', '11/03/2005', 3, 0), 16)
(('MISDEMEANOR', '11/03/2006', 4, 0), 839)
(('MISDEMEANOR', '11/03/2007', 5, 1), 849)
(('MISDEMEANOR', '11/03/2008', 0, 0), 700)
(('MISDEMEANOR', '11/03/2009', 1, 0), 775)
(('MISDEMEANOR', '11/03/2010', 2, 1), 833)
(('MISDEMEANOR', '11/03/2011', 3, 1), 854)
(('MISDEMEANOR', '11/03/2012', 5, 1), 554)
(('MISDEMEANOR', '11/03/2013', 6, 1), 702)
(('MISDEMEANOR', '11/03/2014', 0, 0), 692)
(('MISDEMEANOR', '11/03/2015', 1, 0), 686)
(('MISDEMEANOR', '11/04/2001', 6, 0), 2)
(('MISDEMEANOR', '11/04/2004', 3, 0), 3)
(('MISDEMEANOR', '11/04/2005', 4, 0), 15)
(('MISDEMEANOR', '11/04/2006', 5, 0), 775)
(('MISDEMEANOR', '11/04/2007', 6, 1), 768)
(('MISDEMEANOR', '11/04/2008', 1, 0), 670)
(('MISDEMEANOR', '11/04/2009', 2, 0), 835)
(('MISDEMEANOR', '11/04/2010', 3, 1), 774)
(('MISDEMEANOR', '11/04/2011', 4, 1), 894)
(('MISDEMEANOR', '11/04/2012', 6, 1), 563)
(('MISDEMEANOR', '11/04/2013', 0, 0), 660)
(('MISDEMEANOR', '11/04/2014', 1, 0), 743)
(('MISDEMEANOR', '11/04/2015', 2, 0), 773)
(('MISDEMEANOR', '11/05/2005', 5, 0), 23)
(('MISDEMEANOR', '11/05/2006', 6, 0), 632)
(('MISDEMEANOR', '11/05/2007', 0, 0), 764)
(('MISDEMEANOR', '11/05/2008', 2, 0), 769)
(('MISDEMEANOR', '11/05/2009', 3, 0), 831)
(('MISDEMEANOR', '11/05/2010', 4, 1), 923)
(('MISDEMEANOR', '11/05/2011', 5, 1), 846)
(('MISDEMEANOR', '11/05/2012', 0, 0), 515)
(('MISDEMEANOR', '11/05/2013', 1, 0), 686)
(('MISDEMEANOR', '11/05/2014', 2, 0), 764)
(('MISDEMEANOR', '11/05/2015', 3, 0), 699)
(('MISDEMEANOR', '11/06/2005', 6, 0), 9)
(('MISDEMEANOR', '11/06/2007', 1, 0), 741)
(('MISDEMEANOR', '11/06/2008', 3, 0), 814)
(('MISDEMEANOR', '11/06/2009', 4, 0), 891)
(('MISDEMEANOR', '11/06/2010', 5, 1), 861)
(('MISDEMEANOR', '11/06/2011', 6, 1), 698)
(('MISDEMEANOR', '11/06/2012', 1, 0), 493)
(('MISDEMEANOR', '11/06/2013', 2, 0), 774)
(('MISDEMEANOR', '11/06/2014', 3, 0), 675)
(('MISDEMEANOR', '11/06/2015', 4, 0), 716)
(('MISDEMEANOR', '11/07/2004', 6, 0), 1)
(('MISDEMEANOR', '11/07/2007', 2, 0), 799)
(('MISDEMEANOR', '11/07/2008', 4, 0), 888)
(('MISDEMEANOR', '11/07/2009', 5, 0), 852)
(('MISDEMEANOR', '11/07/2010', 6, 1), 710)
(('MISDEMEANOR', '11/07/2011', 0, 0), 889)
(('MISDEMEANOR', '11/07/2012', 2, 0), 472)
(('MISDEMEANOR', '11/07/2013', 3, 0), 793)
(('MISDEMEANOR', '11/07/2014', 4, 0), 800)
(('MISDEMEANOR', '11/07/2015', 5, 0), 747)
(('MISDEMEANOR', '11/08/2007', 3, 0), 809)
(('MISDEMEANOR', '11/08/2008', 5, 0), 859)
(('MISDEMEANOR', '11/08/2009', 6, 0), 708)
(('MISDEMEANOR', '11/08/2010', 0, 0), 631)
(('MISDEMEANOR', '11/08/2011', 1, 0), 780)
(('MISDEMEANOR', '11/08/2012', 3, 0), 575)
(('MISDEMEANOR', '11/08/2013', 4, 0), 871)
(('MISDEMEANOR', '11/08/2014', 5, 0), 804)
(('MISDEMEANOR', '11/08/2015', 6, 0), 610)
(('MISDEMEANOR', '11/09/2007', 4, 0), 840)
(('MISDEMEANOR', '11/09/2008', 6, 0), 722)
(('MISDEMEANOR', '11/09/2010', 1, 0), 832)
(('MISDEMEANOR', '11/09/2011', 2, 0), 883)
(('MISDEMEANOR', '11/09/2012', 4, 0), 719)
(('MISDEMEANOR', '11/09/2013', 5, 0), 850)
(('MISDEMEANOR', '11/09/2014', 6, 0), 693)
(('MISDEMEANOR', '11/10/2007', 5, 0), 823)
(('MISDEMEANOR', '11/10/2010', 2, 0), 939)
(('MISDEMEANOR', '11/10/2011', 3, 0), 879)
(('MISDEMEANOR', '11/10/2012', 5, 0), 736)
(('MISDEMEANOR', '11/10/2013', 6, 0), 769)
(('MISDEMEANOR', '11/11/2007', 6, 0), 758)
(('MISDEMEANOR', '11/11/2010', 3, 0), 847)
(('MISDEMEANOR', '11/11/2011', 4, 0), 837)
(('MISDEMEANOR', '11/11/2012', 6, 0), 663)
(('MISDEMEANOR', '11/12/2010', 4, 0), 970)
(('MISDEMEANOR', '11/12/2011', 5, 0), 859)
(('MISDEMEANOR', '11/13/2010', 5, 0), 922)
(('MISDEMEANOR', '11/13/2011', 6, 0), 702)
(('MISDEMEANOR', '11/14/2010', 6, 0), 691)
(('VIOLATION', '01/01/1900', -99, -9), 91)
(('VIOLATION', '01/01/1900', 0, -1), 82874)
(('VIOLATION', '01/01/1900', 1, -1), 83196)
(('VIOLATION', '01/01/1900', 2, -1), 83498)
(('VIOLATION', '01/01/1900', 3, -1), 82558)
(('VIOLATION', '01/01/1900', 4, -1), 84065)
(('VIOLATION', '01/01/1900', 5, -1), 76386)
(('VIOLATION', '01/01/1900', 6, -1), 76234)
(('VIOLATION', '03/02/2009', 0, 0), 143)
(('VIOLATION', '03/02/2015', 0, 0), 181)
(('VIOLATION', '03/03/2008', 0, 0), 175)
(('VIOLATION', '03/03/2009', 1, 0), 136)
(('VIOLATION', '03/03/2014', 0, 0), 158)
(('VIOLATION', '03/03/2015', 1, 0), 146)
(('VIOLATION', '03/04/2008', 1, 0), 173)
(('VIOLATION', '03/04/2009', 2, 0), 154)
(('VIOLATION', '03/04/2013', 0, 0), 140)
(('VIOLATION', '03/04/2014', 1, 0), 160)
(('VIOLATION', '03/04/2015', 2, 0), 178)
(('VIOLATION', '03/05/2007', 0, 0), 163)
(('VIOLATION', '03/05/2008', 2, 0), 167)
(('VIOLATION', '03/05/2009', 3, 0), 167)
(('VIOLATION', '03/05/2012', 0, 0), 175)
(('VIOLATION', '03/05/2013', 1, 0), 150)
(('VIOLATION', '03/05/2014', 2, 0), 155)
(('VIOLATION', '03/05/2015', 3, 0), 146)
(('VIOLATION', '03/06/2007', 1, 0), 156)
(('VIOLATION', '03/06/2008', 3, 0), 154)
(('VIOLATION', '03/06/2009', 4, 0), 173)
(('VIOLATION', '03/06/2012', 1, 0), 172)
(('VIOLATION', '03/06/2013', 2, 0), 144)
(('VIOLATION', '03/06/2014', 3, 0), 141)
(('VIOLATION', '03/06/2015', 4, 0), 151)
(('VIOLATION', '03/07/2007', 2, 0), 154)
(('VIOLATION', '03/07/2008', 4, 0), 177)
(('VIOLATION', '03/07/2009', 5, 0), 164)
(('VIOLATION', '03/07/2011', 0, 0), 146)
(('VIOLATION', '03/07/2012', 2, 0), 155)
(('VIOLATION', '03/07/2013', 3, 0), 152)
(('VIOLATION', '03/07/2014', 4, 0), 150)
(('VIOLATION', '03/07/2015', 5, 0), 135)
(('VIOLATION', '03/08/2007', 3, 0), 176)
(('VIOLATION', '03/08/2008', 5, 0), 131)
(('VIOLATION', '03/08/2009', 6, 0), 159)
(('VIOLATION', '03/08/2010', 0, 0), 169)
(('VIOLATION', '03/08/2011', 1, 0), 161)
(('VIOLATION', '03/08/2012', 3, 0), 174)
(('VIOLATION', '03/08/2013', 4, 0), 125)
(('VIOLATION', '03/08/2014', 5, 0), 137)
(('VIOLATION', '03/08/2015', 6, 0), 152)
(('VIOLATION', '03/09/2007', 4, 0), 187)
(('VIOLATION', '03/09/2008', 6, 0), 154)
(('VIOLATION', '03/09/2009', 0, 1), 190)
(('VIOLATION', '03/09/2010', 1, 0), 168)
(('VIOLATION', '03/09/2011', 2, 0), 144)
(('VIOLATION', '03/09/2012', 4, 0), 166)
(('VIOLATION', '03/09/2013', 5, 0), 126)
(('VIOLATION', '03/09/2014', 6, 0), 120)
(('VIOLATION', '03/09/2015', 0, 1), 198)
(('VIOLATION', '03/10/2007', 5, 0), 183)
(('VIOLATION', '03/10/2008', 0, 1), 178)
(('VIOLATION', '03/10/2009', 1, 1), 163)
(('VIOLATION', '03/10/2010', 2, 0), 191)
(('VIOLATION', '03/10/2011', 3, 0), 149)
(('VIOLATION', '03/10/2012', 5, 0), 119)
(('VIOLATION', '03/10/2013', 6, 0), 142)
(('VIOLATION', '03/10/2014', 0, 1), 167)
(('VIOLATION', '03/10/2015', 1, 1), 191)
(('VIOLATION', '03/11/2007', 6, 0), 156)
(('VIOLATION', '03/11/2008', 1, 1), 186)
(('VIOLATION', '03/11/2009', 2, 1), 199)
(('VIOLATION', '03/11/2010', 3, 0), 158)
(('VIOLATION', '03/11/2011', 4, 0), 160)
(('VIOLATION', '03/11/2012', 6, 0), 135)
(('VIOLATION', '03/11/2013', 0, 1), 153)
(('VIOLATION', '03/11/2014', 1, 1), 170)
(('VIOLATION', '03/11/2015', 2, 1), 150)
(('VIOLATION', '03/12/2007', 0, 1), 191)
(('VIOLATION', '03/12/2008', 2, 1), 182)
(('VIOLATION', '03/12/2009', 3, 1), 141)
(('VIOLATION', '03/12/2010', 4, 0), 158)
(('VIOLATION', '03/12/2011', 5, 0), 139)
(('VIOLATION', '03/12/2012', 0, 1), 175)
(('VIOLATION', '03/12/2013', 1, 1), 142)
(('VIOLATION', '03/12/2014', 2, 1), 175)
(('VIOLATION', '03/12/2015', 3, 1), 163)
(('VIOLATION', '03/13/2007', 1, 1), 182)
(('VIOLATION', '03/13/2008', 3, 1), 184)
(('VIOLATION', '03/13/2009', 4, 1), 156)
(('VIOLATION', '03/13/2010', 5, 0), 111)
(('VIOLATION', '03/13/2011', 6, 0), 151)
(('VIOLATION', '03/13/2012', 1, 1), 180)
(('VIOLATION', '03/13/2013', 2, 1), 164)
(('VIOLATION', '03/13/2014', 3, 1), 152)
(('VIOLATION', '03/13/2015', 4, 1), 166)
(('VIOLATION', '03/14/2007', 2, 1), 194)
(('VIOLATION', '03/14/2008', 4, 1), 176)
(('VIOLATION', '03/14/2009', 5, 1), 143)
(('VIOLATION', '03/14/2010', 6, 0), 134)
(('VIOLATION', '03/14/2011', 0, 1), 139)
(('VIOLATION', '03/14/2012', 2, 1), 196)
(('VIOLATION', '03/14/2013', 3, 1), 162)
(('VIOLATION', '03/14/2014', 4, 1), 164)
(('VIOLATION', '03/14/2015', 5, 1), 148)
(('VIOLATION', '03/15/2007', 3, 1), 208)
(('VIOLATION', '03/15/2008', 5, 1), 178)
(('VIOLATION', '03/15/2009', 6, 1), 162)
(('VIOLATION', '03/15/2010', 0, 1), 175)
(('VIOLATION', '03/15/2011', 1, 1), 139)
(('VIOLATION', '03/15/2012', 3, 1), 172)
(('VIOLATION', '03/15/2013', 4, 1), 158)
(('VIOLATION', '03/15/2014', 5, 1), 173)
(('VIOLATION', '03/15/2015', 6, 1), 166)
(('VIOLATION', '03/16/2007', 4, 1), 180)
(('VIOLATION', '03/16/2008', 6, 1), 163)
(('VIOLATION', '03/16/2010', 1, 1), 194)
(('VIOLATION', '03/16/2011', 2, 1), 137)
(('VIOLATION', '03/16/2012', 4, 1), 154)
(('VIOLATION', '03/16/2013', 5, 1), 127)
(('VIOLATION', '03/16/2014', 6, 1), 138)
(('VIOLATION', '03/17/2007', 5, 1), 138)
(('VIOLATION', '03/17/2010', 2, 1), 166)
(('VIOLATION', '03/17/2011', 3, 1), 138)
(('VIOLATION', '03/17/2012', 5, 1), 145)
(('VIOLATION', '03/17/2013', 6, 1), 137)
(('VIOLATION', '03/18/2007', 6, 1), 147)
(('VIOLATION', '03/18/2010', 3, 1), 178)
(('VIOLATION', '03/18/2011', 4, 1), 181)
(('VIOLATION', '03/18/2012', 6, 1), 156)
(('VIOLATION', '03/19/2010', 4, 1), 165)
(('VIOLATION', '03/19/2011', 5, 1), 124)
(('VIOLATION', '03/20/2010', 5, 1), 151)
(('VIOLATION', '03/20/2011', 6, 1), 146)
(('VIOLATION', '03/21/2010', 6, 1), 174)
(('VIOLATION', '03/27/2006', 0, 0), 223)
(('VIOLATION', '03/28/2005', 0, 0), 2)
(('VIOLATION', '03/28/2006', 1, 0), 195)
(('VIOLATION', '03/29/2005', 1, 0), 2)
(('VIOLATION', '03/29/2006', 2, 0), 178)
(('VIOLATION', '03/30/2000', 3, 0), 1)
(('VIOLATION', '03/30/2001', 4, 0), 1)
(('VIOLATION', '03/30/2005', 2, 0), 1)
(('VIOLATION', '03/30/2006', 3, 0), 174)
(('VIOLATION', '03/31/2005', 3, 0), 1)
(('VIOLATION', '03/31/2006', 4, 0), 199)
(('VIOLATION', '04/01/2002', 0, 0), 1)
(('VIOLATION', '04/01/2004', 3, 0), 2)
(('VIOLATION', '04/01/2005', 4, 0), 8)
(('VIOLATION', '04/01/2006', 5, 0), 194)
(('VIOLATION', '04/02/2006', 6, 0), 206)
(('VIOLATION', '04/03/2000', 0, 1), 1)
(('VIOLATION', '04/03/2006', 0, 1), 221)
(('VIOLATION', '04/04/2005', 0, 1), 1)
(('VIOLATION', '04/04/2006', 1, 1), 184)
(('VIOLATION', '04/05/2005', 1, 1), 1)
(('VIOLATION', '04/05/2006', 2, 1), 188)
(('VIOLATION', '04/06/2000', 3, 1), 1)
(('VIOLATION', '04/06/2003', 6, 0), 1)
(('VIOLATION', '04/06/2005', 2, 1), 2)
(('VIOLATION', '04/06/2006', 3, 1), 215)
(('VIOLATION', '04/07/2002', 6, 0), 1)
(('VIOLATION', '04/07/2005', 3, 1), 2)
(('VIOLATION', '04/07/2006', 4, 1), 208)
(('VIOLATION', '04/08/2004', 3, 1), 1)
(('VIOLATION', '04/08/2005', 4, 1), 1)
(('VIOLATION', '04/08/2006', 5, 1), 172)
(('VIOLATION', '04/09/2005', 5, 1), 2)
(('VIOLATION', '04/09/2006', 6, 1), 170)
(('VIOLATION', '04/10/2004', 5, 1), 1)
(('VIOLATION', '04/12/2003', 5, 1), 1)
(('VIOLATION', '04/13/2003', 6, 1), 1)
(('VIOLATION', '10/22/1975', 2, 1), 1)
(('VIOLATION', '10/22/2001', 0, 1), 1)
(('VIOLATION', '10/23/2006', 0, 1), 222)
(('VIOLATION', '10/24/2006', 1, 1), 177)
(('VIOLATION', '10/25/2003', 5, 1), 1)
(('VIOLATION', '10/25/2004', 0, 1), 1)
(('VIOLATION', '10/25/2006', 2, 1), 174)
(('VIOLATION', '10/26/2005', 2, 1), 2)
(('VIOLATION', '10/26/2006', 3, 1), 184)
(('VIOLATION', '10/26/2009', 0, 1), 209)
(('VIOLATION', '10/26/2015', 0, 1), 164)
(('VIOLATION', '10/27/2005', 3, 1), 1)
(('VIOLATION', '10/27/2006', 4, 1), 183)
(('VIOLATION', '10/27/2008', 0, 1), 168)
(('VIOLATION', '10/27/2009', 1, 1), 169)
(('VIOLATION', '10/27/2014', 0, 1), 187)
(('VIOLATION', '10/27/2015', 1, 1), 204)
(('VIOLATION', '10/28/2005', 4, 1), 1)
(('VIOLATION', '10/28/2006', 5, 1), 181)
(('VIOLATION', '10/28/2008', 1, 1), 142)
(('VIOLATION', '10/28/2009', 2, 1), 157)
(('VIOLATION', '10/28/2013', 0, 1), 176)
(('VIOLATION', '10/28/2014', 1, 1), 201)
(('VIOLATION', '10/28/2015', 2, 1), 168)
(('VIOLATION', '10/29/2006', 6, 1), 171)
(('VIOLATION', '10/29/2007', 0, 1), 179)
(('VIOLATION', '10/29/2008', 2, 1), 180)
(('VIOLATION', '10/29/2009', 3, 1), 173)
(('VIOLATION', '10/29/2012', 0, 1), 71)
(('VIOLATION', '10/29/2013', 1, 1), 177)
(('VIOLATION', '10/29/2014', 2, 1), 210)
(('VIOLATION', '10/29/2015', 3, 1), 180)
(('VIOLATION', '10/30/2000', 0, 0), 1)
(('VIOLATION', '10/30/2003', 3, 0), 1)
(('VIOLATION', '10/30/2005', 6, 1), 1)
(('VIOLATION', '10/30/2006', 0, 0), 187)
(('VIOLATION', '10/30/2007', 1, 1), 180)
(('VIOLATION', '10/30/2008', 3, 1), 171)
(('VIOLATION', '10/30/2009', 4, 1), 179)
(('VIOLATION', '10/30/2012', 1, 1), 114)
(('VIOLATION', '10/30/2013', 2, 1), 193)
(('VIOLATION', '10/30/2014', 3, 1), 192)
(('VIOLATION', '10/30/2015', 4, 1), 170)
(('VIOLATION', '10/31/1967', 1, 0), 1)
(('VIOLATION', '10/31/2005', 0, 0), 3)
(('VIOLATION', '10/31/2006', 1, 0), 212)
(('VIOLATION', '10/31/2007', 2, 1), 201)
(('VIOLATION', '10/31/2008', 4, 1), 182)
(('VIOLATION', '10/31/2009', 5, 1), 182)
(('VIOLATION', '10/31/2011', 0, 1), 154)
(('VIOLATION', '10/31/2012', 2, 1), 134)
(('VIOLATION', '10/31/2013', 3, 1), 186)
(('VIOLATION', '10/31/2014', 4, 1), 188)
(('VIOLATION', '10/31/2015', 5, 1), 166)
(('VIOLATION', '11/01/1999', 0, 0), 1)
(('VIOLATION', '11/01/2001', 3, 0), 2)
(('VIOLATION', '11/01/2003', 5, 0), 1)
(('VIOLATION', '11/01/2004', 0, 0), 1)
(('VIOLATION', '11/01/2005', 1, 0), 14)
(('VIOLATION', '11/01/2006', 2, 0), 245)
(('VIOLATION', '11/01/2007', 3, 1), 223)
(('VIOLATION', '11/01/2008', 5, 1), 187)
(('VIOLATION', '11/01/2009', 6, 1), 232)
(('VIOLATION', '11/01/2010', 0, 1), 172)
(('VIOLATION', '11/01/2011', 1, 1), 198)
(('VIOLATION', '11/01/2012', 3, 1), 135)
(('VIOLATION', '11/01/2013', 4, 1), 246)
(('VIOLATION', '11/01/2014', 5, 1), 166)
(('VIOLATION', '11/01/2015', 6, 1), 194)
(('VIOLATION', '11/02/2005', 2, 0), 5)
(('VIOLATION', '11/02/2006', 3, 0), 200)
(('VIOLATION', '11/02/2007', 4, 1), 197)
(('VIOLATION', '11/02/2008', 6, 1), 155)
(('VIOLATION', '11/02/2009', 0, 0), 172)
(('VIOLATION', '11/02/2010', 1, 1), 135)
(('VIOLATION', '11/02/2011', 2, 1), 165)
(('VIOLATION', '11/02/2012', 4, 1), 109)
(('VIOLATION', '11/02/2013', 5, 1), 169)
(('VIOLATION', '11/02/2014', 6, 1), 165)
(('VIOLATION', '11/02/2015', 0, 0), 173)
(('VIOLATION', '11/03/2005', 3, 0), 3)
(('VIOLATION', '11/03/2006', 4, 0), 185)
(('VIOLATION', '11/03/2007', 5, 1), 172)
(('VIOLATION', '11/03/2008', 0, 0), 166)
(('VIOLATION', '11/03/2009', 1, 0), 149)
(('VIOLATION', '11/03/2010', 2, 1), 178)
(('VIOLATION', '11/03/2011', 3, 1), 159)
(('VIOLATION', '11/03/2012', 5, 1), 143)
(('VIOLATION', '11/03/2013', 6, 1), 172)
(('VIOLATION', '11/03/2014', 0, 0), 153)
(('VIOLATION', '11/03/2015', 1, 0), 156)
(('VIOLATION', '11/04/2004', 3, 0), 1)
(('VIOLATION', '11/04/2005', 4, 0), 2)
(('VIOLATION', '11/04/2006', 5, 0), 189)
(('VIOLATION', '11/04/2007', 6, 1), 170)
(('VIOLATION', '11/04/2008', 1, 0), 147)
(('VIOLATION', '11/04/2009', 2, 0), 168)
(('VIOLATION', '11/04/2010', 3, 1), 151)
(('VIOLATION', '11/04/2011', 4, 1), 163)
(('VIOLATION', '11/04/2012', 6, 1), 148)
(('VIOLATION', '11/04/2013', 0, 0), 171)
(('VIOLATION', '11/04/2014', 1, 0), 162)
(('VIOLATION', '11/04/2015', 2, 0), 190)
(('VIOLATION', '11/05/2005', 5, 0), 4)
(('VIOLATION', '11/05/2006', 6, 0), 169)
(('VIOLATION', '11/05/2007', 0, 0), 194)
(('VIOLATION', '11/05/2008', 2, 0), 167)
(('VIOLATION', '11/05/2009', 3, 0), 165)
(('VIOLATION', '11/05/2010', 4, 1), 164)
(('VIOLATION', '11/05/2011', 5, 1), 120)
(('VIOLATION', '11/05/2012', 0, 0), 134)
(('VIOLATION', '11/05/2013', 1, 0), 168)
(('VIOLATION', '11/05/2014', 2, 0), 180)
(('VIOLATION', '11/05/2015', 3, 0), 175)
(('VIOLATION', '11/06/2005', 6, 0), 1)
(('VIOLATION', '11/06/2007', 1, 0), 131)
(('VIOLATION', '11/06/2008', 3, 0), 167)
(('VIOLATION', '11/06/2009', 4, 0), 178)
(('VIOLATION', '11/06/2010', 5, 1), 141)
(('VIOLATION', '11/06/2011', 6, 1), 139)
(('VIOLATION', '11/06/2012', 1, 0), 125)
(('VIOLATION', '11/06/2013', 2, 0), 184)
(('VIOLATION', '11/06/2014', 3, 0), 156)
(('VIOLATION', '11/06/2015', 4, 0), 210)
(('VIOLATION', '11/07/2007', 2, 0), 173)
(('VIOLATION', '11/07/2008', 4, 0), 193)
(('VIOLATION', '11/07/2009', 5, 0), 145)
(('VIOLATION', '11/07/2010', 6, 1), 154)
(('VIOLATION', '11/07/2011', 0, 0), 187)
(('VIOLATION', '11/07/2012', 2, 0), 103)
(('VIOLATION', '11/07/2013', 3, 0), 179)
(('VIOLATION', '11/07/2014', 4, 0), 156)
(('VIOLATION', '11/07/2015', 5, 0), 171)
(('VIOLATION', '11/08/2007', 3, 0), 166)
(('VIOLATION', '11/08/2008', 5, 0), 148)
(('VIOLATION', '11/08/2009', 6, 0), 178)
(('VIOLATION', '11/08/2010', 0, 0), 176)
(('VIOLATION', '11/08/2011', 1, 0), 145)
(('VIOLATION', '11/08/2012', 3, 0), 110)
(('VIOLATION', '11/08/2013', 4, 0), 160)
(('VIOLATION', '11/08/2014', 5, 0), 165)
(('VIOLATION', '11/08/2015', 6, 0), 148)
(('VIOLATION', '11/09/2007', 4, 0), 175)
(('VIOLATION', '11/09/2008', 6, 0), 159)
(('VIOLATION', '11/09/2010', 1, 0), 174)
(('VIOLATION', '11/09/2011', 2, 0), 165)
(('VIOLATION', '11/09/2012', 4, 0), 130)
(('VIOLATION', '11/09/2013', 5, 0), 149)
(('VIOLATION', '11/09/2014', 6, 0), 174)
(('VIOLATION', '11/10/2007', 5, 0), 151)
(('VIOLATION', '11/10/2010', 2, 0), 178)
(('VIOLATION', '11/10/2011', 3, 0), 159)
(('VIOLATION', '11/10/2012', 5, 0), 141)
(('VIOLATION', '11/10/2013', 6, 0), 136)
(('VIOLATION', '11/11/2007', 6, 0), 138)
(('VIOLATION', '11/11/2010', 3, 0), 109)
(('VIOLATION', '11/11/2011', 4, 0), 132)
(('VIOLATION', '11/11/2012', 6, 0), 134)
(('VIOLATION', '11/12/2010', 4, 0), 159)
(('VIOLATION', '11/12/2011', 5, 0), 145)
(('VIOLATION', '11/13/2010', 5, 0), 167)
(('VIOLATION', '11/13/2011', 6, 0), 134)
(('VIOLATION', '11/14/2010', 6, 0), 142)
