(('', '01/01/1900', 0, -1), 71)
(('', '01/01/1900', 1, -1), 64)
(('', '01/01/1900', 2, -1), 53)
(('', '01/01/1900', 3, -1), 52)
(('', '01/01/1900', 4, -1), 62)
(('', '01/01/1900', 5, -1), 57)
(('', '01/01/1900', 6, -1), 56)
(('', '03/12/2013', 1, 1), 1)
(('', '03/27/2006', 0, 0), 3)
(('', '03/28/2006', 1, 0), 4)
(('', '03/29/2006', 2, 0), 4)
(('', '03/30/2006', 3, 0), 5)
(('', '03/31/2006', 4, 0), 1)
(('', '04/01/2001', 6, 0), 1)
(('', '04/01/2006', 5, 0), 5)
(('', '04/02/2006', 6, 0), 2)
(('', '04/03/2006', 0, 1), 1)
(('', '04/04/2006', 1, 1), 5)
(('', '04/05/2006', 2, 1), 4)
(('', '04/06/2006', 3, 1), 5)
(('', '04/07/2006', 4, 1), 5)
(('', '04/08/2006', 5, 1), 1)
(('', '04/09/2006', 6, 1), 1)
(('BRONX', '01/01/1900', -99, -9), 109)
(('BRONX', '01/01/1900', 0, -1), 134412)
(('BRONX', '01/01/1900', 1, -1), 151772)
(('BRONX', '01/01/1900', 2, -1), 154869)
(('BRONX', '01/01/1900', 3, -1), 150302)
(('BRONX', '01/01/1900', 4, -1), 156155)
(('BRONX', '01/01/1900', 5, -1), 144677)
(('BRONX', '01/01/1900', 6, -1), 128216)
(('BRONX', '01/01/1974', 1, 0), 1)
(('BRONX', '03/02/2009', 0, 0), 181)
(('BRONX', '03/02/2015', 0, 0), 230)
(('BRONX', '03/03/2008', 0, 0), 291)
(('BRONX', '03/03/2009', 1, 0), 278)
(('BRONX', '03/03/2014', 0, 0), 210)
(('BRONX', '03/03/2015', 1, 0), 225)
(('BRONX', '03/04/2008', 1, 0), 342)
(('BRONX', '03/04/2009', 2, 0), 286)
(('BRONX', '03/04/2013', 0, 0), 212)
(('BRONX', '03/04/2014', 1, 0), 268)
(('BRONX', '03/04/2015', 2, 0), 261)
(('BRONX', '03/05/2007', 0, 0), 295)
(('BRONX', '03/05/2008', 2, 0), 353)
(('BRONX', '03/05/2009', 3, 0), 352)
(('BRONX', '03/05/2012', 0, 0), 259)
(('BRONX', '03/05/2013', 1, 0), 276)
(('BRONX', '03/05/2014', 2, 0), 295)
(('BRONX', '03/05/2015', 3, 0), 244)
(('BRONX', '03/06/2007', 1, 0), 262)
(('BRONX', '03/06/2008', 3, 0), 348)
(('BRONX', '03/06/2009', 4, 0), 366)
(('BRONX', '03/06/2012', 1, 0), 301)
(('BRONX', '03/06/2013', 2, 0), 273)
(('BRONX', '03/06/2014', 3, 0), 233)
(('BRONX', '03/06/2015', 4, 0), 271)
(('BRONX', '03/07/2007', 2, 0), 334)
(('BRONX', '03/07/2008', 4, 0), 341)
(('BRONX', '03/07/2009', 5, 0), 362)
(('BRONX', '03/07/2011', 0, 0), 249)
(('BRONX', '03/07/2012', 2, 0), 308)
(('BRONX', '03/07/2013', 3, 0), 246)
(('BRONX', '03/07/2014', 4, 0), 328)
(('BRONX', '03/07/2015', 5, 0), 293)
(('BRONX', '03/08/2007', 3, 0), 298)
(('BRONX', '03/08/2008', 5, 0), 323)
(('BRONX', '03/08/2009', 6, 0), 275)
(('BRONX', '03/08/2010', 0, 0), 282)
(('BRONX', '03/08/2011', 1, 0), 312)
(('BRONX', '03/08/2012', 3, 0), 327)
(('BRONX', '03/08/2013', 4, 0), 257)
(('BRONX', '03/08/2014', 5, 0), 311)
(('BRONX', '03/08/2015', 6, 0), 221)
(('BRONX', '03/09/2007', 4, 0), 356)
(('BRONX', '03/09/2008', 6, 0), 264)
(('BRONX', '03/09/2009', 0, 1), 273)
(('BRONX', '03/09/2010', 1, 0), 298)
(('BRONX', '03/09/2011', 2, 0), 328)
(('BRONX', '03/09/2012', 4, 0), 298)
(('BRONX', '03/09/2013', 5, 0), 288)
(('BRONX', '03/09/2014', 6, 0), 224)
(('BRONX', '03/09/2015', 0, 1), 259)
(('BRONX', '03/10/2007', 5, 0), 261)
(('BRONX', '03/10/2008', 0, 1), 270)
(('BRONX', '03/10/2009', 1, 1), 355)
(('BRONX', '03/10/2010', 2, 0), 390)
(('BRONX', '03/10/2011', 3, 0), 280)
(('BRONX', '03/10/2012', 5, 0), 269)
(('BRONX', '03/10/2013', 6, 0), 240)
(('BRONX', '03/10/2014', 0, 1), 267)
(('BRONX', '03/10/2015', 1, 1), 307)
(('BRONX', '03/11/2007', 6, 0), 239)
(('BRONX', '03/11/2008', 1, 1), 339)
(('BRONX', '03/11/2009', 2, 1), 348)
(('BRONX', '03/11/2010', 3, 0), 333)
(('BRONX', '03/11/2011', 4, 0), 342)
(('BRONX', '03/11/2012', 6, 0), 218)
(('BRONX', '03/11/2013', 0, 1), 222)
(('BRONX', '03/11/2014', 1, 1), 305)
(('BRONX', '03/11/2015', 2, 1), 274)
(('BRONX', '03/12/2007', 0, 1), 319)
(('BRONX', '03/12/2008', 2, 1), 360)
(('BRONX', '03/12/2009', 3, 1), 351)
(('BRONX', '03/12/2010', 4, 0), 267)
(('BRONX', '03/12/2011', 5, 0), 361)
(('BRONX', '03/12/2012', 0, 1), 330)
(('BRONX', '03/12/2013', 1, 1), 263)
(('BRONX', '03/12/2014', 2, 1), 342)
(('BRONX', '03/12/2015', 3, 1), 282)
(('BRONX', '03/13/2007', 1, 1), 347)
(('BRONX', '03/13/2008', 3, 1), 357)
(('BRONX', '03/13/2009', 4, 1), 349)
(('BRONX', '03/13/2010', 5, 0), 219)
(('BRONX', '03/13/2011', 6, 0), 263)
(('BRONX', '03/13/2012', 1, 1), 331)
(('BRONX', '03/13/2013', 2, 1), 303)
(('BRONX', '03/13/2014', 3, 1), 300)
(('BRONX', '03/13/2015', 4, 1), 307)
(('BRONX', '03/14/2007', 2, 1), 410)
(('BRONX', '03/14/2008', 4, 1), 337)
(('BRONX', '03/14/2009', 5, 1), 312)
(('BRONX', '03/14/2010', 6, 0), 255)
(('BRONX', '03/14/2011', 0, 1), 277)
(('BRONX', '03/14/2012', 2, 1), 362)
(('BRONX', '03/14/2013', 3, 1), 310)
(('BRONX', '03/14/2014', 4, 1), 316)
(('BRONX', '03/14/2015', 5, 1), 300)
(('BRONX', '03/15/2007', 3, 1), 375)
(('BRONX', '03/15/2008', 5, 1), 354)
(('BRONX', '03/15/2009', 6, 1), 265)
(('BRONX', '03/15/2010', 0, 1), 286)
(('BRONX', '03/15/2011', 1, 1), 340)
(('BRONX', '03/15/2012', 3, 1), 334)
(('BRONX', '03/15/2013', 4, 1), 287)
(('BRONX', '03/15/2014', 5, 1), 368)
(('BRONX', '03/15/2015', 6, 1), 274)
(('BRONX', '03/16/2007', 4, 1), 259)
(('BRONX', '03/16/2008', 6, 1), 270)
(('BRONX', '03/16/2010', 1, 1), 340)
(('BRONX', '03/16/2011', 2, 1), 314)
(('BRONX', '03/16/2012', 4, 1), 288)
(('BRONX', '03/16/2013', 5, 1), 271)
(('BRONX', '03/16/2014', 6, 1), 290)
(('BRONX', '03/17/2007', 5, 1), 217)
(('BRONX', '03/17/2010', 2, 1), 325)
(('BRONX', '03/17/2011', 3, 1), 305)
(('BRONX', '03/17/2012', 5, 1), 279)
(('BRONX', '03/17/2013', 6, 1), 237)
(('BRONX', '03/18/2007', 6, 1), 231)
(('BRONX', '03/18/2010', 3, 1), 323)
(('BRONX', '03/18/2011', 4, 1), 363)
(('BRONX', '03/18/2012', 6, 1), 248)
(('BRONX', '03/19/2010', 4, 1), 335)
(('BRONX', '03/19/2011', 5, 1), 302)
(('BRONX', '03/20/2010', 5, 1), 325)
(('BRONX', '03/20/2011', 6, 1), 253)
(('BRONX', '03/21/2010', 6, 1), 248)
(('BRONX', '03/26/2001', 0, 0), 1)
(('BRONX', '03/27/2006', 0, 0), 372)
(('BRONX', '03/28/2000', 1, 0), 1)
(('BRONX', '03/28/2005', 0, 0), 3)
(('BRONX', '03/28/2006', 1, 0), 335)
(('BRONX', '03/29/2005', 1, 0), 3)
(('BRONX', '03/29/2006', 2, 0), 305)
(('BRONX', '03/30/2000', 3, 0), 1)
(('BRONX', '03/30/2001', 4, 0), 2)
(('BRONX', '03/30/2004', 1, 0), 1)
(('BRONX', '03/30/2005', 2, 0), 1)
(('BRONX', '03/30/2006', 3, 0), 287)
(('BRONX', '03/31/2000', 4, 0), 1)
(('BRONX', '03/31/2004', 2, 0), 2)
(('BRONX', '03/31/2005', 3, 0), 3)
(('BRONX', '03/31/2006', 4, 0), 309)
(('BRONX', '04/01/1997', 1, 0), 1)
(('BRONX', '04/01/1998', 2, 0), 1)
(('BRONX', '04/01/1999', 3, 0), 4)
(('BRONX', '04/01/2000', 5, 0), 2)
(('BRONX', '04/01/2001', 6, 0), 1)
(('BRONX', '04/01/2003', 1, 0), 6)
(('BRONX', '04/01/2004', 3, 0), 4)
(('BRONX', '04/01/2005', 4, 0), 7)
(('BRONX', '04/01/2006', 5, 0), 344)
(('BRONX', '04/02/2000', 6, 0), 1)
(('BRONX', '04/02/2005', 5, 0), 1)
(('BRONX', '04/02/2006', 6, 0), 265)
(('BRONX', '04/03/2000', 0, 1), 2)
(('BRONX', '04/03/2003', 3, 0), 1)
(('BRONX', '04/03/2004', 5, 0), 1)
(('BRONX', '04/03/2006', 0, 1), 295)
(('BRONX', '04/04/2000', 1, 1), 1)
(('BRONX', '04/04/2004', 6, 0), 1)
(('BRONX', '04/04/2005', 0, 1), 4)
(('BRONX', '04/04/2006', 1, 1), 382)
(('BRONX', '04/05/2002', 4, 0), 1)
(('BRONX', '04/05/2003', 5, 0), 1)
(('BRONX', '04/05/2004', 0, 1), 1)
(('BRONX', '04/05/2005', 1, 1), 2)
(('BRONX', '04/05/2006', 2, 1), 346)
(('BRONX', '04/06/2002', 5, 0), 1)
(('BRONX', '04/06/2004', 1, 1), 2)
(('BRONX', '04/06/2005', 2, 1), 1)
(('BRONX', '04/06/2006', 3, 1), 346)
(('BRONX', '04/07/1997', 0, 1), 1)
(('BRONX', '04/07/2003', 0, 1), 2)
(('BRONX', '04/07/2004', 2, 1), 2)
(('BRONX', '04/07/2005', 3, 1), 2)
(('BRONX', '04/07/2006', 4, 1), 323)
(('BRONX', '04/08/2004', 3, 1), 1)
(('BRONX', '04/08/2005', 4, 1), 2)
(('BRONX', '04/08/2006', 5, 1), 276)
(('BRONX', '04/09/2000', 6, 1), 1)
(('BRONX', '04/09/2004', 4, 1), 1)
(('BRONX', '04/09/2005', 5, 1), 4)
(('BRONX', '04/09/2006', 6, 1), 275)
(('BRONX', '04/10/2002', 2, 1), 1)
(('BRONX', '04/10/2003', 3, 1), 2)
(('BRONX', '04/10/2004', 5, 1), 1)
(('BRONX', '04/10/2005', 6, 1), 2)
(('BRONX', '04/11/2003', 4, 1), 2)
(('BRONX', '04/11/2004', 6, 1), 1)
(('BRONX', '04/12/2002', 4, 1), 2)
(('BRONX', '10/22/2001', 0, 1), 1)
(('BRONX', '10/23/1992', 4, 1), 1)
(('BRONX', '10/23/2002', 2, 1), 1)
(('BRONX', '10/23/2003', 3, 1), 1)
(('BRONX', '10/23/2006', 0, 1), 307)
(('BRONX', '10/24/2000', 1, 1), 1)
(('BRONX', '10/24/2003', 4, 1), 1)
(('BRONX', '10/24/2005', 0, 1), 1)
(('BRONX', '10/24/2006', 1, 1), 350)
(('BRONX', '10/25/1977', 1, 1), 1)
(('BRONX', '10/25/1996', 4, 1), 1)
(('BRONX', '10/25/1998', 6, 1), 1)
(('BRONX', '10/25/2004', 0, 1), 1)
(('BRONX', '10/25/2005', 1, 1), 3)
(('BRONX', '10/25/2006', 2, 1), 310)
(('BRONX', '10/26/2001', 4, 1), 1)
(('BRONX', '10/26/2002', 5, 1), 1)
(('BRONX', '10/26/2005', 2, 1), 5)
(('BRONX', '10/26/2006', 3, 1), 325)
(('BRONX', '10/26/2009', 0, 1), 284)
(('BRONX', '10/26/2015', 0, 1), 260)
(('BRONX', '10/27/1998', 1, 0), 1)
(('BRONX', '10/27/2000', 4, 1), 1)
(('BRONX', '10/27/2004', 2, 1), 1)
(('BRONX', '10/27/2005', 3, 1), 1)
(('BRONX', '10/27/2006', 4, 1), 364)
(('BRONX', '10/27/2008', 0, 1), 283)
(('BRONX', '10/27/2009', 1, 1), 300)
(('BRONX', '10/27/2014', 0, 1), 308)
(('BRONX', '10/27/2015', 1, 1), 294)
(('BRONX', '10/28/2003', 1, 0), 1)
(('BRONX', '10/28/2004', 3, 1), 1)
(('BRONX', '10/28/2005', 4, 1), 7)
(('BRONX', '10/28/2006', 5, 1), 266)
(('BRONX', '10/28/2008', 1, 1), 244)
(('BRONX', '10/28/2009', 2, 1), 299)
(('BRONX', '10/28/2013', 0, 1), 294)
(('BRONX', '10/28/2014', 1, 1), 314)
(('BRONX', '10/28/2015', 2, 1), 241)
(('BRONX', '10/29/2000', 6, 1), 1)
(('BRONX', '10/29/2003', 2, 0), 2)
(('BRONX', '10/29/2004', 4, 1), 1)
(('BRONX', '10/29/2005', 5, 1), 4)
(('BRONX', '10/29/2006', 6, 1), 289)
(('BRONX', '10/29/2007', 0, 1), 271)
(('BRONX', '10/29/2008', 2, 1), 308)
(('BRONX', '10/29/2009', 3, 1), 317)
(('BRONX', '10/29/2012', 0, 1), 131)
(('BRONX', '10/29/2013', 1, 1), 276)
(('BRONX', '10/29/2014', 2, 1), 299)
(('BRONX', '10/29/2015', 3, 1), 313)
(('BRONX', '10/30/1986', 3, 0), 2)
(('BRONX', '10/30/2000', 0, 0), 1)
(('BRONX', '10/30/2001', 1, 0), 1)
(('BRONX', '10/30/2002', 2, 0), 1)
(('BRONX', '10/30/2003', 3, 0), 1)
(('BRONX', '10/30/2004', 5, 1), 3)
(('BRONX', '10/30/2005', 6, 1), 5)
(('BRONX', '10/30/2006', 0, 0), 292)
(('BRONX', '10/30/2007', 1, 1), 334)
(('BRONX', '10/30/2008', 3, 1), 311)
(('BRONX', '10/30/2009', 4, 1), 348)
(('BRONX', '10/30/2012', 1, 1), 176)
(('BRONX', '10/30/2013', 2, 1), 348)
(('BRONX', '10/30/2014', 3, 1), 297)
(('BRONX', '10/30/2015', 4, 1), 301)
(('BRONX', '10/31/2002', 3, 0), 1)
(('BRONX', '10/31/2005', 0, 0), 4)
(('BRONX', '10/31/2006', 1, 0), 324)
(('BRONX', '10/31/2007', 2, 1), 326)
(('BRONX', '10/31/2008', 4, 1), 312)
(('BRONX', '10/31/2009', 5, 1), 317)
(('BRONX', '10/31/2011', 0, 1), 262)
(('BRONX', '10/31/2012', 2, 1), 242)
(('BRONX', '10/31/2013', 3, 1), 297)
(('BRONX', '10/31/2014', 4, 1), 338)
(('BRONX', '10/31/2015', 5, 1), 287)
(('BRONX', '11/01/1995', 2, 0), 1)
(('BRONX', '11/01/1996', 4, 0), 1)
(('BRONX', '11/01/1997', 5, 0), 1)
(('BRONX', '11/01/1998', 6, 0), 1)
(('BRONX', '11/01/1999', 0, 0), 3)
(('BRONX', '11/01/2000', 2, 0), 5)
(('BRONX', '11/01/2001', 3, 0), 9)
(('BRONX', '11/01/2002', 4, 0), 6)
(('BRONX', '11/01/2003', 5, 0), 10)
(('BRONX', '11/01/2004', 0, 0), 14)
(('BRONX', '11/01/2005', 1, 0), 40)
(('BRONX', '11/01/2006', 2, 0), 444)
(('BRONX', '11/01/2007', 3, 1), 391)
(('BRONX', '11/01/2008', 5, 1), 338)
(('BRONX', '11/01/2009', 6, 1), 310)
(('BRONX', '11/01/2010', 0, 1), 313)
(('BRONX', '11/01/2011', 1, 1), 362)
(('BRONX', '11/01/2012', 3, 1), 279)
(('BRONX', '11/01/2013', 4, 1), 323)
(('BRONX', '11/01/2014', 5, 1), 303)
(('BRONX', '11/01/2015', 6, 1), 270)
(('BRONX', '11/02/2001', 4, 0), 1)
(('BRONX', '11/02/2002', 5, 0), 3)
(('BRONX', '11/02/2005', 2, 0), 4)
(('BRONX', '11/02/2006', 3, 0), 308)
(('BRONX', '11/02/2007', 4, 1), 339)
(('BRONX', '11/02/2008', 6, 1), 210)
(('BRONX', '11/02/2009', 0, 0), 287)
(('BRONX', '11/02/2010', 1, 1), 257)
(('BRONX', '11/02/2011', 2, 1), 303)
(('BRONX', '11/02/2012', 4, 1), 205)
(('BRONX', '11/02/2013', 5, 1), 328)
(('BRONX', '11/02/2014', 6, 1), 259)
(('BRONX', '11/02/2015', 0, 0), 283)
(('BRONX', '11/03/2001', 5, 0), 1)
(('BRONX', '11/03/2004', 2, 0), 1)
(('BRONX', '11/03/2005', 3, 0), 6)
(('BRONX', '11/03/2006', 4, 0), 308)
(('BRONX', '11/03/2007', 5, 1), 314)
(('BRONX', '11/03/2008', 0, 0), 254)
(('BRONX', '11/03/2009', 1, 0), 305)
(('BRONX', '11/03/2010', 2, 1), 335)
(('BRONX', '11/03/2011', 3, 1), 328)
(('BRONX', '11/03/2012', 5, 1), 243)
(('BRONX', '11/03/2013', 6, 1), 246)
(('BRONX', '11/03/2014', 0, 0), 246)
(('BRONX', '11/03/2015', 1, 0), 288)
(('BRONX', '11/04/1984', 6, 0), 1)
(('BRONX', '11/04/2001', 6, 0), 1)
(('BRONX', '11/04/2004', 3, 0), 3)
(('BRONX', '11/04/2005', 4, 0), 9)
(('BRONX', '11/04/2006', 5, 0), 236)
(('BRONX', '11/04/2007', 6, 1), 282)
(('BRONX', '11/04/2008', 1, 0), 240)
(('BRONX', '11/04/2009', 2, 0), 316)
(('BRONX', '11/04/2010', 3, 1), 292)
(('BRONX', '11/04/2011', 4, 1), 342)
(('BRONX', '11/04/2012', 6, 1), 245)
(('BRONX', '11/04/2013', 0, 0), 235)
(('BRONX', '11/04/2014', 1, 0), 301)
(('BRONX', '11/04/2015', 2, 0), 312)
(('BRONX', '11/05/2005', 5, 0), 10)
(('BRONX', '11/05/2006', 6, 0), 212)
(('BRONX', '11/05/2007', 0, 0), 314)
(('BRONX', '11/05/2008', 2, 0), 305)
(('BRONX', '11/05/2009', 3, 0), 324)
(('BRONX', '11/05/2010', 4, 1), 332)
(('BRONX', '11/05/2011', 5, 1), 292)
(('BRONX', '11/05/2012', 0, 0), 218)
(('BRONX', '11/05/2013', 1, 0), 272)
(('BRONX', '11/05/2014', 2, 0), 302)
(('BRONX', '11/05/2015', 3, 0), 283)
(('BRONX', '11/06/2007', 1, 0), 287)
(('BRONX', '11/06/2008', 3, 0), 289)
(('BRONX', '11/06/2009', 4, 0), 349)
(('BRONX', '11/06/2010', 5, 1), 315)
(('BRONX', '11/06/2011', 6, 1), 240)
(('BRONX', '11/06/2012', 1, 0), 203)
(('BRONX', '11/06/2013', 2, 0), 304)
(('BRONX', '11/06/2014', 3, 0), 268)
(('BRONX', '11/06/2015', 4, 0), 283)
(('BRONX', '11/07/2004', 6, 0), 1)
(('BRONX', '11/07/2007', 2, 0), 332)
(('BRONX', '11/07/2008', 4, 0), 309)
(('BRONX', '11/07/2009', 5, 0), 301)
(('BRONX', '11/07/2010', 6, 1), 260)
(('BRONX', '11/07/2011', 0, 0), 279)
(('BRONX', '11/07/2012', 2, 0), 204)
(('BRONX', '11/07/2013', 3, 0), 319)
(('BRONX', '11/07/2014', 4, 0), 320)
(('BRONX', '11/07/2015', 5, 0), 313)
(('BRONX', '11/08/2007', 3, 0), 331)
(('BRONX', '11/08/2008', 5, 0), 296)
(('BRONX', '11/08/2009', 6, 0), 282)
(('BRONX', '11/08/2010', 0, 0), 265)
(('BRONX', '11/08/2011', 1, 0), 285)
(('BRONX', '11/08/2012', 3, 0), 237)
(('BRONX', '11/08/2013', 4, 0), 286)
(('BRONX', '11/08/2014', 5, 0), 329)
(('BRONX', '11/08/2015', 6, 0), 223)
(('BRONX', '11/09/2007', 4, 0), 349)
(('BRONX', '11/09/2008', 6, 0), 249)
(('BRONX', '11/09/2010', 1, 0), 303)
(('BRONX', '11/09/2011', 2, 0), 332)
(('BRONX', '11/09/2012', 4, 0), 276)
(('BRONX', '11/09/2013', 5, 0), 292)
(('BRONX', '11/09/2014', 6, 0), 269)
(('BRONX', '11/10/2007', 5, 0), 293)
(('BRONX', '11/10/2010', 2, 0), 376)
(('BRONX', '11/10/2011', 3, 0), 315)
(('BRONX', '11/10/2012', 5, 0), 271)
(('BRONX', '11/10/2013', 6, 0), 255)
(('BRONX', '11/11/2007', 6, 0), 284)
(('BRONX', '11/11/2010', 3, 0), 324)
(('BRONX', '11/11/2011', 4, 0), 307)
(('BRONX', '11/11/2012', 6, 0), 240)
(('BRONX', '11/12/2010', 4, 0), 387)
(('BRONX', '11/12/2011', 5, 0), 299)
(('BRONX', '11/13/2010', 5, 0), 372)
(('BRONX', '11/13/2011', 6, 0), 251)
(('BRONX', '11/14/2010', 6, 0), 247)
(('BROOKLYN', '01/01/1900', -99, -9), 212)
(('BROOKLYN', '01/01/1900', 0, -1), 192674)
(('BROOKLYN', '01/01/1900', 1, -1), 203367)
(('BROOKLYN', '01/01/1900', 2, -1), 207473)
(('BROOKLYN', '01/01/1900', 3, -1), 205018)
(('BROOKLYN', '01/01/1900', 4, -1), 218248)
(('BROOKLYN', '01/01/1900', 5, -1), 202165)
(('BROOKLYN', '01/01/1900', 6, -1), 183018)
(('BROOKLYN', '03/02/2009', 0, 0), 235)
(('BROOKLYN', '03/02/2015', 0, 0), 333)
(('BROOKLYN', '03/03/2008', 0, 0), 453)
(('BROOKLYN', '03/03/2009', 1, 0), 304)
(('BROOKLYN', '03/03/2014', 0, 0), 363)
(('BROOKLYN', '03/03/2015', 1, 0), 345)
(('BROOKLYN', '03/04/2008', 1, 0), 398)
(('BROOKLYN', '03/04/2009', 2, 0), 363)
(('BROOKLYN', '03/04/2013', 0, 0), 356)
(('BROOKLYN', '03/04/2014', 1, 0), 379)
(('BROOKLYN', '03/04/2015', 2, 0), 364)
(('BROOKLYN', '03/05/2007', 0, 0), 359)
(('BROOKLYN', '03/05/2008', 2, 0), 441)
(('BROOKLYN', '03/05/2009', 3, 0), 428)
(('BROOKLYN', '03/05/2012', 0, 0), 417)
(('BROOKLYN', '03/05/2013', 1, 0), 377)
(('BROOKLYN', '03/05/2014', 2, 0), 424)
(('BROOKLYN', '03/05/2015', 3, 0), 320)
(('BROOKLYN', '03/06/2007', 1, 0), 351)
(('BROOKLYN', '03/06/2008', 3, 0), 430)
(('BROOKLYN', '03/06/2009', 4, 0), 445)
(('BROOKLYN', '03/06/2012', 1, 0), 387)
(('BROOKLYN', '03/06/2013', 2, 0), 357)
(('BROOKLYN', '03/06/2014', 3, 0), 389)
(('BROOKLYN', '03/06/2015', 4, 0), 369)
(('BROOKLYN', '03/07/2007', 2, 0), 389)
(('BROOKLYN', '03/07/2008', 4, 0), 481)
(('BROOKLYN', '03/07/2009', 5, 0), 431)
(('BROOKLYN', '03/07/2011', 0, 0), 344)
(('BROOKLYN', '03/07/2012', 2, 0), 442)
(('BROOKLYN', '03/07/2013', 3, 0), 366)
(('BROOKLYN', '03/07/2014', 4, 0), 423)
(('BROOKLYN', '03/07/2015', 5, 0), 348)
(('BROOKLYN', '03/08/2007', 3, 0), 399)
(('BROOKLYN', '03/08/2008', 5, 0), 399)
(('BROOKLYN', '03/08/2009', 6, 0), 352)
(('BROOKLYN', '03/08/2010', 0, 0), 415)
(('BROOKLYN', '03/08/2011', 1, 0), 409)
(('BROOKLYN', '03/08/2012', 3, 0), 477)
(('BROOKLYN', '03/08/2013', 4, 0), 391)
(('BROOKLYN', '03/08/2014', 5, 0), 458)
(('BROOKLYN', '03/08/2015', 6, 0), 320)
(('BROOKLYN', '03/09/2007', 4, 0), 437)
(('BROOKLYN', '03/09/2008', 6, 0), 346)
(('BROOKLYN', '03/09/2009', 0, 1), 372)
(('BROOKLYN', '03/09/2010', 1, 0), 451)
(('BROOKLYN', '03/09/2011', 2, 0), 412)
(('BROOKLYN', '03/09/2012', 4, 0), 481)
(('BROOKLYN', '03/09/2013', 5, 0), 419)
(('BROOKLYN', '03/09/2014', 6, 0), 344)
(('BROOKLYN', '03/09/2015', 0, 1), 367)
(('BROOKLYN', '03/10/2007', 5, 0), 435)
(('BROOKLYN', '03/10/2008', 0, 1), 419)
(('BROOKLYN', '03/10/2009', 1, 1), 429)
(('BROOKLYN', '03/10/2010', 2, 0), 452)
(('BROOKLYN', '03/10/2011', 3, 0), 408)
(('BROOKLYN', '03/10/2012', 5, 0), 409)
(('BROOKLYN', '03/10/2013', 6, 0), 344)
(('BROOKLYN', '03/10/2014', 0, 1), 384)
(('BROOKLYN', '03/10/2015', 1, 1), 366)
(('BROOKLYN', '03/11/2007', 6, 0), 374)
(('BROOKLYN', '03/11/2008', 1, 1), 429)
(('BROOKLYN', '03/11/2009', 2, 1), 473)
(('BROOKLYN', '03/11/2010', 3, 0), 435)
(('BROOKLYN', '03/11/2011', 4, 0), 482)
(('BROOKLYN', '03/11/2012', 6, 0), 350)
(('BROOKLYN', '03/11/2013', 0, 1), 376)
(('BROOKLYN', '03/11/2014', 1, 1), 396)
(('BROOKLYN', '03/11/2015', 2, 1), 416)
(('BROOKLYN', '03/12/2007', 0, 1), 398)
(('BROOKLYN', '03/12/2008', 2, 1), 471)
(('BROOKLYN', '03/12/2009', 3, 1), 413)
(('BROOKLYN', '03/12/2010', 4, 0), 450)
(('BROOKLYN', '03/12/2011', 5, 0), 429)
(('BROOKLYN', '03/12/2012', 0, 1), 420)
(('BROOKLYN', '03/12/2013', 1, 1), 331)
(('BROOKLYN', '03/12/2014', 2, 1), 392)
(('BROOKLYN', '03/12/2015', 3, 1), 400)
(('BROOKLYN', '03/13/2007', 1, 1), 438)
(('BROOKLYN', '03/13/2008', 3, 1), 398)
(('BROOKLYN', '03/13/2009', 4, 1), 447)
(('BROOKLYN', '03/13/2010', 5, 0), 342)
(('BROOKLYN', '03/13/2011', 6, 0), 353)
(('BROOKLYN', '03/13/2012', 1, 1), 444)
(('BROOKLYN', '03/13/2013', 2, 1), 445)
(('BROOKLYN', '03/13/2014', 3, 1), 387)
(('BROOKLYN', '03/13/2015', 4, 1), 407)
(('BROOKLYN', '03/14/2007', 2, 1), 443)
(('BROOKLYN', '03/14/2008', 4, 1), 456)
(('BROOKLYN', '03/14/2009', 5, 1), 424)
(('BROOKLYN', '03/14/2010', 6, 0), 338)
(('BROOKLYN', '03/14/2011', 0, 1), 397)
(('BROOKLYN', '03/14/2012', 2, 1), 433)
(('BROOKLYN', '03/14/2013', 3, 1), 349)
(('BROOKLYN', '03/14/2014', 4, 1), 452)
(('BROOKLYN', '03/14/2015', 5, 1), 364)
(('BROOKLYN', '03/15/2007', 3, 1), 446)
(('BROOKLYN', '03/15/2008', 5, 1), 406)
(('BROOKLYN', '03/15/2009', 6, 1), 392)
(('BROOKLYN', '03/15/2010', 0, 1), 393)
(('BROOKLYN', '03/15/2011', 1, 1), 457)
(('BROOKLYN', '03/15/2012', 3, 1), 439)
(('BROOKLYN', '03/15/2013', 4, 1), 442)
(('BROOKLYN', '03/15/2014', 5, 1), 437)
(('BROOKLYN', '03/15/2015', 6, 1), 355)
(('BROOKLYN', '03/16/2007', 4, 1), 356)
(('BROOKLYN', '03/16/2008', 6, 1), 336)
(('BROOKLYN', '03/16/2010', 1, 1), 438)
(('BROOKLYN', '03/16/2011', 2, 1), 397)
(('BROOKLYN', '03/16/2012', 4, 1), 479)
(('BROOKLYN', '03/16/2013', 5, 1), 342)
(('BROOKLYN', '03/16/2014', 6, 1), 354)
(('BROOKLYN', '03/17/2007', 5, 1), 280)
(('BROOKLYN', '03/17/2010', 2, 1), 446)
(('BROOKLYN', '03/17/2011', 3, 1), 415)
(('BROOKLYN', '03/17/2012', 5, 1), 422)
(('BROOKLYN', '03/17/2013', 6, 1), 352)
(('BROOKLYN', '03/18/2007', 6, 1), 303)
(('BROOKLYN', '03/18/2010', 3, 1), 423)
(('BROOKLYN', '03/18/2011', 4, 1), 480)
(('BROOKLYN', '03/18/2012', 6, 1), 409)
(('BROOKLYN', '03/19/2010', 4, 1), 457)
(('BROOKLYN', '03/19/2011', 5, 1), 447)
(('BROOKLYN', '03/20/2010', 5, 1), 426)
(('BROOKLYN', '03/20/2011', 6, 1), 385)
(('BROOKLYN', '03/21/2010', 6, 1), 377)
(('BROOKLYN', '03/27/2000', 0, 0), 1)
(('BROOKLYN', '03/27/2001', 1, 0), 1)
(('BROOKLYN', '03/27/2006', 0, 0), 428)
(('BROOKLYN', '03/28/2000', 1, 0), 1)
(('BROOKLYN', '03/28/2001', 2, 0), 1)
(('BROOKLYN', '03/28/2005', 0, 0), 1)
(('BROOKLYN', '03/28/2006', 1, 0), 431)
(('BROOKLYN', '03/29/2001', 3, 0), 1)
(('BROOKLYN', '03/29/2004', 0, 0), 1)
(('BROOKLYN', '03/29/2006', 2, 0), 454)
(('BROOKLYN', '03/30/2000', 3, 0), 1)
(('BROOKLYN', '03/30/2001', 4, 0), 3)
(('BROOKLYN', '03/30/2004', 1, 0), 1)
(('BROOKLYN', '03/30/2005', 2, 0), 5)
(('BROOKLYN', '03/30/2006', 3, 0), 425)
(('BROOKLYN', '03/31/2000', 4, 0), 1)
(('BROOKLYN', '03/31/2003', 0, 0), 1)
(('BROOKLYN', '03/31/2005', 3, 0), 2)
(('BROOKLYN', '03/31/2006', 4, 0), 440)
(('BROOKLYN', '04/01/1990', 6, 0), 1)
(('BROOKLYN', '04/01/1991', 0, 0), 1)
(('BROOKLYN', '04/01/1994', 4, 0), 1)
(('BROOKLYN', '04/01/1997', 1, 0), 2)
(('BROOKLYN', '04/01/1998', 2, 0), 2)
(('BROOKLYN', '04/01/1999', 3, 0), 7)
(('BROOKLYN', '04/01/2000', 5, 0), 5)
(('BROOKLYN', '04/01/2001', 6, 0), 11)
(('BROOKLYN', '04/01/2002', 0, 0), 7)
(('BROOKLYN', '04/01/2003', 1, 0), 8)
(('BROOKLYN', '04/01/2004', 3, 0), 23)
(('BROOKLYN', '04/01/2005', 4, 0), 33)
(('BROOKLYN', '04/01/2006', 5, 0), 520)
(('BROOKLYN', '04/02/2003', 2, 0), 3)
(('BROOKLYN', '04/02/2004', 4, 0), 1)
(('BROOKLYN', '04/02/2005', 5, 0), 1)
(('BROOKLYN', '04/02/2006', 6, 0), 379)
(('BROOKLYN', '04/03/2000', 0, 1), 2)
(('BROOKLYN', '04/03/2002', 2, 0), 1)
(('BROOKLYN', '04/03/2004', 5, 0), 1)
(('BROOKLYN', '04/03/2005', 6, 0), 2)
(('BROOKLYN', '04/03/2006', 0, 1), 415)
(('BROOKLYN', '04/04/2000', 1, 1), 1)
(('BROOKLYN', '04/04/2001', 2, 1), 1)
(('BROOKLYN', '04/04/2002', 3, 0), 1)
(('BROOKLYN', '04/04/2004', 6, 0), 2)
(('BROOKLYN', '04/04/2005', 0, 1), 6)
(('BROOKLYN', '04/04/2006', 1, 1), 423)
(('BROOKLYN', '04/05/2000', 2, 1), 1)
(('BROOKLYN', '04/05/2001', 3, 1), 1)
(('BROOKLYN', '04/05/2002', 4, 0), 2)
(('BROOKLYN', '04/05/2004', 0, 1), 1)
(('BROOKLYN', '04/05/2005', 1, 1), 4)
(('BROOKLYN', '04/05/2006', 2, 1), 410)
(('BROOKLYN', '04/06/2003', 6, 0), 1)
(('BROOKLYN', '04/06/2005', 2, 1), 2)
(('BROOKLYN', '04/06/2006', 3, 1), 456)
(('BROOKLYN', '04/07/2003', 0, 1), 1)
(('BROOKLYN', '04/07/2005', 3, 1), 3)
(('BROOKLYN', '04/07/2006', 4, 1), 493)
(('BROOKLYN', '04/08/1988', 4, 1), 1)
(('BROOKLYN', '04/08/2001', 6, 1), 1)
(('BROOKLYN', '04/08/2003', 1, 1), 1)
(('BROOKLYN', '04/08/2005', 4, 1), 2)
(('BROOKLYN', '04/08/2006', 5, 1), 425)
(('BROOKLYN', '04/09/2004', 4, 1), 1)
(('BROOKLYN', '04/09/2005', 5, 1), 1)
(('BROOKLYN', '04/09/2006', 6, 1), 331)
(('BROOKLYN', '04/10/2003', 3, 1), 2)
(('BROOKLYN', '04/10/2004', 5, 1), 2)
(('BROOKLYN', '04/10/2005', 6, 1), 3)
(('BROOKLYN', '04/12/2002', 4, 1), 1)
(('BROOKLYN', '04/12/2003', 5, 1), 1)
(('BROOKLYN', '04/21/1983', 3, 0), 1)
(('BROOKLYN', '04/30/1980', 2, 1), 1)
(('BROOKLYN', '05/01/1977', 6, 1), 1)
(('BROOKLYN', '10/20/1997', 0, 1), 1)
(('BROOKLYN', '10/20/2003', 0, 1), 1)
(('BROOKLYN', '10/21/2002', 0, 1), 1)
(('BROOKLYN', '10/21/2003', 1, 1), 1)
(('BROOKLYN', '10/22/1975', 2, 1), 1)
(('BROOKLYN', '10/22/1997', 2, 1), 1)
(('BROOKLYN', '10/22/2001', 0, 1), 2)
(('BROOKLYN', '10/22/2002', 1, 1), 1)
(('BROOKLYN', '10/23/1986', 3, 1), 1)
(('BROOKLYN', '10/23/2001', 1, 1), 1)
(('BROOKLYN', '10/23/2003', 3, 1), 2)
(('BROOKLYN', '10/23/2006', 0, 1), 411)
(('BROOKLYN', '10/24/2005', 0, 1), 13)
(('BROOKLYN', '10/24/2006', 1, 1), 403)
(('BROOKLYN', '10/25/1996', 4, 1), 1)
(('BROOKLYN', '10/25/2003', 5, 1), 1)
(('BROOKLYN', '10/25/2004', 0, 1), 1)
(('BROOKLYN', '10/25/2005', 1, 1), 12)
(('BROOKLYN', '10/25/2006', 2, 1), 470)
(('BROOKLYN', '10/26/1996', 5, 1), 1)
(('BROOKLYN', '10/26/2003', 6, 1), 1)
(('BROOKLYN', '10/26/2005', 2, 1), 8)
(('BROOKLYN', '10/26/2006', 3, 1), 445)
(('BROOKLYN', '10/26/2009', 0, 1), 419)
(('BROOKLYN', '10/26/2015', 0, 1), 356)
(('BROOKLYN', '10/27/2000', 4, 1), 1)
(('BROOKLYN', '10/27/2003', 0, 0), 2)
(('BROOKLYN', '10/27/2004', 2, 1), 1)
(('BROOKLYN', '10/27/2005', 3, 1), 10)
(('BROOKLYN', '10/27/2006', 4, 1), 502)
(('BROOKLYN', '10/27/2008', 0, 1), 428)
(('BROOKLYN', '10/27/2009', 1, 1), 393)
(('BROOKLYN', '10/27/2014', 0, 1), 410)
(('BROOKLYN', '10/27/2015', 1, 1), 346)
(('BROOKLYN', '10/28/1999', 3, 1), 1)
(('BROOKLYN', '10/28/2002', 0, 0), 1)
(('BROOKLYN', '10/28/2003', 1, 0), 2)
(('BROOKLYN', '10/28/2005', 4, 1), 7)
(('BROOKLYN', '10/28/2006', 5, 1), 425)
(('BROOKLYN', '10/28/2008', 1, 1), 364)
(('BROOKLYN', '10/28/2009', 2, 1), 361)
(('BROOKLYN', '10/28/2013', 0, 1), 425)
(('BROOKLYN', '10/28/2014', 1, 1), 446)
(('BROOKLYN', '10/28/2015', 2, 1), 351)
(('BROOKLYN', '10/29/2005', 5, 1), 3)
(('BROOKLYN', '10/29/2006', 6, 1), 399)
(('BROOKLYN', '10/29/2007', 0, 1), 434)
(('BROOKLYN', '10/29/2008', 2, 1), 412)
(('BROOKLYN', '10/29/2009', 3, 1), 404)
(('BROOKLYN', '10/29/2012', 0, 1), 259)
(('BROOKLYN', '10/29/2013', 1, 1), 444)
(('BROOKLYN', '10/29/2014', 2, 1), 426)
(('BROOKLYN', '10/29/2015', 3, 1), 395)
(('BROOKLYN', '10/30/1970', 4, 0), 1)
(('BROOKLYN', '10/30/1999', 5, 1), 1)
(('BROOKLYN', '10/30/2003', 3, 0), 1)
(('BROOKLYN', '10/30/2004', 5, 1), 2)
(('BROOKLYN', '10/30/2005', 6, 1), 6)
(('BROOKLYN', '10/30/2006', 0, 0), 458)
(('BROOKLYN', '10/30/2007', 1, 1), 446)
(('BROOKLYN', '10/30/2008', 3, 1), 392)
(('BROOKLYN', '10/30/2009', 4, 1), 460)
(('BROOKLYN', '10/30/2012', 1, 1), 272)
(('BROOKLYN', '10/30/2013', 2, 1), 433)
(('BROOKLYN', '10/30/2014', 3, 1), 396)
(('BROOKLYN', '10/30/2015', 4, 1), 427)
(('BROOKLYN', '10/31/1981', 5, 0), 1)
(('BROOKLYN', '10/31/2000', 1, 0), 2)
(('BROOKLYN', '10/31/2002', 3, 0), 2)
(('BROOKLYN', '10/31/2003', 4, 0), 2)
(('BROOKLYN', '10/31/2005', 0, 0), 19)
(('BROOKLYN', '10/31/2006', 1, 0), 502)
(('BROOKLYN', '10/31/2007', 2, 1), 484)
(('BROOKLYN', '10/31/2008', 4, 1), 464)
(('BROOKLYN', '10/31/2009', 5, 1), 465)
(('BROOKLYN', '10/31/2011', 0, 1), 418)
(('BROOKLYN', '10/31/2012', 2, 1), 355)
(('BROOKLYN', '10/31/2013', 3, 1), 494)
(('BROOKLYN', '10/31/2014', 4, 1), 424)
(('BROOKLYN', '10/31/2015', 5, 1), 403)
(('BROOKLYN', '11/01/1993', 0, 0), 1)
(('BROOKLYN', '11/01/1994', 1, 0), 1)
(('BROOKLYN', '11/01/1997', 5, 0), 2)
(('BROOKLYN', '11/01/1999', 0, 0), 5)
(('BROOKLYN', '11/01/2000', 2, 0), 5)
(('BROOKLYN', '11/01/2001', 3, 0), 10)
(('BROOKLYN', '11/01/2002', 4, 0), 10)
(('BROOKLYN', '11/01/2003', 5, 0), 14)
(('BROOKLYN', '11/01/2004', 0, 0), 24)
(('BROOKLYN', '11/01/2005', 1, 0), 77)
(('BROOKLYN', '11/01/2006', 2, 0), 579)
(('BROOKLYN', '11/01/2007', 3, 1), 542)
(('BROOKLYN', '11/01/2008', 5, 1), 543)
(('BROOKLYN', '11/01/2009', 6, 1), 444)
(('BROOKLYN', '11/01/2010', 0, 1), 441)
(('BROOKLYN', '11/01/2011', 1, 1), 489)
(('BROOKLYN', '11/01/2012', 3, 1), 380)
(('BROOKLYN', '11/01/2013', 4, 1), 539)
(('BROOKLYN', '11/01/2014', 5, 1), 406)
(('BROOKLYN', '11/01/2015', 6, 1), 424)
(('BROOKLYN', '11/02/2002', 5, 0), 2)
(('BROOKLYN', '11/02/2003', 6, 0), 1)
(('BROOKLYN', '11/02/2004', 1, 0), 2)
(('BROOKLYN', '11/02/2005', 2, 0), 10)
(('BROOKLYN', '11/02/2006', 3, 0), 432)
(('BROOKLYN', '11/02/2007', 4, 1), 529)
(('BROOKLYN', '11/02/2008', 6, 1), 368)
(('BROOKLYN', '11/02/2009', 0, 0), 429)
(('BROOKLYN', '11/02/2010', 1, 1), 384)
(('BROOKLYN', '11/02/2011', 2, 1), 395)
(('BROOKLYN', '11/02/2012', 4, 1), 353)
(('BROOKLYN', '11/02/2013', 5, 1), 444)
(('BROOKLYN', '11/02/2014', 6, 1), 347)
(('BROOKLYN', '11/02/2015', 0, 0), 362)
(('BROOKLYN', '11/03/1960', 3, 0), 1)
(('BROOKLYN', '11/03/1985', 6, 0), 1)
(('BROOKLYN', '11/03/2001', 5, 0), 1)
(('BROOKLYN', '11/03/2002', 6, 0), 1)
(('BROOKLYN', '11/03/2004', 2, 0), 1)
(('BROOKLYN', '11/03/2005', 3, 0), 13)
(('BROOKLYN', '11/03/2006', 4, 0), 440)
(('BROOKLYN', '11/03/2007', 5, 1), 427)
(('BROOKLYN', '11/03/2008', 0, 0), 394)
(('BROOKLYN', '11/03/2009', 1, 0), 354)
(('BROOKLYN', '11/03/2010', 2, 1), 457)
(('BROOKLYN', '11/03/2011', 3, 1), 438)
(('BROOKLYN', '11/03/2012', 5, 1), 325)
(('BROOKLYN', '11/03/2013', 6, 1), 379)
(('BROOKLYN', '11/03/2014', 0, 0), 370)
(('BROOKLYN', '11/03/2015', 1, 0), 353)
(('BROOKLYN', '11/04/1999', 3, 0), 1)
(('BROOKLYN', '11/04/2004', 3, 0), 2)
(('BROOKLYN', '11/04/2005', 4, 0), 8)
(('BROOKLYN', '11/04/2006', 5, 0), 386)
(('BROOKLYN', '11/04/2007', 6, 1), 409)
(('BROOKLYN', '11/04/2008', 1, 0), 337)
(('BROOKLYN', '11/04/2009', 2, 0), 429)
(('BROOKLYN', '11/04/2010', 3, 1), 374)
(('BROOKLYN', '11/04/2011', 4, 1), 459)
(('BROOKLYN', '11/04/2012', 6, 1), 330)
(('BROOKLYN', '11/04/2013', 0, 0), 373)
(('BROOKLYN', '11/04/2014', 1, 0), 406)
(('BROOKLYN', '11/04/2015', 2, 0), 462)
(('BROOKLYN', '11/05/2005', 5, 0), 13)
(('BROOKLYN', '11/05/2006', 6, 0), 371)
(('BROOKLYN', '11/05/2007', 0, 0), 391)
(('BROOKLYN', '11/05/2008', 2, 0), 461)
(('BROOKLYN', '11/05/2009', 3, 0), 423)
(('BROOKLYN', '11/05/2010', 4, 1), 463)
(('BROOKLYN', '11/05/2011', 5, 1), 419)
(('BROOKLYN', '11/05/2012', 0, 0), 320)
(('BROOKLYN', '11/05/2013', 1, 0), 394)
(('BROOKLYN', '11/05/2014', 2, 0), 413)
(('BROOKLYN', '11/05/2015', 3, 0), 401)
(('BROOKLYN', '11/06/2004', 5, 0), 1)
(('BROOKLYN', '11/06/2005', 6, 0), 5)
(('BROOKLYN', '11/06/2007', 1, 0), 380)
(('BROOKLYN', '11/06/2008', 3, 0), 441)
(('BROOKLYN', '11/06/2009', 4, 0), 445)
(('BROOKLYN', '11/06/2010', 5, 1), 433)
(('BROOKLYN', '11/06/2011', 6, 1), 338)
(('BROOKLYN', '11/06/2012', 1, 0), 309)
(('BROOKLYN', '11/06/2013', 2, 0), 405)
(('BROOKLYN', '11/06/2014', 3, 0), 367)
(('BROOKLYN', '11/06/2015', 4, 0), 444)
(('BROOKLYN', '11/07/2004', 6, 0), 2)
(('BROOKLYN', '11/07/2007', 2, 0), 399)
(('BROOKLYN', '11/07/2008', 4, 0), 467)
(('BROOKLYN', '11/07/2009', 5, 0), 374)
(('BROOKLYN', '11/07/2010', 6, 1), 371)
(('BROOKLYN', '11/07/2011', 0, 0), 456)
(('BROOKLYN', '11/07/2012', 2, 0), 250)
(('BROOKLYN', '11/07/2013', 3, 0), 380)
(('BROOKLYN', '11/07/2014', 4, 0), 413)
(('BROOKLYN', '11/07/2015', 5, 0), 379)
(('BROOKLYN', '11/08/2007', 3, 0), 429)
(('BROOKLYN', '11/08/2008', 5, 0), 419)
(('BROOKLYN', '11/08/2009', 6, 0), 370)
(('BROOKLYN', '11/08/2010', 0, 0), 340)
(('BROOKLYN', '11/08/2011', 1, 0), 400)
(('BROOKLYN', '11/08/2012', 3, 0), 314)
(('BROOKLYN', '11/08/2013', 4, 0), 487)
(('BROOKLYN', '11/08/2014', 5, 0), 364)
(('BROOKLYN', '11/08/2015', 6, 0), 352)
(('BROOKLYN', '11/09/2007', 4, 0), 439)
(('BROOKLYN', '11/09/2008', 6, 0), 373)
(('BROOKLYN', '11/09/2010', 1, 0), 429)
(('BROOKLYN', '11/09/2011', 2, 0), 444)
(('BROOKLYN', '11/09/2012', 4, 0), 401)
(('BROOKLYN', '11/09/2013', 5, 0), 386)
(('BROOKLYN', '11/09/2014', 6, 0), 354)
(('BROOKLYN', '11/10/2007', 5, 0), 371)
(('BROOKLYN', '11/10/2010', 2, 0), 464)
(('BROOKLYN', '11/10/2011', 3, 0), 456)
(('BROOKLYN', '11/10/2012', 5, 0), 386)
(('BROOKLYN', '11/10/2013', 6, 0), 412)
(('BROOKLYN', '11/11/2007', 6, 0), 363)
(('BROOKLYN', '11/11/2010', 3, 0), 386)
(('BROOKLYN', '11/11/2011', 4, 0), 417)
(('BROOKLYN', '11/11/2012', 6, 0), 351)
(('BROOKLYN', '11/12/2010', 4, 0), 484)
(('BROOKLYN', '11/12/2011', 5, 0), 405)
(('BROOKLYN', '11/13/2010', 5, 0), 401)
(('BROOKLYN', '11/13/2011', 6, 0), 335)
(('BROOKLYN', '11/14/2010', 6, 0), 358)
(('MANHATTAN', '01/01/1900', -99, -9), 142)
(('MANHATTAN', '01/01/1900', 0, -1), 144431)
(('MANHATTAN', '01/01/1900', 1, -1), 159553)
(('MANHATTAN', '01/01/1900', 2, -1), 164870)
(('MANHATTAN', '01/01/1900', 3, -1), 166579)
(('MANHATTAN', '01/01/1900', 4, -1), 181729)
(('MANHATTAN', '01/01/1900', 5, -1), 166943)
(('MANHATTAN', '01/01/1900', 6, -1), 140065)
(('MANHATTAN', '01/01/1974', 1, 0), 2)
(('MANHATTAN', '03/02/2009', 0, 0), 221)
(('MANHATTAN', '03/02/2015', 0, 0), 267)
(('MANHATTAN', '03/03/2008', 0, 0), 318)
(('MANHATTAN', '03/03/2009', 1, 0), 301)
(('MANHATTAN', '03/03/2014', 0, 0), 216)
(('MANHATTAN', '03/03/2015', 1, 0), 292)
(('MANHATTAN', '03/04/2008', 1, 0), 344)
(('MANHATTAN', '03/04/2009', 2, 0), 339)
(('MANHATTAN', '03/04/2013', 0, 0), 253)
(('MANHATTAN', '03/04/2014', 1, 0), 278)
(('MANHATTAN', '03/04/2015', 2, 0), 261)
(('MANHATTAN', '03/05/2007', 0, 0), 292)
(('MANHATTAN', '03/05/2008', 2, 0), 329)
(('MANHATTAN', '03/05/2009', 3, 0), 391)
(('MANHATTAN', '03/05/2012', 0, 0), 306)
(('MANHATTAN', '03/05/2013', 1, 0), 330)
(('MANHATTAN', '03/05/2014', 2, 0), 310)
(('MANHATTAN', '03/05/2015', 3, 0), 236)
(('MANHATTAN', '03/06/2007', 1, 0), 261)
(('MANHATTAN', '03/06/2008', 3, 0), 375)
(('MANHATTAN', '03/06/2009', 4, 0), 385)
(('MANHATTAN', '03/06/2012', 1, 0), 315)
(('MANHATTAN', '03/06/2013', 2, 0), 309)
(('MANHATTAN', '03/06/2014', 3, 0), 335)
(('MANHATTAN', '03/06/2015', 4, 0), 303)
(('MANHATTAN', '03/07/2007', 2, 0), 336)
(('MANHATTAN', '03/07/2008', 4, 0), 413)
(('MANHATTAN', '03/07/2009', 5, 0), 384)
(('MANHATTAN', '03/07/2011', 0, 0), 274)
(('MANHATTAN', '03/07/2012', 2, 0), 315)
(('MANHATTAN', '03/07/2013', 3, 0), 320)
(('MANHATTAN', '03/07/2014', 4, 0), 374)
(('MANHATTAN', '03/07/2015', 5, 0), 278)
(('MANHATTAN', '03/08/2007', 3, 0), 346)
(('MANHATTAN', '03/08/2008', 5, 0), 324)
(('MANHATTAN', '03/08/2009', 6, 0), 289)
(('MANHATTAN', '03/08/2010', 0, 0), 308)
(('MANHATTAN', '03/08/2011', 1, 0), 309)
(('MANHATTAN', '03/08/2012', 3, 0), 348)
(('MANHATTAN', '03/08/2013', 4, 0), 314)
(('MANHATTAN', '03/08/2014', 5, 0), 365)
(('MANHATTAN', '03/08/2015', 6, 0), 241)
(('MANHATTAN', '03/09/2007', 4, 0), 371)
(('MANHATTAN', '03/09/2008', 6, 0), 268)
(('MANHATTAN', '03/09/2009', 0, 1), 296)
(('MANHATTAN', '03/09/2010', 1, 0), 328)
(('MANHATTAN', '03/09/2011', 2, 0), 303)
(('MANHATTAN', '03/09/2012', 4, 0), 352)
(('MANHATTAN', '03/09/2013', 5, 0), 329)
(('MANHATTAN', '03/09/2014', 6, 0), 256)
(('MANHATTAN', '03/09/2015', 0, 1), 288)
(('MANHATTAN', '03/10/2007', 5, 0), 404)
(('MANHATTAN', '03/10/2008', 0, 1), 348)
(('MANHATTAN', '03/10/2009', 1, 1), 353)
(('MANHATTAN', '03/10/2010', 2, 0), 363)
(('MANHATTAN', '03/10/2011', 3, 0), 281)
(('MANHATTAN', '03/10/2012', 5, 0), 322)
(('MANHATTAN', '03/10/2013', 6, 0), 283)
(('MANHATTAN', '03/10/2014', 0, 1), 272)
(('MANHATTAN', '03/10/2015', 1, 1), 278)
(('MANHATTAN', '03/11/2007', 6, 0), 313)
(('MANHATTAN', '03/11/2008', 1, 1), 332)
(('MANHATTAN', '03/11/2009', 2, 1), 362)
(('MANHATTAN', '03/11/2010', 3, 0), 309)
(('MANHATTAN', '03/11/2011', 4, 0), 382)
(('MANHATTAN', '03/11/2012', 6, 0), 292)
(('MANHATTAN', '03/11/2013', 0, 1), 304)
(('MANHATTAN', '03/11/2014', 1, 1), 270)
(('MANHATTAN', '03/11/2015', 2, 1), 310)
(('MANHATTAN', '03/12/2007', 0, 1), 370)
(('MANHATTAN', '03/12/2008', 2, 1), 355)
(('MANHATTAN', '03/12/2009', 3, 1), 335)
(('MANHATTAN', '03/12/2010', 4, 0), 376)
(('MANHATTAN', '03/12/2011', 5, 0), 356)
(('MANHATTAN', '03/12/2012', 0, 1), 325)
(('MANHATTAN', '03/12/2013', 1, 1), 282)
(('MANHATTAN', '03/12/2014', 2, 1), 288)
(('MANHATTAN', '03/12/2015', 3, 1), 303)
(('MANHATTAN', '03/13/2007', 1, 1), 373)
(('MANHATTAN', '03/13/2008', 3, 1), 352)
(('MANHATTAN', '03/13/2009', 4, 1), 413)
(('MANHATTAN', '03/13/2010', 5, 0), 230)
(('MANHATTAN', '03/13/2011', 6, 0), 280)
(('MANHATTAN', '03/13/2012', 1, 1), 336)
(('MANHATTAN', '03/13/2013', 2, 1), 361)
(('MANHATTAN', '03/13/2014', 3, 1), 263)
(('MANHATTAN', '03/13/2015', 4, 1), 321)
(('MANHATTAN', '03/14/2007', 2, 1), 389)
(('MANHATTAN', '03/14/2008', 4, 1), 428)
(('MANHATTAN', '03/14/2009', 5, 1), 345)
(('MANHATTAN', '03/14/2010', 6, 0), 247)
(('MANHATTAN', '03/14/2011', 0, 1), 271)
(('MANHATTAN', '03/14/2012', 2, 1), 354)
(('MANHATTAN', '03/14/2013', 3, 1), 330)
(('MANHATTAN', '03/14/2014', 4, 1), 319)
(('MANHATTAN', '03/14/2015', 5, 1), 296)
(('MANHATTAN', '03/15/2007', 3, 1), 357)
(('MANHATTAN', '03/15/2008', 5, 1), 368)
(('MANHATTAN', '03/15/2009', 6, 1), 296)
(('MANHATTAN', '03/15/2010', 0, 1), 277)
(('MANHATTAN', '03/15/2011', 1, 1), 302)
(('MANHATTAN', '03/15/2012', 3, 1), 333)
(('MANHATTAN', '03/15/2013', 4, 1), 348)
(('MANHATTAN', '03/15/2014', 5, 1), 410)
(('MANHATTAN', '03/15/2015', 6, 1), 258)
(('MANHATTAN', '03/16/2007', 4, 1), 302)
(('MANHATTAN', '03/16/2008', 6, 1), 281)
(('MANHATTAN', '03/16/2010', 1, 1), 341)
(('MANHATTAN', '03/16/2011', 2, 1), 302)
(('MANHATTAN', '03/16/2012', 4, 1), 375)
(('MANHATTAN', '03/16/2013', 5, 1), 325)
(('MANHATTAN', '03/16/2014', 6, 1), 257)
(('MANHATTAN', '03/17/2007', 5, 1), 257)
(('MANHATTAN', '03/17/2010', 2, 1), 398)
(('MANHATTAN', '03/17/2011', 3, 1), 344)
(('MANHATTAN', '03/17/2012', 5, 1), 399)
(('MANHATTAN', '03/17/2013', 6, 1), 276)
(('MANHATTAN', '03/18/2007', 6, 1), 318)
(('MANHATTAN', '03/18/2010', 3, 1), 377)
(('MANHATTAN', '03/18/2011', 4, 1), 396)
(('MANHATTAN', '03/18/2012', 6, 1), 317)
(('MANHATTAN', '03/19/2010', 4, 1), 380)
(('MANHATTAN', '03/19/2011', 5, 1), 330)
(('MANHATTAN', '03/20/2010', 5, 1), 369)
(('MANHATTAN', '03/20/2011', 6, 1), 292)
(('MANHATTAN', '03/21/2010', 6, 1), 350)
(('MANHATTAN', '03/27/2000', 0, 0), 1)
(('MANHATTAN', '03/27/2006', 0, 0), 326)
(('MANHATTAN', '03/28/2005', 0, 0), 2)
(('MANHATTAN', '03/28/2006', 1, 0), 365)
(('MANHATTAN', '03/29/2004', 0, 0), 1)
(('MANHATTAN', '03/29/2005', 1, 0), 3)
(('MANHATTAN', '03/29/2006', 2, 0), 348)
(('MANHATTAN', '03/30/2004', 1, 0), 1)
(('MANHATTAN', '03/30/2005', 2, 0), 1)
(('MANHATTAN', '03/30/2006', 3, 0), 362)
(('MANHATTAN', '03/31/2003', 0, 0), 1)
(('MANHATTAN', '03/31/2004', 2, 0), 2)
(('MANHATTAN', '03/31/2005', 3, 0), 2)
(('MANHATTAN', '03/31/2006', 4, 0), 361)
(('MANHATTAN', '04/01/2000', 5, 0), 3)
(('MANHATTAN', '04/01/2001', 6, 0), 4)
(('MANHATTAN', '04/01/2002', 0, 0), 5)
(('MANHATTAN', '04/01/2003', 1, 0), 5)
(('MANHATTAN', '04/01/2004', 3, 0), 14)
(('MANHATTAN', '04/01/2005', 4, 0), 16)
(('MANHATTAN', '04/01/2006', 5, 0), 412)
(('MANHATTAN', '04/02/2002', 1, 0), 1)
(('MANHATTAN', '04/02/2004', 4, 0), 1)
(('MANHATTAN', '04/02/2006', 6, 0), 289)
(('MANHATTAN', '04/03/2003', 3, 0), 1)
(('MANHATTAN', '04/03/2004', 5, 0), 1)
(('MANHATTAN', '04/03/2005', 6, 0), 3)
(('MANHATTAN', '04/03/2006', 0, 1), 309)
(('MANHATTAN', '04/04/2003', 4, 0), 2)
(('MANHATTAN', '04/04/2004', 6, 0), 1)
(('MANHATTAN', '04/04/2005', 0, 1), 2)
(('MANHATTAN', '04/04/2006', 1, 1), 353)
(('MANHATTAN', '04/05/2002', 4, 0), 1)
(('MANHATTAN', '04/05/2004', 0, 1), 3)
(('MANHATTAN', '04/05/2005', 1, 1), 5)
(('MANHATTAN', '04/05/2006', 2, 1), 355)
(('MANHATTAN', '04/06/2003', 6, 0), 1)
(('MANHATTAN', '04/06/2005', 2, 1), 1)
(('MANHATTAN', '04/06/2006', 3, 1), 375)
(('MANHATTAN', '04/07/2001', 5, 1), 1)
(('MANHATTAN', '04/07/2002', 6, 0), 1)
(('MANHATTAN', '04/07/2004', 2, 1), 1)
(('MANHATTAN', '04/07/2006', 4, 1), 422)
(('MANHATTAN', '04/08/2002', 0, 1), 2)
(('MANHATTAN', '04/08/2004', 3, 1), 2)
(('MANHATTAN', '04/08/2005', 4, 1), 1)
(('MANHATTAN', '04/08/2006', 5, 1), 327)
(('MANHATTAN', '04/09/2002', 1, 1), 1)
(('MANHATTAN', '04/09/2003', 2, 1), 1)
(('MANHATTAN', '04/09/2005', 5, 1), 2)
(('MANHATTAN', '04/09/2006', 6, 1), 301)
(('MANHATTAN', '04/10/2003', 3, 1), 1)
(('MANHATTAN', '04/10/2005', 6, 1), 1)
(('MANHATTAN', '04/11/1997', 4, 1), 1)
(('MANHATTAN', '04/11/2004', 6, 1), 2)
(('MANHATTAN', '04/13/2003', 6, 1), 1)
(('MANHATTAN', '05/01/1938', 6, 1), 1)
(('MANHATTAN', '05/02/1985', 3, 1), 1)
(('MANHATTAN', '10/21/2003', 1, 1), 1)
(('MANHATTAN', '10/22/1981', 3, 1), 1)
(('MANHATTAN', '10/23/2000', 0, 1), 1)
(('MANHATTAN', '10/23/2001', 1, 1), 1)
(('MANHATTAN', '10/23/2003', 3, 1), 2)
(('MANHATTAN', '10/23/2006', 0, 1), 373)
(('MANHATTAN', '10/24/1975', 4, 1), 1)
(('MANHATTAN', '10/24/2000', 1, 1), 1)
(('MANHATTAN', '10/24/2005', 0, 1), 5)
(('MANHATTAN', '10/24/2006', 1, 1), 370)
(('MANHATTAN', '10/25/1977', 1, 1), 1)
(('MANHATTAN', '10/25/2001', 3, 1), 1)
(('MANHATTAN', '10/25/2003', 5, 1), 1)
(('MANHATTAN', '10/25/2005', 1, 1), 7)
(('MANHATTAN', '10/25/2006', 2, 1), 380)
(('MANHATTAN', '10/26/1994', 2, 1), 1)
(('MANHATTAN', '10/26/2001', 4, 1), 1)
(('MANHATTAN', '10/26/2005', 2, 1), 7)
(('MANHATTAN', '10/26/2006', 3, 1), 358)
(('MANHATTAN', '10/26/2009', 0, 1), 332)
(('MANHATTAN', '10/26/2015', 0, 1), 271)
(('MANHATTAN', '10/27/2002', 6, 1), 1)
(('MANHATTAN', '10/27/2003', 0, 0), 2)
(('MANHATTAN', '10/27/2005', 3, 1), 7)
(('MANHATTAN', '10/27/2006', 4, 1), 407)
(('MANHATTAN', '10/27/2008', 0, 1), 306)
(('MANHATTAN', '10/27/2009', 1, 1), 317)
(('MANHATTAN', '10/27/2014', 0, 1), 286)
(('MANHATTAN', '10/27/2015', 1, 1), 291)
(('MANHATTAN', '10/28/1999', 3, 1), 1)
(('MANHATTAN', '10/28/2000', 5, 1), 1)
(('MANHATTAN', '10/28/2002', 0, 0), 1)
(('MANHATTAN', '10/28/2005', 4, 1), 5)
(('MANHATTAN', '10/28/2006', 5, 1), 362)
(('MANHATTAN', '10/28/2008', 1, 1), 285)
(('MANHATTAN', '10/28/2009', 2, 1), 335)
(('MANHATTAN', '10/28/2013', 0, 1), 273)
(('MANHATTAN', '10/28/2014', 1, 1), 317)
(('MANHATTAN', '10/28/2015', 2, 1), 219)
(('MANHATTAN', '10/29/2005', 5, 1), 4)
(('MANHATTAN', '10/29/2006', 6, 1), 343)
(('MANHATTAN', '10/29/2007', 0, 1), 299)
(('MANHATTAN', '10/29/2008', 2, 1), 375)
(('MANHATTAN', '10/29/2009', 3, 1), 378)
(('MANHATTAN', '10/29/2012', 0, 1), 128)
(('MANHATTAN', '10/29/2013', 1, 1), 282)
(('MANHATTAN', '10/29/2014', 2, 1), 288)
(('MANHATTAN', '10/29/2015', 3, 1), 298)
(('MANHATTAN', '10/30/2000', 0, 0), 1)
(('MANHATTAN', '10/30/2003', 3, 0), 1)
(('MANHATTAN', '10/30/2004', 5, 1), 1)
(('MANHATTAN', '10/30/2005', 6, 1), 9)
(('MANHATTAN', '10/30/2006', 0, 0), 327)
(('MANHATTAN', '10/30/2007', 1, 1), 348)
(('MANHATTAN', '10/30/2008', 3, 1), 376)
(('MANHATTAN', '10/30/2009', 4, 1), 459)
(('MANHATTAN', '10/30/2012', 1, 1), 113)
(('MANHATTAN', '10/30/2013', 2, 1), 318)
(('MANHATTAN', '10/30/2014', 3, 1), 328)
(('MANHATTAN', '10/30/2015', 4, 1), 326)
(('MANHATTAN', '10/31/2000', 1, 0), 1)
(('MANHATTAN', '10/31/2001', 2, 0), 1)
(('MANHATTAN', '10/31/2005', 0, 0), 8)
(('MANHATTAN', '10/31/2006', 1, 0), 374)
(('MANHATTAN', '10/31/2007', 2, 1), 410)
(('MANHATTAN', '10/31/2008', 4, 1), 420)
(('MANHATTAN', '10/31/2009', 5, 1), 382)
(('MANHATTAN', '10/31/2011', 0, 1), 293)
(('MANHATTAN', '10/31/2012', 2, 1), 188)
(('MANHATTAN', '10/31/2013', 3, 1), 350)
(('MANHATTAN', '10/31/2014', 4, 1), 339)
(('MANHATTAN', '10/31/2015', 5, 1), 357)
(('MANHATTAN', '11/01/1992', 6, 0), 1)
(('MANHATTAN', '11/01/1999', 0, 0), 2)
(('MANHATTAN', '11/01/2000', 2, 0), 3)
(('MANHATTAN', '11/01/2001', 3, 0), 4)
(('MANHATTAN', '11/01/2002', 4, 0), 6)
(('MANHATTAN', '11/01/2003', 5, 0), 6)
(('MANHATTAN', '11/01/2004', 0, 0), 7)
(('MANHATTAN', '11/01/2005', 1, 0), 62)
(('MANHATTAN', '11/01/2006', 2, 0), 489)
(('MANHATTAN', '11/01/2007', 3, 1), 471)
(('MANHATTAN', '11/01/2008', 5, 1), 503)
(('MANHATTAN', '11/01/2009', 6, 1), 422)
(('MANHATTAN', '11/01/2010', 0, 1), 335)
(('MANHATTAN', '11/01/2011', 1, 1), 452)
(('MANHATTAN', '11/01/2012', 3, 1), 239)
(('MANHATTAN', '11/01/2013', 4, 1), 461)
(('MANHATTAN', '11/01/2014', 5, 1), 365)
(('MANHATTAN', '11/01/2015', 6, 1), 388)
(('MANHATTAN', '11/02/2005', 2, 0), 7)
(('MANHATTAN', '11/02/2006', 3, 0), 369)
(('MANHATTAN', '11/02/2007', 4, 1), 395)
(('MANHATTAN', '11/02/2008', 6, 1), 297)
(('MANHATTAN', '11/02/2009', 0, 0), 327)
(('MANHATTAN', '11/02/2010', 1, 1), 310)
(('MANHATTAN', '11/02/2011', 2, 1), 324)
(('MANHATTAN', '11/02/2012', 4, 1), 214)
(('MANHATTAN', '11/02/2013', 5, 1), 336)
(('MANHATTAN', '11/02/2014', 6, 1), 250)
(('MANHATTAN', '11/02/2015', 0, 0), 251)
(('MANHATTAN', '11/03/1996', 6, 0), 1)
(('MANHATTAN', '11/03/2004', 2, 0), 1)
(('MANHATTAN', '11/03/2005', 3, 0), 4)
(('MANHATTAN', '11/03/2006', 4, 0), 398)
(('MANHATTAN', '11/03/2007', 5, 1), 370)
(('MANHATTAN', '11/03/2008', 0, 0), 305)
(('MANHATTAN', '11/03/2009', 1, 0), 315)
(('MANHATTAN', '11/03/2010', 2, 1), 321)
(('MANHATTAN', '11/03/2011', 3, 1), 356)
(('MANHATTAN', '11/03/2012', 5, 1), 244)
(('MANHATTAN', '11/03/2013', 6, 1), 262)
(('MANHATTAN', '11/03/2014', 0, 0), 302)
(('MANHATTAN', '11/03/2015', 1, 0), 331)
(('MANHATTAN', '11/04/2001', 6, 0), 1)
(('MANHATTAN', '11/04/2004', 3, 0), 4)
(('MANHATTAN', '11/04/2005', 4, 0), 4)
(('MANHATTAN', '11/04/2006', 5, 0), 347)
(('MANHATTAN', '11/04/2007', 6, 1), 293)
(('MANHATTAN', '11/04/2008', 1, 0), 302)
(('MANHATTAN', '11/04/2009', 2, 0), 325)
(('MANHATTAN', '11/04/2010', 3, 1), 325)
(('MANHATTAN', '11/04/2011', 4, 1), 348)
(('MANHATTAN', '11/04/2012', 6, 1), 240)
(('MANHATTAN', '11/04/2013', 0, 0), 235)
(('MANHATTAN', '11/04/2014', 1, 0), 338)
(('MANHATTAN', '11/04/2015', 2, 0), 339)
(('MANHATTAN', '11/05/2005', 5, 0), 16)
(('MANHATTAN', '11/05/2006', 6, 0), 294)
(('MANHATTAN', '11/05/2007', 0, 0), 339)
(('MANHATTAN', '11/05/2008', 2, 0), 349)
(('MANHATTAN', '11/05/2009', 3, 0), 335)
(('MANHATTAN', '11/05/2010', 4, 1), 384)
(('MANHATTAN', '11/05/2011', 5, 1), 332)
(('MANHATTAN', '11/05/2012', 0, 0), 240)
(('MANHATTAN', '11/05/2013', 1, 0), 260)
(('MANHATTAN', '11/05/2014', 2, 0), 309)
(('MANHATTAN', '11/05/2015', 3, 0), 333)
(('MANHATTAN', '11/06/2005', 6, 0), 5)
(('MANHATTAN', '11/06/2007', 1, 0), 358)
(('MANHATTAN', '11/06/2008', 3, 0), 371)
(('MANHATTAN', '11/06/2009', 4, 0), 390)
(('MANHATTAN', '11/06/2010', 5, 1), 292)
(('MANHATTAN', '11/06/2011', 6, 1), 287)
(('MANHATTAN', '11/06/2012', 1, 0), 247)
(('MANHATTAN', '11/06/2013', 2, 0), 294)
(('MANHATTAN', '11/06/2014', 3, 0), 292)
(('MANHATTAN', '11/06/2015', 4, 0), 345)
(('MANHATTAN', '11/07/2004', 6, 0), 1)
(('MANHATTAN', '11/07/2007', 2, 0), 366)
(('MANHATTAN', '11/07/2008', 4, 0), 453)
(('MANHATTAN', '11/07/2009', 5, 0), 354)
(('MANHATTAN', '11/07/2010', 6, 1), 298)
(('MANHATTAN', '11/07/2011', 0, 0), 303)
(('MANHATTAN', '11/07/2012', 2, 0), 210)
(('MANHATTAN', '11/07/2013', 3, 0), 299)
(('MANHATTAN', '11/07/2014', 4, 0), 369)
(('MANHATTAN', '11/07/2015', 5, 0), 316)
(('MANHATTAN', '11/08/2007', 3, 0), 374)
(('MANHATTAN', '11/08/2008', 5, 0), 388)
(('MANHATTAN', '11/08/2009', 6, 0), 299)
(('MANHATTAN', '11/08/2010', 0, 0), 242)
(('MANHATTAN', '11/08/2011', 1, 0), 340)
(('MANHATTAN', '11/08/2012', 3, 0), 248)
(('MANHATTAN', '11/08/2013', 4, 0), 401)
(('MANHATTAN', '11/08/2014', 5, 0), 365)
(('MANHATTAN', '11/08/2015', 6, 0), 264)
(('MANHATTAN', '11/09/2007', 4, 0), 416)
(('MANHATTAN', '11/09/2008', 6, 0), 302)
(('MANHATTAN', '11/09/2010', 1, 0), 333)
(('MANHATTAN', '11/09/2011', 2, 0), 376)
(('MANHATTAN', '11/09/2012', 4, 0), 315)
(('MANHATTAN', '11/09/2013', 5, 0), 374)
(('MANHATTAN', '11/09/2014', 6, 0), 276)
(('MANHATTAN', '11/10/2007', 5, 0), 403)
(('MANHATTAN', '11/10/2010', 2, 0), 376)
(('MANHATTAN', '11/10/2011', 3, 0), 356)
(('MANHATTAN', '11/10/2012', 5, 0), 341)
(('MANHATTAN', '11/10/2013', 6, 0), 296)
(('MANHATTAN', '11/11/2007', 6, 0), 325)
(('MANHATTAN', '11/11/2010', 3, 0), 341)
(('MANHATTAN', '11/11/2011', 4, 0), 359)
(('MANHATTAN', '11/11/2012', 6, 0), 277)
(('MANHATTAN', '11/12/2010', 4, 0), 378)
(('MANHATTAN', '11/12/2011', 5, 0), 350)
(('MANHATTAN', '11/13/2010', 5, 0), 415)
(('MANHATTAN', '11/13/2011', 6, 0), 291)
(('MANHATTAN', '11/14/2010', 6, 0), 293)
(('QUEENS', '01/01/1900', -99, -9), 170)
(('QUEENS', '01/01/1900', 0, -1), 129765)
(('QUEENS', '01/01/1900', 1, -1), 132499)
(('QUEENS', '01/01/1900', 2, -1), 135633)
(('QUEENS', '01/01/1900', 3, -1), 133443)
(('QUEENS', '01/01/1900', 4, -1), 142318)
(('QUEENS', '01/01/1900', 5, -1), 134612)
(('QUEENS', '01/01/1900', 6, -1), 126467)
(('QUEENS', '03/02/2009', 0, 0), 195)
(('QUEENS', '03/02/2015', 0, 0), 222)
(('QUEENS', '03/03/2008', 0, 0), 230)
(('QUEENS', '03/03/2009', 1, 0), 201)
(('QUEENS', '03/03/2014', 0, 0), 248)
(('QUEENS', '03/03/2015', 1, 0), 198)
(('QUEENS', '03/04/2008', 1, 0), 276)
(('QUEENS', '03/04/2009', 2, 0), 254)
(('QUEENS', '03/04/2013', 0, 0), 252)
(('QUEENS', '03/04/2014', 1, 0), 245)
(('QUEENS', '03/04/2015', 2, 0), 223)
(('QUEENS', '03/05/2007', 0, 0), 261)
(('QUEENS', '03/05/2008', 2, 0), 288)
(('QUEENS', '03/05/2009', 3, 0), 250)
(('QUEENS', '03/05/2012', 0, 0), 271)
(('QUEENS', '03/05/2013', 1, 0), 252)
(('QUEENS', '03/05/2014', 2, 0), 285)
(('QUEENS', '03/05/2015', 3, 0), 209)
(('QUEENS', '03/06/2007', 1, 0), 245)
(('QUEENS', '03/06/2008', 3, 0), 284)
(('QUEENS', '03/06/2009', 4, 0), 288)
(('QUEENS', '03/06/2012', 1, 0), 237)
(('QUEENS', '03/06/2013', 2, 0), 232)
(('QUEENS', '03/06/2014', 3, 0), 256)
(('QUEENS', '03/06/2015', 4, 0), 212)
(('QUEENS', '03/07/2007', 2, 0), 266)
(('QUEENS', '03/07/2008', 4, 0), 304)
(('QUEENS', '03/07/2009', 5, 0), 299)
(('QUEENS', '03/07/2011', 0, 0), 229)
(('QUEENS', '03/07/2012', 2, 0), 258)
(('QUEENS', '03/07/2013', 3, 0), 228)
(('QUEENS', '03/07/2014', 4, 0), 282)
(('QUEENS', '03/07/2015', 5, 0), 236)
(('QUEENS', '03/08/2007', 3, 0), 278)
(('QUEENS', '03/08/2008', 5, 0), 253)
(('QUEENS', '03/08/2009', 6, 0), 233)
(('QUEENS', '03/08/2010', 0, 0), 256)
(('QUEENS', '03/08/2011', 1, 0), 252)
(('QUEENS', '03/08/2012', 3, 0), 257)
(('QUEENS', '03/08/2013', 4, 0), 255)
(('QUEENS', '03/08/2014', 5, 0), 264)
(('QUEENS', '03/08/2015', 6, 0), 229)
(('QUEENS', '03/09/2007', 4, 0), 318)
(('QUEENS', '03/09/2008', 6, 0), 282)
(('QUEENS', '03/09/2009', 0, 1), 276)
(('QUEENS', '03/09/2010', 1, 0), 289)
(('QUEENS', '03/09/2011', 2, 0), 306)
(('QUEENS', '03/09/2012', 4, 0), 284)
(('QUEENS', '03/09/2013', 5, 0), 252)
(('QUEENS', '03/09/2014', 6, 0), 261)
(('QUEENS', '03/09/2015', 0, 1), 265)
(('QUEENS', '03/10/2007', 5, 0), 287)
(('QUEENS', '03/10/2008', 0, 1), 286)
(('QUEENS', '03/10/2009', 1, 1), 282)
(('QUEENS', '03/10/2010', 2, 0), 286)
(('QUEENS', '03/10/2011', 3, 0), 287)
(('QUEENS', '03/10/2012', 5, 0), 280)
(('QUEENS', '03/10/2013', 6, 0), 267)
(('QUEENS', '03/10/2014', 0, 1), 268)
(('QUEENS', '03/10/2015', 1, 1), 277)
(('QUEENS', '03/11/2007', 6, 0), 238)
(('QUEENS', '03/11/2008', 1, 1), 265)
(('QUEENS', '03/11/2009', 2, 1), 314)
(('QUEENS', '03/11/2010', 3, 0), 270)
(('QUEENS', '03/11/2011', 4, 0), 291)
(('QUEENS', '03/11/2012', 6, 0), 201)
(('QUEENS', '03/11/2013', 0, 1), 262)
(('QUEENS', '03/11/2014', 1, 1), 270)
(('QUEENS', '03/11/2015', 2, 1), 224)
(('QUEENS', '03/12/2007', 0, 1), 263)
(('QUEENS', '03/12/2008', 2, 1), 286)
(('QUEENS', '03/12/2009', 3, 1), 264)
(('QUEENS', '03/12/2010', 4, 0), 284)
(('QUEENS', '03/12/2011', 5, 0), 287)
(('QUEENS', '03/12/2012', 0, 1), 323)
(('QUEENS', '03/12/2013', 1, 1), 227)
(('QUEENS', '03/12/2014', 2, 1), 298)
(('QUEENS', '03/12/2015', 3, 1), 226)
(('QUEENS', '03/13/2007', 1, 1), 298)
(('QUEENS', '03/13/2008', 3, 1), 283)
(('QUEENS', '03/13/2009', 4, 1), 284)
(('QUEENS', '03/13/2010', 5, 0), 219)
(('QUEENS', '03/13/2011', 6, 0), 218)
(('QUEENS', '03/13/2012', 1, 1), 257)
(('QUEENS', '03/13/2013', 2, 1), 308)
(('QUEENS', '03/13/2014', 3, 1), 238)
(('QUEENS', '03/13/2015', 4, 1), 237)
(('QUEENS', '03/14/2007', 2, 1), 279)
(('QUEENS', '03/14/2008', 4, 1), 271)
(('QUEENS', '03/14/2009', 5, 1), 269)
(('QUEENS', '03/14/2010', 6, 0), 210)
(('QUEENS', '03/14/2011', 0, 1), 241)
(('QUEENS', '03/14/2012', 2, 1), 260)
(('QUEENS', '03/14/2013', 3, 1), 257)
(('QUEENS', '03/14/2014', 4, 1), 299)
(('QUEENS', '03/14/2015', 5, 1), 259)
(('QUEENS', '03/15/2007', 3, 1), 278)
(('QUEENS', '03/15/2008', 5, 1), 287)
(('QUEENS', '03/15/2009', 6, 1), 288)
(('QUEENS', '03/15/2010', 0, 1), 261)
(('QUEENS', '03/15/2011', 1, 1), 305)
(('QUEENS', '03/15/2012', 3, 1), 272)
(('QUEENS', '03/15/2013', 4, 1), 320)
(('QUEENS', '03/15/2014', 5, 1), 323)
(('QUEENS', '03/15/2015', 6, 1), 334)
(('QUEENS', '03/16/2007', 4, 1), 249)
(('QUEENS', '03/16/2008', 6, 1), 260)
(('QUEENS', '03/16/2010', 1, 1), 253)
(('QUEENS', '03/16/2011', 2, 1), 251)
(('QUEENS', '03/16/2012', 4, 1), 269)
(('QUEENS', '03/16/2013', 5, 1), 277)
(('QUEENS', '03/16/2014', 6, 1), 251)
(('QUEENS', '03/17/2007', 5, 1), 216)
(('QUEENS', '03/17/2010', 2, 1), 273)
(('QUEENS', '03/17/2011', 3, 1), 256)
(('QUEENS', '03/17/2012', 5, 1), 270)
(('QUEENS', '03/17/2013', 6, 1), 233)
(('QUEENS', '03/18/2007', 6, 1), 244)
(('QUEENS', '03/18/2010', 3, 1), 280)
(('QUEENS', '03/18/2011', 4, 1), 256)
(('QUEENS', '03/18/2012', 6, 1), 267)
(('QUEENS', '03/19/2010', 4, 1), 318)
(('QUEENS', '03/19/2011', 5, 1), 259)
(('QUEENS', '03/20/2010', 5, 1), 287)
(('QUEENS', '03/20/2011', 6, 1), 244)
(('QUEENS', '03/21/2010', 6, 1), 266)
(('QUEENS', '03/27/2001', 1, 0), 1)
(('QUEENS', '03/27/2006', 0, 0), 298)
(('QUEENS', '03/28/2005', 0, 0), 1)
(('QUEENS', '03/28/2006', 1, 0), 293)
(('QUEENS', '03/29/2005', 1, 0), 2)
(('QUEENS', '03/29/2006', 2, 0), 299)
(('QUEENS', '03/30/2000', 3, 0), 1)
(('QUEENS', '03/30/2006', 3, 0), 296)
(('QUEENS', '03/31/2000', 4, 0), 1)
(('QUEENS', '03/31/2003', 0, 0), 2)
(('QUEENS', '03/31/2006', 4, 0), 286)
(('QUEENS', '04/01/1994', 4, 0), 1)
(('QUEENS', '04/01/1996', 0, 0), 2)
(('QUEENS', '04/01/1997', 1, 0), 1)
(('QUEENS', '04/01/1999', 3, 0), 1)
(('QUEENS', '04/01/2000', 5, 0), 4)
(('QUEENS', '04/01/2001', 6, 0), 4)
(('QUEENS', '04/01/2002', 0, 0), 5)
(('QUEENS', '04/01/2003', 1, 0), 5)
(('QUEENS', '04/01/2004', 3, 0), 8)
(('QUEENS', '04/01/2005', 4, 0), 25)
(('QUEENS', '04/01/2006', 5, 0), 381)
(('QUEENS', '04/02/1990', 0, 1), 1)
(('QUEENS', '04/02/1993', 4, 0), 1)
(('QUEENS', '04/02/2003', 2, 0), 2)
(('QUEENS', '04/02/2004', 4, 0), 1)
(('QUEENS', '04/02/2005', 5, 0), 2)
(('QUEENS', '04/02/2006', 6, 0), 267)
(('QUEENS', '04/03/2003', 3, 0), 1)
(('QUEENS', '04/03/2005', 6, 0), 4)
(('QUEENS', '04/03/2006', 0, 1), 291)
(('QUEENS', '04/04/2001', 2, 1), 1)
(('QUEENS', '04/04/2002', 3, 0), 1)
(('QUEENS', '04/04/2003', 4, 0), 2)
(('QUEENS', '04/04/2004', 6, 0), 1)
(('QUEENS', '04/04/2005', 0, 1), 4)
(('QUEENS', '04/04/2006', 1, 1), 283)
(('QUEENS', '04/05/2000', 2, 1), 1)
(('QUEENS', '04/05/2001', 3, 1), 1)
(('QUEENS', '04/05/2004', 0, 1), 3)
(('QUEENS', '04/05/2005', 1, 1), 4)
(('QUEENS', '04/05/2006', 2, 1), 304)
(('QUEENS', '04/06/1999', 1, 1), 1)
(('QUEENS', '04/06/2000', 3, 1), 1)
(('QUEENS', '04/06/2005', 2, 1), 1)
(('QUEENS', '04/06/2006', 3, 1), 327)
(('QUEENS', '04/07/2000', 4, 1), 1)
(('QUEENS', '04/07/2005', 3, 1), 2)
(('QUEENS', '04/07/2006', 4, 1), 327)
(('QUEENS', '04/08/2004', 3, 1), 1)
(('QUEENS', '04/08/2005', 4, 1), 1)
(('QUEENS', '04/08/2006', 5, 1), 268)
(('QUEENS', '04/09/2000', 6, 1), 1)
(('QUEENS', '04/09/2003', 2, 1), 1)
(('QUEENS', '04/09/2006', 6, 1), 230)
(('QUEENS', '04/10/2003', 3, 1), 1)
(('QUEENS', '04/11/2004', 6, 1), 1)
(('QUEENS', '04/13/2003', 6, 1), 1)
(('QUEENS', '10/21/2002', 0, 1), 1)
(('QUEENS', '10/22/2003', 2, 1), 2)
(('QUEENS', '10/23/2001', 1, 1), 1)
(('QUEENS', '10/23/2003', 3, 1), 1)
(('QUEENS', '10/23/2006', 0, 1), 287)
(('QUEENS', '10/24/2002', 3, 1), 2)
(('QUEENS', '10/24/2005', 0, 1), 4)
(('QUEENS', '10/24/2006', 1, 1), 259)
(('QUEENS', '10/25/2002', 4, 1), 1)
(('QUEENS', '10/25/2005', 1, 1), 7)
(('QUEENS', '10/25/2006', 2, 1), 291)
(('QUEENS', '10/26/2005', 2, 1), 2)
(('QUEENS', '10/26/2006', 3, 1), 286)
(('QUEENS', '10/26/2009', 0, 1), 255)
(('QUEENS', '10/26/2015', 0, 1), 230)
(('QUEENS', '10/27/2004', 2, 1), 1)
(('QUEENS', '10/27/2005', 3, 1), 1)
(('QUEENS', '10/27/2006', 4, 1), 303)
(('QUEENS', '10/27/2008', 0, 1), 266)
(('QUEENS', '10/27/2009', 1, 1), 298)
(('QUEENS', '10/27/2014', 0, 1), 275)
(('QUEENS', '10/27/2015', 1, 1), 218)
(('QUEENS', '10/28/2000', 5, 1), 1)
(('QUEENS', '10/28/2001', 6, 1), 1)
(('QUEENS', '10/28/2002', 0, 0), 2)
(('QUEENS', '10/28/2003', 1, 0), 1)
(('QUEENS', '10/28/2004', 3, 1), 1)
(('QUEENS', '10/28/2005', 4, 1), 7)
(('QUEENS', '10/28/2006', 5, 1), 281)
(('QUEENS', '10/28/2008', 1, 1), 226)
(('QUEENS', '10/28/2009', 2, 1), 252)
(('QUEENS', '10/28/2013', 0, 1), 282)
(('QUEENS', '10/28/2014', 1, 1), 273)
(('QUEENS', '10/28/2015', 2, 1), 224)
(('QUEENS', '10/29/2001', 0, 0), 1)
(('QUEENS', '10/29/2004', 4, 1), 1)
(('QUEENS', '10/29/2005', 5, 1), 8)
(('QUEENS', '10/29/2006', 6, 1), 234)
(('QUEENS', '10/29/2007', 0, 1), 248)
(('QUEENS', '10/29/2008', 2, 1), 248)
(('QUEENS', '10/29/2009', 3, 1), 259)
(('QUEENS', '10/29/2012', 0, 1), 168)
(('QUEENS', '10/29/2013', 1, 1), 287)
(('QUEENS', '10/29/2014', 2, 1), 286)
(('QUEENS', '10/29/2015', 3, 1), 257)
(('QUEENS', '10/30/2002', 2, 0), 1)
(('QUEENS', '10/30/2005', 6, 1), 1)
(('QUEENS', '10/30/2006', 0, 0), 284)
(('QUEENS', '10/30/2007', 1, 1), 274)
(('QUEENS', '10/30/2008', 3, 1), 316)
(('QUEENS', '10/30/2009', 4, 1), 286)
(('QUEENS', '10/30/2012', 1, 1), 196)
(('QUEENS', '10/30/2013', 2, 1), 326)
(('QUEENS', '10/30/2014', 3, 1), 263)
(('QUEENS', '10/30/2015', 4, 1), 256)
(('QUEENS', '10/31/2000', 1, 0), 1)
(('QUEENS', '10/31/2003', 4, 0), 1)
(('QUEENS', '10/31/2005', 0, 0), 8)
(('QUEENS', '10/31/2006', 1, 0), 366)
(('QUEENS', '10/31/2007', 2, 1), 338)
(('QUEENS', '10/31/2008', 4, 1), 329)
(('QUEENS', '10/31/2009', 5, 1), 308)
(('QUEENS', '10/31/2011', 0, 1), 346)
(('QUEENS', '10/31/2012', 2, 1), 235)
(('QUEENS', '10/31/2013', 3, 1), 337)
(('QUEENS', '10/31/2014', 4, 1), 330)
(('QUEENS', '10/31/2015', 5, 1), 322)
(('QUEENS', '11/01/1983', 1, 0), 1)
(('QUEENS', '11/01/1992', 6, 0), 1)
(('QUEENS', '11/01/1994', 1, 0), 1)
(('QUEENS', '11/01/1997', 5, 0), 1)
(('QUEENS', '11/01/1998', 6, 0), 1)
(('QUEENS', '11/01/2000', 2, 0), 2)
(('QUEENS', '11/01/2001', 3, 0), 6)
(('QUEENS', '11/01/2002', 4, 0), 2)
(('QUEENS', '11/01/2003', 5, 0), 11)
(('QUEENS', '11/01/2004', 0, 0), 11)
(('QUEENS', '11/01/2005', 1, 0), 47)
(('QUEENS', '11/01/2006', 2, 0), 390)
(('QUEENS', '11/01/2007', 3, 1), 396)
(('QUEENS', '11/01/2008', 5, 1), 367)
(('QUEENS', '11/01/2009', 6, 1), 372)
(('QUEENS', '11/01/2010', 0, 1), 312)
(('QUEENS', '11/01/2011', 1, 1), 321)
(('QUEENS', '11/01/2012', 3, 1), 266)
(('QUEENS', '11/01/2013', 4, 1), 396)
(('QUEENS', '11/01/2014', 5, 1), 309)
(('QUEENS', '11/01/2015', 6, 1), 326)
(('QUEENS', '11/02/1999', 1, 0), 1)
(('QUEENS', '11/02/2003', 6, 0), 2)
(('QUEENS', '11/02/2004', 1, 0), 1)
(('QUEENS', '11/02/2005', 2, 0), 6)
(('QUEENS', '11/02/2006', 3, 0), 277)
(('QUEENS', '11/02/2007', 4, 1), 294)
(('QUEENS', '11/02/2008', 6, 1), 278)
(('QUEENS', '11/02/2009', 0, 0), 299)
(('QUEENS', '11/02/2010', 1, 1), 239)
(('QUEENS', '11/02/2011', 2, 1), 265)
(('QUEENS', '11/02/2012', 4, 1), 187)
(('QUEENS', '11/02/2013', 5, 1), 322)
(('QUEENS', '11/02/2014', 6, 1), 241)
(('QUEENS', '11/02/2015', 0, 0), 225)
(('QUEENS', '11/03/2005', 3, 0), 4)
(('QUEENS', '11/03/2006', 4, 0), 340)
(('QUEENS', '11/03/2007', 5, 1), 278)
(('QUEENS', '11/03/2008', 0, 0), 271)
(('QUEENS', '11/03/2009', 1, 0), 275)
(('QUEENS', '11/03/2010', 2, 1), 259)
(('QUEENS', '11/03/2011', 3, 1), 242)
(('QUEENS', '11/03/2012', 5, 1), 206)
(('QUEENS', '11/03/2013', 6, 1), 267)
(('QUEENS', '11/03/2014', 0, 0), 283)
(('QUEENS', '11/03/2015', 1, 0), 232)
(('QUEENS', '11/04/2005', 4, 0), 6)
(('QUEENS', '11/04/2006', 5, 0), 303)
(('QUEENS', '11/04/2007', 6, 1), 278)
(('QUEENS', '11/04/2008', 1, 0), 264)
(('QUEENS', '11/04/2009', 2, 0), 268)
(('QUEENS', '11/04/2010', 3, 1), 247)
(('QUEENS', '11/04/2011', 4, 1), 286)
(('QUEENS', '11/04/2012', 6, 1), 194)
(('QUEENS', '11/04/2013', 0, 0), 274)
(('QUEENS', '11/04/2014', 1, 0), 231)
(('QUEENS', '11/04/2015', 2, 0), 239)
(('QUEENS', '11/05/2004', 4, 0), 1)
(('QUEENS', '11/05/2005', 5, 0), 15)
(('QUEENS', '11/05/2006', 6, 0), 281)
(('QUEENS', '11/05/2007', 0, 0), 301)
(('QUEENS', '11/05/2008', 2, 0), 270)
(('QUEENS', '11/05/2009', 3, 0), 287)
(('QUEENS', '11/05/2010', 4, 1), 310)
(('QUEENS', '11/05/2011', 5, 1), 276)
(('QUEENS', '11/05/2012', 0, 0), 197)
(('QUEENS', '11/05/2013', 1, 0), 265)
(('QUEENS', '11/05/2014', 2, 0), 304)
(('QUEENS', '11/05/2015', 3, 0), 270)
(('QUEENS', '11/06/2005', 6, 0), 4)
(('QUEENS', '11/06/2007', 1, 0), 248)
(('QUEENS', '11/06/2008', 3, 0), 294)
(('QUEENS', '11/06/2009', 4, 0), 267)
(('QUEENS', '11/06/2010', 5, 1), 314)
(('QUEENS', '11/06/2011', 6, 1), 249)
(('QUEENS', '11/06/2012', 1, 0), 151)
(('QUEENS', '11/06/2013', 2, 0), 292)
(('QUEENS', '11/06/2014', 3, 0), 267)
(('QUEENS', '11/06/2015', 4, 0), 257)
(('QUEENS', '11/07/2007', 2, 0), 271)
(('QUEENS', '11/07/2008', 4, 0), 322)
(('QUEENS', '11/07/2009', 5, 0), 295)
(('QUEENS', '11/07/2010', 6, 1), 249)
(('QUEENS', '11/07/2011', 0, 0), 406)
(('QUEENS', '11/07/2012', 2, 0), 170)
(('QUEENS', '11/07/2013', 3, 0), 318)
(('QUEENS', '11/07/2014', 4, 0), 280)
(('QUEENS', '11/07/2015', 5, 0), 267)
(('QUEENS', '11/08/2007', 3, 0), 267)
(('QUEENS', '11/08/2008', 5, 0), 280)
(('QUEENS', '11/08/2009', 6, 0), 260)
(('QUEENS', '11/08/2010', 0, 0), 273)
(('QUEENS', '11/08/2011', 1, 0), 219)
(('QUEENS', '11/08/2012', 3, 0), 184)
(('QUEENS', '11/08/2013', 4, 0), 266)
(('QUEENS', '11/08/2014', 5, 0), 269)
(('QUEENS', '11/08/2015', 6, 0), 236)
(('QUEENS', '11/09/2007', 4, 0), 284)
(('QUEENS', '11/09/2008', 6, 0), 284)
(('QUEENS', '11/09/2010', 1, 0), 278)
(('QUEENS', '11/09/2011', 2, 0), 258)
(('QUEENS', '11/09/2012', 4, 0), 252)
(('QUEENS', '11/09/2013', 5, 0), 304)
(('QUEENS', '11/09/2014', 6, 0), 280)
(('QUEENS', '11/10/2007', 5, 0), 290)
(('QUEENS', '11/10/2010', 2, 0), 287)
(('QUEENS', '11/10/2011', 3, 0), 275)
(('QUEENS', '11/10/2012', 5, 0), 232)
(('QUEENS', '11/10/2013', 6, 0), 281)
(('QUEENS', '11/11/2007', 6, 0), 253)
(('QUEENS', '11/11/2010', 3, 0), 219)
(('QUEENS', '11/11/2011', 4, 0), 250)
(('QUEENS', '11/11/2012', 6, 0), 243)
(('QUEENS', '11/12/2010', 4, 0), 302)
(('QUEENS', '11/12/2011', 5, 0), 267)
(('QUEENS', '11/13/2010', 5, 0), 264)
(('QUEENS', '11/13/2011', 6, 0), 266)
(('QUEENS', '11/14/2010', 6, 0), 258)
(('STATEN ISLAND', '01/01/1900', -99, -9), 22)
(('STATEN ISLAND', '01/01/1900', 0, -1), 30718)
(('STATEN ISLAND', '01/01/1900', 1, -1), 32119)
(('STATEN ISLAND', '01/01/1900', 2, -1), 32996)
(('STATEN ISLAND', '01/01/1900', 3, -1), 32459)
(('STATEN ISLAND', '01/01/1900', 4, -1), 34281)
(('STATEN ISLAND', '01/01/1900', 5, -1), 32632)
(('STATEN ISLAND', '01/01/1900', 6, -1), 29534)
(('STATEN ISLAND', '03/02/2009', 0, 0), 45)
(('STATEN ISLAND', '03/02/2015', 0, 0), 62)
(('STATEN ISLAND', '03/03/2008', 0, 0), 65)
(('STATEN ISLAND', '03/03/2009', 1, 0), 60)
(('STATEN ISLAND', '03/03/2014', 0, 0), 51)
(('STATEN ISLAND', '03/03/2015', 1, 0), 61)
(('STATEN ISLAND', '03/04/2008', 1, 0), 67)
(('STATEN ISLAND', '03/04/2009', 2, 0), 61)
(('STATEN ISLAND', '03/04/2013', 0, 0), 60)
(('STATEN ISLAND', '03/04/2014', 1, 0), 50)
(('STATEN ISLAND', '03/04/2015', 2, 0), 65)
(('STATEN ISLAND', '03/05/2007', 0, 0), 75)
(('STATEN ISLAND', '03/05/2008', 2, 0), 66)
(('STATEN ISLAND', '03/05/2009', 3, 0), 65)
(('STATEN ISLAND', '03/05/2012', 0, 0), 66)
(('STATEN ISLAND', '03/05/2013', 1, 0), 54)
(('STATEN ISLAND', '03/05/2014', 2, 0), 57)
(('STATEN ISLAND', '03/05/2015', 3, 0), 49)
(('STATEN ISLAND', '03/06/2007', 1, 0), 65)
(('STATEN ISLAND', '03/06/2008', 3, 0), 79)
(('STATEN ISLAND', '03/06/2009', 4, 0), 73)
(('STATEN ISLAND', '03/06/2012', 1, 0), 69)
(('STATEN ISLAND', '03/06/2013', 2, 0), 55)
(('STATEN ISLAND', '03/06/2014', 3, 0), 48)
(('STATEN ISLAND', '03/06/2015', 4, 0), 61)
(('STATEN ISLAND', '03/07/2007', 2, 0), 68)
(('STATEN ISLAND', '03/07/2008', 4, 0), 73)
(('STATEN ISLAND', '03/07/2009', 5, 0), 78)
(('STATEN ISLAND', '03/07/2011', 0, 0), 68)
(('STATEN ISLAND', '03/07/2012', 2, 0), 83)
(('STATEN ISLAND', '03/07/2013', 3, 0), 61)
(('STATEN ISLAND', '03/07/2014', 4, 0), 64)
(('STATEN ISLAND', '03/07/2015', 5, 0), 74)
(('STATEN ISLAND', '03/08/2007', 3, 0), 56)
(('STATEN ISLAND', '03/08/2008', 5, 0), 65)
(('STATEN ISLAND', '03/08/2009', 6, 0), 63)
(('STATEN ISLAND', '03/08/2010', 0, 0), 72)
(('STATEN ISLAND', '03/08/2011', 1, 0), 77)
(('STATEN ISLAND', '03/08/2012', 3, 0), 71)
(('STATEN ISLAND', '03/08/2013', 4, 0), 54)
(('STATEN ISLAND', '03/08/2014', 5, 0), 58)
(('STATEN ISLAND', '03/08/2015', 6, 0), 78)
(('STATEN ISLAND', '03/09/2007', 4, 0), 73)
(('STATEN ISLAND', '03/09/2008', 6, 0), 62)
(('STATEN ISLAND', '03/09/2009', 0, 1), 64)
(('STATEN ISLAND', '03/09/2010', 1, 0), 60)
(('STATEN ISLAND', '03/09/2011', 2, 0), 52)
(('STATEN ISLAND', '03/09/2012', 4, 0), 68)
(('STATEN ISLAND', '03/09/2013', 5, 0), 67)
(('STATEN ISLAND', '03/09/2014', 6, 0), 57)
(('STATEN ISLAND', '03/09/2015', 0, 1), 114)
(('STATEN ISLAND', '03/10/2007', 5, 0), 78)
(('STATEN ISLAND', '03/10/2008', 0, 1), 76)
(('STATEN ISLAND', '03/10/2009', 1, 1), 81)
(('STATEN ISLAND', '03/10/2010', 2, 0), 67)
(('STATEN ISLAND', '03/10/2011', 3, 0), 48)
(('STATEN ISLAND', '03/10/2012', 5, 0), 63)
(('STATEN ISLAND', '03/10/2013', 6, 0), 52)
(('STATEN ISLAND', '03/10/2014', 0, 1), 61)
(('STATEN ISLAND', '03/10/2015', 1, 1), 70)
(('STATEN ISLAND', '03/11/2007', 6, 0), 65)
(('STATEN ISLAND', '03/11/2008', 1, 1), 75)
(('STATEN ISLAND', '03/11/2009', 2, 1), 77)
(('STATEN ISLAND', '03/11/2010', 3, 0), 68)
(('STATEN ISLAND', '03/11/2011', 4, 0), 75)
(('STATEN ISLAND', '03/11/2012', 6, 0), 60)
(('STATEN ISLAND', '03/11/2013', 0, 1), 62)
(('STATEN ISLAND', '03/11/2014', 1, 1), 66)
(('STATEN ISLAND', '03/11/2015', 2, 1), 49)
(('STATEN ISLAND', '03/12/2007', 0, 1), 72)
(('STATEN ISLAND', '03/12/2008', 2, 1), 56)
(('STATEN ISLAND', '03/12/2009', 3, 1), 69)
(('STATEN ISLAND', '03/12/2010', 4, 0), 71)
(('STATEN ISLAND', '03/12/2011', 5, 0), 72)
(('STATEN ISLAND', '03/12/2012', 0, 1), 55)
(('STATEN ISLAND', '03/12/2013', 1, 1), 68)
(('STATEN ISLAND', '03/12/2014', 2, 1), 71)
(('STATEN ISLAND', '03/12/2015', 3, 1), 63)
(('STATEN ISLAND', '03/13/2007', 1, 1), 73)
(('STATEN ISLAND', '03/13/2008', 3, 1), 86)
(('STATEN ISLAND', '03/13/2009', 4, 1), 67)
(('STATEN ISLAND', '03/13/2010', 5, 0), 38)
(('STATEN ISLAND', '03/13/2011', 6, 0), 48)
(('STATEN ISLAND', '03/13/2012', 1, 1), 72)
(('STATEN ISLAND', '03/13/2013', 2, 1), 66)
(('STATEN ISLAND', '03/13/2014', 3, 1), 62)
(('STATEN ISLAND', '03/13/2015', 4, 1), 58)
(('STATEN ISLAND', '03/14/2007', 2, 1), 70)
(('STATEN ISLAND', '03/14/2008', 4, 1), 105)
(('STATEN ISLAND', '03/14/2009', 5, 1), 74)
(('STATEN ISLAND', '03/14/2010', 6, 0), 40)
(('STATEN ISLAND', '03/14/2011', 0, 1), 54)
(('STATEN ISLAND', '03/14/2012', 2, 1), 74)
(('STATEN ISLAND', '03/14/2013', 3, 1), 50)
(('STATEN ISLAND', '03/14/2014', 4, 1), 65)
(('STATEN ISLAND', '03/14/2015', 5, 1), 52)
(('STATEN ISLAND', '03/15/2007', 3, 1), 70)
(('STATEN ISLAND', '03/15/2008', 5, 1), 78)
(('STATEN ISLAND', '03/15/2009', 6, 1), 59)
(('STATEN ISLAND', '03/15/2010', 0, 1), 66)
(('STATEN ISLAND', '03/15/2011', 1, 1), 76)
(('STATEN ISLAND', '03/15/2012', 3, 1), 73)
(('STATEN ISLAND', '03/15/2013', 4, 1), 65)
(('STATEN ISLAND', '03/15/2014', 5, 1), 86)
(('STATEN ISLAND', '03/15/2015', 6, 1), 65)
(('STATEN ISLAND', '03/16/2007', 4, 1), 48)
(('STATEN ISLAND', '03/16/2008', 6, 1), 77)
(('STATEN ISLAND', '03/16/2010', 1, 1), 77)
(('STATEN ISLAND', '03/16/2011', 2, 1), 68)
(('STATEN ISLAND', '03/16/2012', 4, 1), 74)
(('STATEN ISLAND', '03/16/2013', 5, 1), 44)
(('STATEN ISLAND', '03/16/2014', 6, 1), 64)
(('STATEN ISLAND', '03/17/2007', 5, 1), 36)
(('STATEN ISLAND', '03/17/2010', 2, 1), 72)
(('STATEN ISLAND', '03/17/2011', 3, 1), 71)
(('STATEN ISLAND', '03/17/2012', 5, 1), 69)
(('STATEN ISLAND', '03/17/2013', 6, 1), 74)
(('STATEN ISLAND', '03/18/2007', 6, 1), 55)
(('STATEN ISLAND', '03/18/2010', 3, 1), 66)
(('STATEN ISLAND', '03/18/2011', 4, 1), 84)
(('STATEN ISLAND', '03/18/2012', 6, 1), 79)
(('STATEN ISLAND', '03/19/2010', 4, 1), 78)
(('STATEN ISLAND', '03/19/2011', 5, 1), 68)
(('STATEN ISLAND', '03/20/2010', 5, 1), 61)
(('STATEN ISLAND', '03/20/2011', 6, 1), 61)
(('STATEN ISLAND', '03/21/2010', 6, 1), 60)
(('STATEN ISLAND', '03/27/2006', 0, 0), 77)
(('STATEN ISLAND', '03/28/2005', 0, 0), 1)
(('STATEN ISLAND', '03/28/2006', 1, 0), 76)
(('STATEN ISLAND', '03/29/2006', 2, 0), 58)
(('STATEN ISLAND', '03/30/2001', 4, 0), 1)
(('STATEN ISLAND', '03/30/2006', 3, 0), 65)
(('STATEN ISLAND', '03/31/2004', 2, 0), 1)
(('STATEN ISLAND', '03/31/2006', 4, 0), 84)
(('STATEN ISLAND', '04/01/2001', 6, 0), 3)
(('STATEN ISLAND', '04/01/2002', 0, 0), 1)
(('STATEN ISLAND', '04/01/2003', 1, 0), 1)
(('STATEN ISLAND', '04/01/2005', 4, 0), 5)
(('STATEN ISLAND', '04/01/2006', 5, 0), 96)
(('STATEN ISLAND', '04/02/2005', 5, 0), 1)
(('STATEN ISLAND', '04/02/2006', 6, 0), 86)
(('STATEN ISLAND', '04/03/2005', 6, 0), 1)
(('STATEN ISLAND', '04/03/2006', 0, 1), 68)
(('STATEN ISLAND', '04/04/1992', 5, 0), 1)
(('STATEN ISLAND', '04/04/2003', 4, 0), 1)
(('STATEN ISLAND', '04/04/2005', 0, 1), 1)
(('STATEN ISLAND', '04/04/2006', 1, 1), 69)
(('STATEN ISLAND', '04/05/2006', 2, 1), 81)
(('STATEN ISLAND', '04/06/2003', 6, 0), 1)
(('STATEN ISLAND', '04/06/2006', 3, 1), 70)
(('STATEN ISLAND', '04/07/2006', 4, 1), 66)
(('STATEN ISLAND', '04/08/2003', 1, 1), 1)
(('STATEN ISLAND', '04/08/2006', 5, 1), 70)
(('STATEN ISLAND', '04/09/2006', 6, 1), 85)
(('STATEN ISLAND', '04/10/2002', 2, 1), 1)
(('STATEN ISLAND', '04/11/2004', 6, 1), 1)
(('STATEN ISLAND', '04/22/1968', 0, 0), 1)
(('STATEN ISLAND', '10/23/2003', 3, 1), 1)
(('STATEN ISLAND', '10/23/2006', 0, 1), 65)
(('STATEN ISLAND', '10/24/2005', 0, 1), 2)
(('STATEN ISLAND', '10/24/2006', 1, 1), 70)
(('STATEN ISLAND', '10/25/2003', 5, 1), 1)
(('STATEN ISLAND', '10/25/2004', 0, 1), 1)
(('STATEN ISLAND', '10/25/2005', 1, 1), 2)
(('STATEN ISLAND', '10/25/2006', 2, 1), 78)
(('STATEN ISLAND', '10/26/2005', 2, 1), 2)
(('STATEN ISLAND', '10/26/2006', 3, 1), 81)
(('STATEN ISLAND', '10/26/2009', 0, 1), 60)
(('STATEN ISLAND', '10/26/2015', 0, 1), 67)
(('STATEN ISLAND', '10/27/1980', 0, 0), 1)
(('STATEN ISLAND', '10/27/2000', 4, 1), 1)
(('STATEN ISLAND', '10/27/2006', 4, 1), 82)
(('STATEN ISLAND', '10/27/2008', 0, 1), 79)
(('STATEN ISLAND', '10/27/2009', 1, 1), 65)
(('STATEN ISLAND', '10/27/2014', 0, 1), 60)
(('STATEN ISLAND', '10/27/2015', 1, 1), 56)
(('STATEN ISLAND', '10/28/1999', 3, 1), 1)
(('STATEN ISLAND', '10/28/2005', 4, 1), 4)
(('STATEN ISLAND', '10/28/2006', 5, 1), 76)
(('STATEN ISLAND', '10/28/2008', 1, 1), 57)
(('STATEN ISLAND', '10/28/2009', 2, 1), 79)
(('STATEN ISLAND', '10/28/2013', 0, 1), 72)
(('STATEN ISLAND', '10/28/2014', 1, 1), 75)
(('STATEN ISLAND', '10/28/2015', 2, 1), 49)
(('STATEN ISLAND', '10/29/2005', 5, 1), 1)
(('STATEN ISLAND', '10/29/2006', 6, 1), 64)
(('STATEN ISLAND', '10/29/2007', 0, 1), 57)
(('STATEN ISLAND', '10/29/2008', 2, 1), 73)
(('STATEN ISLAND', '10/29/2009', 3, 1), 74)
(('STATEN ISLAND', '10/29/2012', 0, 1), 75)
(('STATEN ISLAND', '10/29/2013', 1, 1), 52)
(('STATEN ISLAND', '10/29/2014', 2, 1), 60)
(('STATEN ISLAND', '10/29/2015', 3, 1), 68)
(('STATEN ISLAND', '10/30/2002', 2, 0), 1)
(('STATEN ISLAND', '10/30/2005', 6, 1), 1)
(('STATEN ISLAND', '10/30/2006', 0, 0), 67)
(('STATEN ISLAND', '10/30/2007', 1, 1), 96)
(('STATEN ISLAND', '10/30/2008', 3, 1), 76)
(('STATEN ISLAND', '10/30/2009', 4, 1), 86)
(('STATEN ISLAND', '10/30/2012', 1, 1), 75)
(('STATEN ISLAND', '10/30/2013', 2, 1), 70)
(('STATEN ISLAND', '10/30/2014', 3, 1), 52)
(('STATEN ISLAND', '10/30/2015', 4, 1), 76)
(('STATEN ISLAND', '10/31/1967', 1, 0), 1)
(('STATEN ISLAND', '10/31/2003', 4, 0), 1)
(('STATEN ISLAND', '10/31/2005', 0, 0), 3)
(('STATEN ISLAND', '10/31/2006', 1, 0), 102)
(('STATEN ISLAND', '10/31/2007', 2, 1), 98)
(('STATEN ISLAND', '10/31/2008', 4, 1), 81)
(('STATEN ISLAND', '10/31/2009', 5, 1), 66)
(('STATEN ISLAND', '10/31/2011', 0, 1), 70)
(('STATEN ISLAND', '10/31/2012', 2, 1), 52)
(('STATEN ISLAND', '10/31/2013', 3, 1), 84)
(('STATEN ISLAND', '10/31/2014', 4, 1), 84)
(('STATEN ISLAND', '10/31/2015', 5, 1), 83)
(('STATEN ISLAND', '11/01/1996', 4, 0), 1)
(('STATEN ISLAND', '11/01/2004', 0, 0), 3)
(('STATEN ISLAND', '11/01/2005', 1, 0), 15)
(('STATEN ISLAND', '11/01/2006', 2, 0), 114)
(('STATEN ISLAND', '11/01/2007', 3, 1), 105)
(('STATEN ISLAND', '11/01/2008', 5, 1), 95)
(('STATEN ISLAND', '11/01/2009', 6, 1), 96)
(('STATEN ISLAND', '11/01/2010', 0, 1), 80)
(('STATEN ISLAND', '11/01/2011', 1, 1), 95)
(('STATEN ISLAND', '11/01/2012', 3, 1), 72)
(('STATEN ISLAND', '11/01/2013', 4, 1), 99)
(('STATEN ISLAND', '11/01/2014', 5, 1), 81)
(('STATEN ISLAND', '11/01/2015', 6, 1), 55)
(('STATEN ISLAND', '11/02/2002', 5, 0), 2)
(('STATEN ISLAND', '11/02/2003', 6, 0), 1)
(('STATEN ISLAND', '11/02/2006', 3, 0), 74)
(('STATEN ISLAND', '11/02/2007', 4, 1), 69)
(('STATEN ISLAND', '11/02/2008', 6, 1), 63)
(('STATEN ISLAND', '11/02/2009', 0, 0), 72)
(('STATEN ISLAND', '11/02/2010', 1, 1), 53)
(('STATEN ISLAND', '11/02/2011', 2, 1), 82)
(('STATEN ISLAND', '11/02/2012', 4, 1), 56)
(('STATEN ISLAND', '11/02/2013', 5, 1), 69)
(('STATEN ISLAND', '11/02/2014', 6, 1), 61)
(('STATEN ISLAND', '11/02/2015', 0, 0), 49)
(('STATEN ISLAND', '11/03/1999', 2, 0), 1)
(('STATEN ISLAND', '11/03/2005', 3, 0), 1)
(('STATEN ISLAND', '11/03/2006', 4, 0), 97)
(('STATEN ISLAND', '11/03/2007', 5, 1), 76)
(('STATEN ISLAND', '11/03/2008', 0, 0), 80)
(('STATEN ISLAND', '11/03/2009', 1, 0), 80)
(('STATEN ISLAND', '11/03/2010', 2, 1), 83)
(('STATEN ISLAND', '11/03/2011', 3, 1), 59)
(('STATEN ISLAND', '11/03/2012', 5, 1), 42)
(('STATEN ISLAND', '11/03/2013', 6, 1), 56)
(('STATEN ISLAND', '11/03/2014', 0, 0), 58)
(('STATEN ISLAND', '11/03/2015', 1, 0), 37)
(('STATEN ISLAND', '11/04/2004', 3, 0), 1)
(('STATEN ISLAND', '11/04/2006', 5, 0), 87)
(('STATEN ISLAND', '11/04/2007', 6, 1), 64)
(('STATEN ISLAND', '11/04/2008', 1, 0), 69)
(('STATEN ISLAND', '11/04/2009', 2, 0), 92)
(('STATEN ISLAND', '11/04/2010', 3, 1), 67)
(('STATEN ISLAND', '11/04/2011', 4, 1), 79)
(('STATEN ISLAND', '11/04/2012', 6, 1), 52)
(('STATEN ISLAND', '11/04/2013', 0, 0), 68)
(('STATEN ISLAND', '11/04/2014', 1, 0), 60)
(('STATEN ISLAND', '11/04/2015', 2, 0), 58)
(('STATEN ISLAND', '11/05/2005', 5, 0), 3)
(('STATEN ISLAND', '11/05/2006', 6, 0), 58)
(('STATEN ISLAND', '11/05/2007', 0, 0), 82)
(('STATEN ISLAND', '11/05/2008', 2, 0), 58)
(('STATEN ISLAND', '11/05/2009', 3, 0), 63)
(('STATEN ISLAND', '11/05/2010', 4, 1), 82)
(('STATEN ISLAND', '11/05/2011', 5, 1), 73)
(('STATEN ISLAND', '11/05/2012', 0, 0), 47)
(('STATEN ISLAND', '11/05/2013', 1, 0), 58)
(('STATEN ISLAND', '11/05/2014', 2, 0), 64)
(('STATEN ISLAND', '11/05/2015', 3, 0), 45)
(('STATEN ISLAND', '11/06/2007', 1, 0), 69)
(('STATEN ISLAND', '11/06/2008', 3, 0), 64)
(('STATEN ISLAND', '11/06/2009', 4, 0), 57)
(('STATEN ISLAND', '11/06/2010', 5, 1), 58)
(('STATEN ISLAND', '11/06/2011', 6, 1), 40)
(('STATEN ISLAND', '11/06/2012', 1, 0), 44)
(('STATEN ISLAND', '11/06/2013', 2, 0), 61)
(('STATEN ISLAND', '11/06/2014', 3, 0), 54)
(('STATEN ISLAND', '11/06/2015', 4, 0), 63)
(('STATEN ISLAND', '11/07/2007', 2, 0), 65)
(('STATEN ISLAND', '11/07/2008', 4, 0), 84)
(('STATEN ISLAND', '11/07/2009', 5, 0), 76)
(('STATEN ISLAND', '11/07/2010', 6, 1), 63)
(('STATEN ISLAND', '11/07/2011', 0, 0), 64)
(('STATEN ISLAND', '11/07/2012', 2, 0), 43)
(('STATEN ISLAND', '11/07/2013', 3, 0), 60)
(('STATEN ISLAND', '11/07/2014', 4, 0), 59)
(('STATEN ISLAND', '11/07/2015', 5, 0), 82)
(('STATEN ISLAND', '11/08/2007', 3, 0), 74)
(('STATEN ISLAND', '11/08/2008', 5, 0), 68)
(('STATEN ISLAND', '11/08/2009', 6, 0), 62)
(('STATEN ISLAND', '11/08/2010', 0, 0), 71)
(('STATEN ISLAND', '11/08/2011', 1, 0), 50)
(('STATEN ISLAND', '11/08/2012', 3, 0), 59)
(('STATEN ISLAND', '11/08/2013', 4, 0), 66)
(('STATEN ISLAND', '11/08/2014', 5, 0), 73)
(('STATEN ISLAND', '11/08/2015', 6, 0), 48)
(('STATEN ISLAND', '11/09/2007', 4, 0), 73)
(('STATEN ISLAND', '11/09/2008', 6, 0), 73)
(('STATEN ISLAND', '11/09/2010', 1, 0), 65)
(('STATEN ISLAND', '11/09/2011', 2, 0), 62)
(('STATEN ISLAND', '11/09/2012', 4, 0), 50)
(('STATEN ISLAND', '11/09/2013', 5, 0), 75)
(('STATEN ISLAND', '11/09/2014', 6, 0), 51)
(('STATEN ISLAND', '11/10/2007', 5, 0), 79)
(('STATEN ISLAND', '11/10/2010', 2, 0), 56)
(('STATEN ISLAND', '11/10/2011', 3, 0), 83)
(('STATEN ISLAND', '11/10/2012', 5, 0), 64)
(('STATEN ISLAND', '11/10/2013', 6, 0), 65)
(('STATEN ISLAND', '11/11/2007', 6, 0), 59)
(('STATEN ISLAND', '11/11/2010', 3, 0), 63)
(('STATEN ISLAND', '11/11/2011', 4, 0), 69)
(('STATEN ISLAND', '11/11/2012', 6, 0), 53)
(('STATEN ISLAND', '11/12/2010', 4, 0), 84)
(('STATEN ISLAND', '11/12/2011', 5, 0), 70)
(('STATEN ISLAND', '11/13/2010', 5, 0), 80)
(('STATEN ISLAND', '11/13/2011', 6, 0), 69)
(('STATEN ISLAND', '11/14/2010', 6, 0), 60)
