(('FELONY', datetime.datetime(1000, 1, 1, 0, 0), -99), 220)
(('FELONY', datetime.datetime(1000, 1, 1, 0, 0), -9), 1552013)
(('FELONY', datetime.datetime(2006, 8, 27, 0, 0), 1), 435)
(('FELONY', datetime.datetime(2006, 9, 3, 0, 0), 0), 407)
(('FELONY', datetime.datetime(2006, 11, 5, 0, 0), 1), 415)
(('FELONY', datetime.datetime(2006, 11, 12, 0, 0), 0), 416)
(('FELONY', datetime.datetime(2007, 8, 5, 0, 0), 1), 430)
(('FELONY', datetime.datetime(2007, 8, 12, 0, 0), 0), 435)
(('FELONY', datetime.datetime(2007, 10, 28, 0, 0), 0), 418)
(('FELONY', datetime.datetime(2007, 11, 4, 0, 0), 1), 388)
(('FELONY', datetime.datetime(2008, 7, 27, 0, 0), 1), 407)
(('FELONY', datetime.datetime(2008, 8, 3, 0, 0), 0), 438)
(('FELONY', datetime.datetime(2008, 11, 2, 0, 0), 1), 368)
(('FELONY', datetime.datetime(2008, 11, 9, 0, 0), 0), 400)
(('FELONY', datetime.datetime(2009, 8, 26, 0, 0), 1), 428)
(('FELONY', datetime.datetime(2009, 9, 2, 0, 0), 0), 439)
(('FELONY', datetime.datetime(2009, 11, 1, 0, 0), 1), 467)
(('FELONY', datetime.datetime(2009, 11, 8, 0, 0), 0), 387)
(('FELONY', datetime.datetime(2010, 3, 21, 0, 0), 1), 328)
(('FELONY', datetime.datetime(2010, 3, 28, 0, 0), 0), 349)
(('FELONY', datetime.datetime(2010, 11, 7, 0, 0), 1), 377)
(('FELONY', datetime.datetime(2010, 11, 14, 0, 0), 0), 383)
(('FELONY', datetime.datetime(2011, 3, 20, 0, 0), 1), 327)
(('FELONY', datetime.datetime(2011, 3, 27, 0, 0), 0), 312)
(('FELONY', datetime.datetime(2011, 11, 6, 0, 0), 1), 317)
(('FELONY', datetime.datetime(2011, 11, 13, 0, 0), 0), 376)
(('FELONY', datetime.datetime(2012, 3, 18, 0, 0), 1), 356)
(('FELONY', datetime.datetime(2012, 3, 25, 0, 0), 0), 332)
(('FELONY', datetime.datetime(2012, 11, 2, 0, 0), 1), 368)
(('FELONY', datetime.datetime(2012, 11, 9, 0, 0), 0), 445)
(('FELONY', datetime.datetime(2013, 3, 17, 0, 0), 1), 333)
(('FELONY', datetime.datetime(2013, 3, 24, 0, 0), 0), 340)
(('FELONY', datetime.datetime(2013, 11, 3, 0, 0), 1), 336)
(('FELONY', datetime.datetime(2013, 11, 10, 0, 0), 0), 404)
(('FELONY', datetime.datetime(2014, 3, 16, 0, 0), 1), 323)
(('FELONY', datetime.datetime(2014, 3, 23, 0, 0), 0), 340)
(('FELONY', datetime.datetime(2014, 11, 2, 0, 0), 1), 347)
(('FELONY', datetime.datetime(2014, 11, 9, 0, 0), 0), 363)
(('FELONY', datetime.datetime(2015, 3, 15, 0, 0), 1), 344)
(('FELONY', datetime.datetime(2015, 3, 22, 0, 0), 0), 305)
(('FELONY', datetime.datetime(2015, 11, 1, 0, 0), 1), 442)
(('FELONY', datetime.datetime(2015, 11, 8, 0, 0), 0), 365)
(('MISDEMEANOR', datetime.datetime(1000, 1, 1, 0, 0), -99), 344)
(('MISDEMEANOR', datetime.datetime(1000, 1, 1, 0, 0), -9), 2888800)
(('MISDEMEANOR', datetime.datetime(2006, 8, 27, 0, 0), 1), 625)
(('MISDEMEANOR', datetime.datetime(2006, 9, 3, 0, 0), 0), 752)
(('MISDEMEANOR', datetime.datetime(2006, 11, 5, 0, 0), 1), 632)
(('MISDEMEANOR', datetime.datetime(2006, 11, 12, 0, 0), 0), 696)
(('MISDEMEANOR', datetime.datetime(2007, 8, 5, 0, 0), 1), 804)
(('MISDEMEANOR', datetime.datetime(2007, 8, 12, 0, 0), 0), 853)
(('MISDEMEANOR', datetime.datetime(2007, 10, 28, 0, 0), 0), 731)
(('MISDEMEANOR', datetime.datetime(2007, 11, 4, 0, 0), 1), 768)
(('MISDEMEANOR', datetime.datetime(2008, 7, 27, 0, 0), 1), 789)
(('MISDEMEANOR', datetime.datetime(2008, 8, 3, 0, 0), 0), 824)
(('MISDEMEANOR', datetime.datetime(2008, 11, 2, 0, 0), 1), 693)
(('MISDEMEANOR', datetime.datetime(2008, 11, 9, 0, 0), 0), 722)
(('MISDEMEANOR', datetime.datetime(2009, 8, 26, 0, 0), 1), 960)
(('MISDEMEANOR', datetime.datetime(2009, 9, 2, 0, 0), 0), 892)
(('MISDEMEANOR', datetime.datetime(2009, 11, 1, 0, 0), 1), 945)
(('MISDEMEANOR', datetime.datetime(2009, 11, 8, 0, 0), 0), 708)
(('MISDEMEANOR', datetime.datetime(2010, 3, 21, 0, 0), 1), 799)
(('MISDEMEANOR', datetime.datetime(2010, 3, 28, 0, 0), 0), 677)
(('MISDEMEANOR', datetime.datetime(2010, 11, 7, 0, 0), 1), 710)
(('MISDEMEANOR', datetime.datetime(2010, 11, 14, 0, 0), 0), 691)
(('MISDEMEANOR', datetime.datetime(2011, 3, 20, 0, 0), 1), 762)
(('MISDEMEANOR', datetime.datetime(2011, 3, 27, 0, 0), 0), 683)
(('MISDEMEANOR', datetime.datetime(2011, 11, 6, 0, 0), 1), 698)
(('MISDEMEANOR', datetime.datetime(2011, 11, 13, 0, 0), 0), 702)
(('MISDEMEANOR', datetime.datetime(2012, 3, 18, 0, 0), 1), 808)
(('MISDEMEANOR', datetime.datetime(2012, 3, 25, 0, 0), 0), 735)
(('MISDEMEANOR', datetime.datetime(2012, 11, 2, 0, 0), 1), 538)
(('MISDEMEANOR', datetime.datetime(2012, 11, 9, 0, 0), 0), 719)
(('MISDEMEANOR', datetime.datetime(2013, 3, 17, 0, 0), 1), 702)
(('MISDEMEANOR', datetime.datetime(2013, 3, 24, 0, 0), 0), 684)
(('MISDEMEANOR', datetime.datetime(2013, 11, 3, 0, 0), 1), 702)
(('MISDEMEANOR', datetime.datetime(2013, 11, 10, 0, 0), 0), 769)
(('MISDEMEANOR', datetime.datetime(2014, 3, 16, 0, 0), 1), 755)
(('MISDEMEANOR', datetime.datetime(2014, 3, 23, 0, 0), 0), 645)
(('MISDEMEANOR', datetime.datetime(2014, 11, 2, 0, 0), 1), 646)
(('MISDEMEANOR', datetime.datetime(2014, 11, 9, 0, 0), 0), 693)
(('MISDEMEANOR', datetime.datetime(2015, 3, 15, 0, 0), 1), 776)
(('MISDEMEANOR', datetime.datetime(2015, 3, 22, 0, 0), 0), 705)
(('MISDEMEANOR', datetime.datetime(2015, 11, 1, 0, 0), 1), 827)
(('MISDEMEANOR', datetime.datetime(2015, 11, 8, 0, 0), 0), 610)
(('VIOLATION', datetime.datetime(1000, 1, 1, 0, 0), -99), 91)
(('VIOLATION', datetime.datetime(1000, 1, 1, 0, 0), -9), 608851)
(('VIOLATION', datetime.datetime(2006, 8, 27, 0, 0), 1), 144)
(('VIOLATION', datetime.datetime(2006, 9, 3, 0, 0), 0), 163)
(('VIOLATION', datetime.datetime(2006, 11, 5, 0, 0), 1), 169)
(('VIOLATION', datetime.datetime(2006, 11, 12, 0, 0), 0), 166)
(('VIOLATION', datetime.datetime(2007, 8, 5, 0, 0), 1), 180)
(('VIOLATION', datetime.datetime(2007, 8, 12, 0, 0), 0), 175)
(('VIOLATION', datetime.datetime(2007, 10, 28, 0, 0), 0), 143)
(('VIOLATION', datetime.datetime(2007, 11, 4, 0, 0), 1), 170)
(('VIOLATION', datetime.datetime(2008, 7, 27, 0, 0), 1), 158)
(('VIOLATION', datetime.datetime(2008, 8, 3, 0, 0), 0), 192)
(('VIOLATION', datetime.datetime(2008, 11, 2, 0, 0), 1), 155)
(('VIOLATION', datetime.datetime(2008, 11, 9, 0, 0), 0), 159)
(('VIOLATION', datetime.datetime(2009, 8, 26, 0, 0), 1), 174)
(('VIOLATION', datetime.datetime(2009, 9, 2, 0, 0), 0), 161)
(('VIOLATION', datetime.datetime(2009, 11, 1, 0, 0), 1), 232)
(('VIOLATION', datetime.datetime(2009, 11, 8, 0, 0), 0), 178)
(('VIOLATION', datetime.datetime(2010, 3, 21, 0, 0), 1), 174)
(('VIOLATION', datetime.datetime(2010, 3, 28, 0, 0), 0), 130)
(('VIOLATION', datetime.datetime(2010, 11, 7, 0, 0), 1), 154)
(('VIOLATION', datetime.datetime(2010, 11, 14, 0, 0), 0), 142)
(('VIOLATION', datetime.datetime(2011, 3, 20, 0, 0), 1), 146)
(('VIOLATION', datetime.datetime(2011, 3, 27, 0, 0), 0), 132)
(('VIOLATION', datetime.datetime(2011, 11, 6, 0, 0), 1), 139)
(('VIOLATION', datetime.datetime(2011, 11, 13, 0, 0), 0), 134)
(('VIOLATION', datetime.datetime(2012, 3, 18, 0, 0), 1), 156)
(('VIOLATION', datetime.datetime(2012, 3, 25, 0, 0), 0), 181)
(('VIOLATION', datetime.datetime(2012, 11, 2, 0, 0), 1), 109)
(('VIOLATION', datetime.datetime(2012, 11, 9, 0, 0), 0), 130)
(('VIOLATION', datetime.datetime(2013, 3, 17, 0, 0), 1), 137)
(('VIOLATION', datetime.datetime(2013, 3, 24, 0, 0), 0), 150)
(('VIOLATION', datetime.datetime(2013, 11, 3, 0, 0), 1), 172)
(('VIOLATION', datetime.datetime(2013, 11, 10, 0, 0), 0), 136)
(('VIOLATION', datetime.datetime(2014, 3, 16, 0, 0), 1), 138)
(('VIOLATION', datetime.datetime(2014, 3, 23, 0, 0), 0), 149)
(('VIOLATION', datetime.datetime(2014, 11, 2, 0, 0), 1), 165)
(('VIOLATION', datetime.datetime(2014, 11, 9, 0, 0), 0), 174)
(('VIOLATION', datetime.datetime(2015, 3, 15, 0, 0), 1), 166)
(('VIOLATION', datetime.datetime(2015, 3, 22, 0, 0), 0), 117)
(('VIOLATION', datetime.datetime(2015, 11, 1, 0, 0), 1), 194)
(('VIOLATION', datetime.datetime(2015, 11, 8, 0, 0), 0), 148)
